running develop
Removing /home/gabriel/MSD/packages/install/ms_3/lib/python3.10/site-packages/ms-3.egg-link (link to .)
running egg_info
writing ../../build/ms_3/ms_3.egg-info/PKG-INFO
writing dependency_links to ../../build/ms_3/ms_3.egg-info/dependency_links.txt
writing entry points to ../../build/ms_3/ms_3.egg-info/entry_points.txt
writing requirements to ../../build/ms_3/ms_3.egg-info/requires.txt
writing top-level names to ../../build/ms_3/ms_3.egg-info/top_level.txt
reading manifest file '../../build/ms_3/ms_3.egg-info/SOURCES.txt'
writing manifest file '../../build/ms_3/ms_3.egg-info/SOURCES.txt'
running build
running build_py
copying ms_3/publisher_template.py -> /home/gabriel/MSD/packages/build/ms_3/build/lib/ms_3
copying ms_3/service_server_template.py -> /home/gabriel/MSD/packages/build/ms_3/build/lib/ms_3
copying ms_3/subscriber_template.py -> /home/gabriel/MSD/packages/build/ms_3/build/lib/ms_3
copying ms_3/leader.py -> /home/gabriel/MSD/packages/build/ms_3/build/lib/ms_3
copying ms_3/follower.py -> /home/gabriel/MSD/packages/build/ms_3/build/lib/ms_3
running install
running install_lib
creating /home/gabriel/MSD/packages/install/ms_3/lib/python3.10/site-packages/ms_3
copying /home/gabriel/MSD/packages/build/ms_3/build/lib/ms_3/publisher_template.py -> /home/gabriel/MSD/packages/install/ms_3/lib/python3.10/site-packages/ms_3
copying /home/gabriel/MSD/packages/build/ms_3/build/lib/ms_3/service_server_template.py -> /home/gabriel/MSD/packages/install/ms_3/lib/python3.10/site-packages/ms_3
copying /home/gabriel/MSD/packages/build/ms_3/build/lib/ms_3/__init__.py -> /home/gabriel/MSD/packages/install/ms_3/lib/python3.10/site-packages/ms_3
copying /home/gabriel/MSD/packages/build/ms_3/build/lib/ms_3/subscriber_template.py -> /home/gabriel/MSD/packages/install/ms_3/lib/python3.10/site-packages/ms_3
copying /home/gabriel/MSD/packages/build/ms_3/build/lib/ms_3/leader.py -> /home/gabriel/MSD/packages/install/ms_3/lib/python3.10/site-packages/ms_3
copying /home/gabriel/MSD/packages/build/ms_3/build/lib/ms_3/follower.py -> /home/gabriel/MSD/packages/install/ms_3/lib/python3.10/site-packages/ms_3
copying /home/gabriel/MSD/packages/build/ms_3/build/lib/ms_3/milestone_3.py -> /home/gabriel/MSD/packages/install/ms_3/lib/python3.10/site-packages/ms_3
byte-compiling /home/gabriel/MSD/packages/install/ms_3/lib/python3.10/site-packages/ms_3/publisher_template.py to publisher_template.cpython-310.pyc
byte-compiling /home/gabriel/MSD/packages/install/ms_3/lib/python3.10/site-packages/ms_3/service_server_template.py to service_server_template.cpython-310.pyc
byte-compiling /home/gabriel/MSD/packages/install/ms_3/lib/python3.10/site-packages/ms_3/__init__.py to __init__.cpython-310.pyc
byte-compiling /home/gabriel/MSD/packages/install/ms_3/lib/python3.10/site-packages/ms_3/subscriber_template.py to subscriber_template.cpython-310.pyc
byte-compiling /home/gabriel/MSD/packages/install/ms_3/lib/python3.10/site-packages/ms_3/leader.py to leader.cpython-310.pyc
byte-compiling /home/gabriel/MSD/packages/install/ms_3/lib/python3.10/site-packages/ms_3/follower.py to follower.cpython-310.pyc
byte-compiling /home/gabriel/MSD/packages/install/ms_3/lib/python3.10/site-packages/ms_3/milestone_3.py to milestone_3.cpython-310.pyc
running install_data
running install_egg_info
Copying ../../build/ms_3/ms_3.egg-info to /home/gabriel/MSD/packages/install/ms_3/lib/python3.10/site-packages/ms_3-0.0.1-py3.10.egg-info
running install_scripts
Installing follower script to /home/gabriel/MSD/packages/install/ms_3/lib/ms_3
Installing leader script to /home/gabriel/MSD/packages/install/ms_3/lib/ms_3
Installing milestone_3 script to /home/gabriel/MSD/packages/install/ms_3/lib/ms_3
writing list of installed files to '/home/gabriel/MSD/packages/build/ms_3/install.log'
