[1.902s] Invoking command in '/home/gabriel/MSD/packages/src/MS_3': PYTHONPATH=/home/gabriel/MSD/packages/build/MS_3/prefix_override:/home/gabriel/MSD/packages/install/MS_3/lib/python3.10/site-packages:${PYTHONPATH} WSLENV=ELECTRON_RUN_AS_NODE/w:JAVA_HOME/p /usr/bin/python3 setup.py egg_info --egg-base ../../build/MS_3 build --build-base /home/gabriel/MSD/packages/build/MS_3/build install --record /home/gabriel/MSD/packages/build/MS_3/install.log --single-version-externally-managed
[2.147s] running egg_info
[2.164s] writing ../../build/MS_3/MS_3.egg-info/PKG-INFO
[2.165s] writing dependency_links to ../../build/MS_3/MS_3.egg-info/dependency_links.txt
[2.165s] writing entry points to ../../build/MS_3/MS_3.egg-info/entry_points.txt
[2.165s] writing requirements to ../../build/MS_3/MS_3.egg-info/requires.txt
[2.165s] writing top-level names to ../../build/MS_3/MS_3.egg-info/top_level.txt
[2.199s] reading manifest file '../../build/MS_3/MS_3.egg-info/SOURCES.txt'
[2.201s] writing manifest file '../../build/MS_3/MS_3.egg-info/SOURCES.txt'
[2.201s] running build
[2.201s] running build_py
[2.201s] running install
[2.201s] /home/gabriel/.local/lib/python3.10/site-packages/setuptools/_distutils/cmd.py:66: SetuptoolsDeprecationWarning: setup.py install is deprecated.
[2.202s] !!
[2.202s] 
[2.202s]         ********************************************************************************
[2.202s]         Please avoid running ``setup.py`` directly.
[2.202s]         Instead, use pypa/build, pypa/installer or other
[2.202s]         standards-based tools.
[2.202s] 
[2.202s]         See https://blog.ganssle.io/articles/2021/10/setup-py-deprecated.html for details.
[2.202s]         ********************************************************************************
[2.202s] 
[2.202s] !!
[2.202s]   self.initialize_options()
[2.207s] running install_lib
[2.236s] running install_data
[2.255s] running install_egg_info
[2.276s] removing '/home/gabriel/MSD/packages/install/MS_3/lib/python3.10/site-packages/MS_3-0.0.1-py3.10.egg-info' (and everything under it)
[2.277s] Copying ../../build/MS_3/MS_3.egg-info to /home/gabriel/MSD/packages/install/MS_3/lib/python3.10/site-packages/MS_3-0.0.1-py3.10.egg-info
[2.279s] running install_scripts
[2.455s] Installing my_executable script to /home/gabriel/MSD/packages/install/MS_3/lib/MS_3
[2.455s] writing list of installed files to '/home/gabriel/MSD/packages/build/MS_3/install.log'
[2.487s] Invoked command in '/home/gabriel/MSD/packages/src/MS_3' returned '0': PYTHONPATH=/home/gabriel/MSD/packages/build/MS_3/prefix_override:/home/gabriel/MSD/packages/install/MS_3/lib/python3.10/site-packages:${PYTHONPATH} WSLENV=ELECTRON_RUN_AS_NODE/w:JAVA_HOME/p /usr/bin/python3 setup.py egg_info --egg-base ../../build/MS_3 build --build-base /home/gabriel/MSD/packages/build/MS_3/build install --record /home/gabriel/MSD/packages/build/MS_3/install.log --single-version-externally-managed
