[1.469s] DEBUG:colcon:Command line arguments: ['/usr/bin/colcon', 'build']
[1.469s] DEBUG:colcon:Parsed command line arguments: Namespace(log_base=None, log_level=None, verb_name='build', build_base='build', install_base='install', merge_install=False, symlink_install=False, test_result_base=None, continue_on_error=False, executor='parallel', parallel_workers=6, event_handlers=None, ignore_user_meta=False, metas=['./colcon.meta'], base_paths=['.'], packages_ignore=None, packages_ignore_regex=None, paths=None, packages_up_to=None, packages_up_to_regex=None, packages_above=None, packages_above_and_dependencies=None, packages_above_depth=None, packages_select_by_dep=None, packages_skip_by_dep=None, packages_skip_up_to=None, packages_select_build_failed=False, packages_skip_build_finished=False, packages_select_test_failures=False, packages_skip_test_passed=False, packages_select=None, packages_skip=None, packages_select_regex=None, packages_skip_regex=None, packages_start=None, packages_end=None, allow_overriding=[], cmake_args=None, cmake_target=None, cmake_target_skip_unavailable=False, cmake_clean_cache=False, cmake_clean_first=False, cmake_force_configure=False, ament_cmake_args=None, catkin_cmake_args=None, catkin_skip_building_tests=False, verb_parser=<colcon_defaults.argument_parser.defaults.DefaultArgumentsDecorator object at 0x7fc1b8f98550>, verb_extension=<colcon_core.verb.build.BuildVerb object at 0x7fc1b8f98100>, main=<bound method BuildVerb.main of <colcon_core.verb.build.BuildVerb object at 0x7fc1b8f98100>>)
[1.546s] Level 1:colcon.colcon_core.package_discovery:discover_packages(colcon_meta) check parameters
[1.546s] Level 1:colcon.colcon_core.package_discovery:discover_packages(recursive) check parameters
[1.546s] Level 1:colcon.colcon_core.package_discovery:discover_packages(ignore) check parameters
[1.546s] Level 1:colcon.colcon_core.package_discovery:discover_packages(path) check parameters
[1.546s] Level 1:colcon.colcon_core.package_discovery:discover_packages(colcon_meta) discover
[1.546s] Level 1:colcon.colcon_core.package_discovery:discover_packages(recursive) discover
[1.546s] INFO:colcon.colcon_core.package_discovery:Crawling recursively for packages in '/home/gabriel/MSD/packages'
[1.546s] Level 1:colcon.colcon_core.package_identification:_identify(.) by extensions ['ignore', 'ignore_ament_install']
[1.546s] Level 1:colcon.colcon_core.package_identification:_identify(.) by extension 'ignore'
[1.546s] Level 1:colcon.colcon_core.package_identification:_identify(.) by extension 'ignore_ament_install'
[1.546s] Level 1:colcon.colcon_core.package_identification:_identify(.) by extensions ['colcon_pkg']
[1.547s] Level 1:colcon.colcon_core.package_identification:_identify(.) by extension 'colcon_pkg'
[1.547s] Level 1:colcon.colcon_core.package_identification:_identify(.) by extensions ['colcon_meta']
[1.547s] Level 1:colcon.colcon_core.package_identification:_identify(.) by extension 'colcon_meta'
[1.547s] Level 1:colcon.colcon_core.package_identification:_identify(.) by extensions ['ros']
[1.547s] Level 1:colcon.colcon_core.package_identification:_identify(.) by extension 'ros'
[1.565s] Level 1:colcon.colcon_core.package_identification:_identify(.) by extensions ['cmake', 'python']
[1.565s] Level 1:colcon.colcon_core.package_identification:_identify(.) by extension 'cmake'
[1.565s] Level 1:colcon.colcon_core.package_identification:_identify(.) by extension 'python'
[1.565s] Level 1:colcon.colcon_core.package_identification:_identify(.) by extensions ['python_setup_py']
[1.565s] Level 1:colcon.colcon_core.package_identification:_identify(.) by extension 'python_setup_py'
[1.565s] Level 1:colcon.colcon_core.package_identification:_identify(build) by extensions ['ignore', 'ignore_ament_install']
[1.565s] Level 1:colcon.colcon_core.package_identification:_identify(build) by extension 'ignore'
[1.566s] Level 1:colcon.colcon_core.package_identification:_identify(build) ignored
[1.566s] Level 1:colcon.colcon_core.package_identification:_identify(install) by extensions ['ignore', 'ignore_ament_install']
[1.566s] Level 1:colcon.colcon_core.package_identification:_identify(install) by extension 'ignore'
[1.566s] Level 1:colcon.colcon_core.package_identification:_identify(install) ignored
[1.566s] Level 1:colcon.colcon_core.package_identification:_identify(log) by extensions ['ignore', 'ignore_ament_install']
[1.566s] Level 1:colcon.colcon_core.package_identification:_identify(log) by extension 'ignore'
[1.566s] Level 1:colcon.colcon_core.package_identification:_identify(log) ignored
[1.567s] Level 1:colcon.colcon_core.package_identification:_identify(src) by extensions ['ignore', 'ignore_ament_install']
[1.567s] Level 1:colcon.colcon_core.package_identification:_identify(src) by extension 'ignore'
[1.567s] Level 1:colcon.colcon_core.package_identification:_identify(src) by extension 'ignore_ament_install'
[1.567s] Level 1:colcon.colcon_core.package_identification:_identify(src) by extensions ['colcon_pkg']
[1.567s] Level 1:colcon.colcon_core.package_identification:_identify(src) by extension 'colcon_pkg'
[1.567s] Level 1:colcon.colcon_core.package_identification:_identify(src) by extensions ['colcon_meta']
[1.567s] Level 1:colcon.colcon_core.package_identification:_identify(src) by extension 'colcon_meta'
[1.567s] Level 1:colcon.colcon_core.package_identification:_identify(src) by extensions ['ros']
[1.567s] Level 1:colcon.colcon_core.package_identification:_identify(src) by extension 'ros'
[1.567s] Level 1:colcon.colcon_core.package_identification:_identify(src) by extensions ['cmake', 'python']
[1.567s] Level 1:colcon.colcon_core.package_identification:_identify(src) by extension 'cmake'
[1.567s] Level 1:colcon.colcon_core.package_identification:_identify(src) by extension 'python'
[1.567s] Level 1:colcon.colcon_core.package_identification:_identify(src) by extensions ['python_setup_py']
[1.567s] Level 1:colcon.colcon_core.package_identification:_identify(src) by extension 'python_setup_py'
[1.567s] Level 1:colcon.colcon_core.package_identification:_identify(src/MS_3) by extensions ['ignore', 'ignore_ament_install']
[1.567s] Level 1:colcon.colcon_core.package_identification:_identify(src/MS_3) by extension 'ignore'
[1.568s] Level 1:colcon.colcon_core.package_identification:_identify(src/MS_3) by extension 'ignore_ament_install'
[1.568s] Level 1:colcon.colcon_core.package_identification:_identify(src/MS_3) by extensions ['colcon_pkg']
[1.568s] Level 1:colcon.colcon_core.package_identification:_identify(src/MS_3) by extension 'colcon_pkg'
[1.568s] Level 1:colcon.colcon_core.package_identification:_identify(src/MS_3) by extensions ['colcon_meta']
[1.568s] Level 1:colcon.colcon_core.package_identification:_identify(src/MS_3) by extension 'colcon_meta'
[1.568s] Level 1:colcon.colcon_core.package_identification:_identify(src/MS_3) by extensions ['ros']
[1.568s] Level 1:colcon.colcon_core.package_identification:_identify(src/MS_3) by extension 'ros'
[1.571s] DEBUG:colcon.colcon_core.package_identification:Package 'src/MS_3' with type 'ros.ament_python' and name 'MS_3'
[1.571s] Level 1:colcon.colcon_core.package_identification:_identify(src/ms_3) by extensions ['ignore', 'ignore_ament_install']
[1.571s] Level 1:colcon.colcon_core.package_identification:_identify(src/ms_3) by extension 'ignore'
[1.571s] Level 1:colcon.colcon_core.package_identification:_identify(src/ms_3) by extension 'ignore_ament_install'
[1.571s] Level 1:colcon.colcon_core.package_identification:_identify(src/ms_3) by extensions ['colcon_pkg']
[1.571s] Level 1:colcon.colcon_core.package_identification:_identify(src/ms_3) by extension 'colcon_pkg'
[1.571s] Level 1:colcon.colcon_core.package_identification:_identify(src/ms_3) by extensions ['colcon_meta']
[1.571s] Level 1:colcon.colcon_core.package_identification:_identify(src/ms_3) by extension 'colcon_meta'
[1.571s] Level 1:colcon.colcon_core.package_identification:_identify(src/ms_3) by extensions ['ros']
[1.572s] Level 1:colcon.colcon_core.package_identification:_identify(src/ms_3) by extension 'ros'
[1.572s] DEBUG:colcon.colcon_core.package_identification:Package 'src/ms_3' with type 'ros.ament_python' and name 'ms_3'
[1.572s] Level 1:colcon.colcon_core.package_discovery:discover_packages(recursive) using defaults
[1.572s] Level 1:colcon.colcon_core.package_discovery:discover_packages(ignore) discover
[1.572s] Level 1:colcon.colcon_core.package_discovery:discover_packages(ignore) using defaults
[1.572s] Level 1:colcon.colcon_core.package_discovery:discover_packages(path) discover
[1.572s] Level 1:colcon.colcon_core.package_discovery:discover_packages(path) using defaults
[1.709s] Level 1:colcon.colcon_core.package_discovery:discover_packages(prefix_path) check parameters
[1.709s] Level 1:colcon.colcon_core.package_discovery:discover_packages(prefix_path) discover
[1.750s] DEBUG:colcon.colcon_installed_package_information.package_discovery:Found 2 installed packages in /home/gabriel/MSD/packages/install
[1.769s] DEBUG:colcon.colcon_installed_package_information.package_discovery:Found 4 installed packages in /home/gabriel/microros_ws/install
[1.788s] DEBUG:colcon.colcon_installed_package_information.package_discovery:Found 323 installed packages in /opt/ros/humble
[1.790s] Level 1:colcon.colcon_core.package_discovery:discover_packages(prefix_path) using defaults
[1.879s] Level 5:colcon.colcon_core.verb:set package 'MS_3' build argument 'cmake_args' from command line to 'None'
[1.879s] Level 5:colcon.colcon_core.verb:set package 'MS_3' build argument 'cmake_target' from command line to 'None'
[1.879s] Level 5:colcon.colcon_core.verb:set package 'MS_3' build argument 'cmake_target_skip_unavailable' from command line to 'False'
[1.879s] Level 5:colcon.colcon_core.verb:set package 'MS_3' build argument 'cmake_clean_cache' from command line to 'False'
[1.879s] Level 5:colcon.colcon_core.verb:set package 'MS_3' build argument 'cmake_clean_first' from command line to 'False'
[1.879s] Level 5:colcon.colcon_core.verb:set package 'MS_3' build argument 'cmake_force_configure' from command line to 'False'
[1.879s] Level 5:colcon.colcon_core.verb:set package 'MS_3' build argument 'ament_cmake_args' from command line to 'None'
[1.879s] Level 5:colcon.colcon_core.verb:set package 'MS_3' build argument 'catkin_cmake_args' from command line to 'None'
[1.879s] Level 5:colcon.colcon_core.verb:set package 'MS_3' build argument 'catkin_skip_building_tests' from command line to 'False'
[1.879s] DEBUG:colcon.colcon_core.verb:Building package 'MS_3' with the following arguments: {'ament_cmake_args': None, 'build_base': '/home/gabriel/MSD/packages/build/MS_3', 'catkin_cmake_args': None, 'catkin_skip_building_tests': False, 'cmake_args': None, 'cmake_clean_cache': False, 'cmake_clean_first': False, 'cmake_force_configure': False, 'cmake_target': None, 'cmake_target_skip_unavailable': False, 'install_base': '/home/gabriel/MSD/packages/install/MS_3', 'merge_install': False, 'path': '/home/gabriel/MSD/packages/src/MS_3', 'symlink_install': False, 'test_result_base': None}
[1.912s] Level 5:colcon.colcon_core.verb:set package 'ms_3' build argument 'cmake_args' from command line to 'None'
[1.912s] Level 5:colcon.colcon_core.verb:set package 'ms_3' build argument 'cmake_target' from command line to 'None'
[1.912s] Level 5:colcon.colcon_core.verb:set package 'ms_3' build argument 'cmake_target_skip_unavailable' from command line to 'False'
[1.912s] Level 5:colcon.colcon_core.verb:set package 'ms_3' build argument 'cmake_clean_cache' from command line to 'False'
[1.913s] Level 5:colcon.colcon_core.verb:set package 'ms_3' build argument 'cmake_clean_first' from command line to 'False'
[1.913s] Level 5:colcon.colcon_core.verb:set package 'ms_3' build argument 'cmake_force_configure' from command line to 'False'
[1.913s] Level 5:colcon.colcon_core.verb:set package 'ms_3' build argument 'ament_cmake_args' from command line to 'None'
[1.913s] Level 5:colcon.colcon_core.verb:set package 'ms_3' build argument 'catkin_cmake_args' from command line to 'None'
[1.913s] Level 5:colcon.colcon_core.verb:set package 'ms_3' build argument 'catkin_skip_building_tests' from command line to 'False'
[1.913s] DEBUG:colcon.colcon_core.verb:Building package 'ms_3' with the following arguments: {'ament_cmake_args': None, 'build_base': '/home/gabriel/MSD/packages/build/ms_3', 'catkin_cmake_args': None, 'catkin_skip_building_tests': False, 'cmake_args': None, 'cmake_clean_cache': False, 'cmake_clean_first': False, 'cmake_force_configure': False, 'cmake_target': None, 'cmake_target_skip_unavailable': False, 'install_base': '/home/gabriel/MSD/packages/install/ms_3', 'merge_install': False, 'path': '/home/gabriel/MSD/packages/src/ms_3', 'symlink_install': False, 'test_result_base': None}
[1.936s] INFO:colcon.colcon_core.executor:Executing jobs using 'parallel' executor
[1.959s] DEBUG:colcon.colcon_parallel_executor.executor.parallel:run_until_complete
[1.959s] INFO:colcon.colcon_ros.task.ament_python.build:Building ROS package in '/home/gabriel/MSD/packages/src/MS_3' with build type 'ament_python'
[1.959s] Level 1:colcon.colcon_core.shell:create_environment_hook('MS_3', 'ament_prefix_path')
[1.983s] INFO:colcon.colcon_core.plugin_system:Skipping extension 'colcon_core.shell.bat': Not used on non-Windows systems
[1.984s] INFO:colcon.colcon_core.shell:Creating environment hook '/home/gabriel/MSD/packages/install/MS_3/share/MS_3/hook/ament_prefix_path.ps1'
[1.984s] INFO:colcon.colcon_core.shell:Creating environment descriptor '/home/gabriel/MSD/packages/install/MS_3/share/MS_3/hook/ament_prefix_path.dsv'
[1.985s] INFO:colcon.colcon_core.shell:Creating environment hook '/home/gabriel/MSD/packages/install/MS_3/share/MS_3/hook/ament_prefix_path.sh'
[2.005s] INFO:colcon.colcon_core.shell:Skip shell extension 'powershell' for command environment: Not usable outside of PowerShell
[2.005s] DEBUG:colcon.colcon_core.shell:Skip shell extension 'dsv' for command environment
[2.080s] INFO:colcon.colcon_ros.task.ament_python.build:Building ROS package in '/home/gabriel/MSD/packages/src/ms_3' with build type 'ament_python'
[2.080s] Level 1:colcon.colcon_core.shell:create_environment_hook('ms_3', 'ament_prefix_path')
[2.100s] INFO:colcon.colcon_core.shell:Creating environment hook '/home/gabriel/MSD/packages/install/ms_3/share/ms_3/hook/ament_prefix_path.ps1'
[2.100s] INFO:colcon.colcon_core.shell:Creating environment descriptor '/home/gabriel/MSD/packages/install/ms_3/share/ms_3/hook/ament_prefix_path.dsv'
[2.100s] INFO:colcon.colcon_core.shell:Creating environment hook '/home/gabriel/MSD/packages/install/ms_3/share/ms_3/hook/ament_prefix_path.sh'
[2.119s] INFO:colcon.colcon_core.shell:Skip shell extension 'powershell' for command environment: Not usable outside of PowerShell
[2.119s] DEBUG:colcon.colcon_core.shell:Skip shell extension 'dsv' for command environment
[2.392s] INFO:colcon.colcon_core.task.python.build:Building Python package in '/home/gabriel/MSD/packages/src/MS_3'
[2.409s] INFO:colcon.colcon_core.shell:Skip shell extension 'powershell' for command environment: Not usable outside of PowerShell
[2.409s] DEBUG:colcon.colcon_core.shell:Skip shell extension 'dsv' for command environment
[2.671s] INFO:colcon.colcon_core.task.python.build:Building Python package in '/home/gabriel/MSD/packages/src/ms_3'
[2.689s] INFO:colcon.colcon_core.shell:Skip shell extension 'powershell' for command environment: Not usable outside of PowerShell
[2.689s] DEBUG:colcon.colcon_core.shell:Skip shell extension 'dsv' for command environment
[3.497s] DEBUG:colcon.colcon_core.event_handler.log_command:Invoking command in '/home/gabriel/MSD/packages/src/ms_3': PYTHONPATH=/home/gabriel/MSD/packages/build/ms_3/prefix_override:/home/gabriel/MSD/packages/install/ms_3/lib/python3.10/site-packages:${PYTHONPATH} WSLENV=ELECTRON_RUN_AS_NODE/w:JAVA_HOME/p /usr/bin/python3 setup.py egg_info --egg-base ../../build/ms_3 build --build-base /home/gabriel/MSD/packages/build/ms_3/build install --record /home/gabriel/MSD/packages/build/ms_3/install.log --single-version-externally-managed
[3.501s] DEBUG:colcon.colcon_core.event_handler.log_command:Invoking command in '/home/gabriel/MSD/packages/src/MS_3': PYTHONPATH=/home/gabriel/MSD/packages/build/MS_3/prefix_override:/home/gabriel/MSD/packages/install/MS_3/lib/python3.10/site-packages:${PYTHONPATH} WSLENV=ELECTRON_RUN_AS_NODE/w:JAVA_HOME/p /usr/bin/python3 setup.py egg_info --egg-base ../../build/MS_3 build --build-base /home/gabriel/MSD/packages/build/MS_3/build install --record /home/gabriel/MSD/packages/build/MS_3/install.log --single-version-externally-managed
[4.056s] DEBUG:colcon.colcon_core.event_handler.log_command:Invoked command in '/home/gabriel/MSD/packages/src/ms_3' returned '0': PYTHONPATH=/home/gabriel/MSD/packages/build/ms_3/prefix_override:/home/gabriel/MSD/packages/install/ms_3/lib/python3.10/site-packages:${PYTHONPATH} WSLENV=ELECTRON_RUN_AS_NODE/w:JAVA_HOME/p /usr/bin/python3 setup.py egg_info --egg-base ../../build/ms_3 build --build-base /home/gabriel/MSD/packages/build/ms_3/build install --record /home/gabriel/MSD/packages/build/ms_3/install.log --single-version-externally-managed
[4.075s] Level 1:colcon.colcon_core.environment:checking '/home/gabriel/MSD/packages/install/ms_3' for CMake module files
[4.076s] Level 1:colcon.colcon_core.environment:checking '/home/gabriel/MSD/packages/install/ms_3' for CMake config files
[4.077s] Level 1:colcon.colcon_core.environment:checking '/home/gabriel/MSD/packages/install/ms_3/lib'
[4.077s] Level 1:colcon.colcon_core.environment:checking '/home/gabriel/MSD/packages/install/ms_3/bin'
[4.077s] Level 1:colcon.colcon_core.environment:checking '/home/gabriel/MSD/packages/install/ms_3/lib/pkgconfig/ms_3.pc'
[4.077s] Level 1:colcon.colcon_core.environment:checking '/home/gabriel/MSD/packages/install/ms_3/lib/python3.10/site-packages'
[4.078s] Level 1:colcon.colcon_core.shell:create_environment_hook('ms_3', 'pythonpath')
[4.095s] INFO:colcon.colcon_core.shell:Creating environment hook '/home/gabriel/MSD/packages/install/ms_3/share/ms_3/hook/pythonpath.ps1'
[4.095s] INFO:colcon.colcon_core.shell:Creating environment descriptor '/home/gabriel/MSD/packages/install/ms_3/share/ms_3/hook/pythonpath.dsv'
[4.096s] INFO:colcon.colcon_core.shell:Creating environment hook '/home/gabriel/MSD/packages/install/ms_3/share/ms_3/hook/pythonpath.sh'
[4.096s] Level 1:colcon.colcon_core.environment:checking '/home/gabriel/MSD/packages/install/ms_3/bin'
[4.096s] Level 1:colcon.colcon_core.environment:create_environment_scripts_only(ms_3)
[4.113s] INFO:colcon.colcon_core.shell:Creating package script '/home/gabriel/MSD/packages/install/ms_3/share/ms_3/package.ps1'
[4.114s] INFO:colcon.colcon_core.shell:Creating package descriptor '/home/gabriel/MSD/packages/install/ms_3/share/ms_3/package.dsv'
[4.114s] INFO:colcon.colcon_core.shell:Creating package script '/home/gabriel/MSD/packages/install/ms_3/share/ms_3/package.sh'
[4.115s] INFO:colcon.colcon_core.shell:Creating package script '/home/gabriel/MSD/packages/install/ms_3/share/ms_3/package.bash'
[4.115s] INFO:colcon.colcon_core.shell:Creating package script '/home/gabriel/MSD/packages/install/ms_3/share/ms_3/package.zsh'
[4.116s] Level 1:colcon.colcon_core.environment:create_file_with_runtime_dependencies(/home/gabriel/MSD/packages/install/ms_3/share/colcon-core/packages/ms_3)
[4.118s] DEBUG:colcon.colcon_core.event_handler.log_command:Invoked command in '/home/gabriel/MSD/packages/src/MS_3' returned '0': PYTHONPATH=/home/gabriel/MSD/packages/build/MS_3/prefix_override:/home/gabriel/MSD/packages/install/MS_3/lib/python3.10/site-packages:${PYTHONPATH} WSLENV=ELECTRON_RUN_AS_NODE/w:JAVA_HOME/p /usr/bin/python3 setup.py egg_info --egg-base ../../build/MS_3 build --build-base /home/gabriel/MSD/packages/build/MS_3/build install --record /home/gabriel/MSD/packages/build/MS_3/install.log --single-version-externally-managed
[4.138s] Level 1:colcon.colcon_core.environment:checking '/home/gabriel/MSD/packages/install/MS_3' for CMake module files
[4.138s] Level 1:colcon.colcon_core.environment:checking '/home/gabriel/MSD/packages/install/MS_3' for CMake config files
[4.139s] Level 1:colcon.colcon_core.environment:checking '/home/gabriel/MSD/packages/install/MS_3/lib'
[4.139s] Level 1:colcon.colcon_core.environment:checking '/home/gabriel/MSD/packages/install/MS_3/bin'
[4.139s] Level 1:colcon.colcon_core.environment:checking '/home/gabriel/MSD/packages/install/MS_3/lib/pkgconfig/MS_3.pc'
[4.139s] Level 1:colcon.colcon_core.environment:checking '/home/gabriel/MSD/packages/install/MS_3/lib/python3.10/site-packages'
[4.140s] Level 1:colcon.colcon_core.shell:create_environment_hook('MS_3', 'pythonpath')
[4.159s] INFO:colcon.colcon_core.shell:Creating environment hook '/home/gabriel/MSD/packages/install/MS_3/share/MS_3/hook/pythonpath.ps1'
[4.159s] INFO:colcon.colcon_core.shell:Creating environment descriptor '/home/gabriel/MSD/packages/install/MS_3/share/MS_3/hook/pythonpath.dsv'
[4.159s] INFO:colcon.colcon_core.shell:Creating environment hook '/home/gabriel/MSD/packages/install/MS_3/share/MS_3/hook/pythonpath.sh'
[4.160s] Level 1:colcon.colcon_core.environment:checking '/home/gabriel/MSD/packages/install/MS_3/bin'
[4.160s] Level 1:colcon.colcon_core.environment:create_environment_scripts_only(MS_3)
[4.180s] INFO:colcon.colcon_core.shell:Creating package script '/home/gabriel/MSD/packages/install/MS_3/share/MS_3/package.ps1'
[4.180s] INFO:colcon.colcon_core.shell:Creating package descriptor '/home/gabriel/MSD/packages/install/MS_3/share/MS_3/package.dsv'
[4.181s] INFO:colcon.colcon_core.shell:Creating package script '/home/gabriel/MSD/packages/install/MS_3/share/MS_3/package.sh'
[4.182s] INFO:colcon.colcon_core.shell:Creating package script '/home/gabriel/MSD/packages/install/MS_3/share/MS_3/package.bash'
[4.182s] INFO:colcon.colcon_core.shell:Creating package script '/home/gabriel/MSD/packages/install/MS_3/share/MS_3/package.zsh'
[4.182s] Level 1:colcon.colcon_core.environment:create_file_with_runtime_dependencies(/home/gabriel/MSD/packages/install/MS_3/share/colcon-core/packages/MS_3)
[4.183s] DEBUG:colcon.colcon_parallel_executor.executor.parallel:closing loop
[4.183s] DEBUG:colcon.colcon_parallel_executor.executor.parallel:loop closed
[4.183s] DEBUG:colcon.colcon_parallel_executor.executor.parallel:run_until_complete finished with '0'
[4.184s] DEBUG:colcon.colcon_core.event_reactor:joining thread
[4.344s] INFO:colcon.colcon_core.plugin_system:Skipping extension 'colcon_notification.desktop_notification.notify_send': Could not find 'notify-send'
[4.344s] INFO:colcon.colcon_core.plugin_system:Skipping extension 'colcon_notification.desktop_notification.terminal_notifier': Not used on non-Darwin systems
[4.344s] INFO:colcon.colcon_core.plugin_system:Skipping extension 'colcon_notification.desktop_notification.win32': Not used on non-Windows systems
[4.344s] INFO:colcon.colcon_notification.desktop_notification:Sending desktop notification using 'notify2'
[4.344s] DEBUG:colcon.colcon_notification.desktop_notification.notify2:Failed to initialize notify2: org.freedesktop.DBus.Error.FileNotFound: Failed to connect to socket /run/user/1000/bus: No such file or directory
[4.344s] DEBUG:colcon.colcon_core.event_reactor:joined thread
[4.361s] INFO:colcon.colcon_core.shell:Creating prefix script '/home/gabriel/MSD/packages/install/local_setup.ps1'
[4.362s] INFO:colcon.colcon_core.shell:Creating prefix util module '/home/gabriel/MSD/packages/install/_local_setup_util_ps1.py'
[4.363s] INFO:colcon.colcon_core.shell:Creating prefix chain script '/home/gabriel/MSD/packages/install/setup.ps1'
[4.382s] INFO:colcon.colcon_core.shell:Creating prefix script '/home/gabriel/MSD/packages/install/local_setup.sh'
[4.382s] INFO:colcon.colcon_core.shell:Creating prefix util module '/home/gabriel/MSD/packages/install/_local_setup_util_sh.py'
[4.382s] INFO:colcon.colcon_core.shell:Creating prefix chain script '/home/gabriel/MSD/packages/install/setup.sh'
[4.400s] INFO:colcon.colcon_core.shell:Creating prefix script '/home/gabriel/MSD/packages/install/local_setup.bash'
[4.400s] INFO:colcon.colcon_core.shell:Creating prefix chain script '/home/gabriel/MSD/packages/install/setup.bash'
[4.418s] INFO:colcon.colcon_core.shell:Creating prefix script '/home/gabriel/MSD/packages/install/local_setup.zsh'
[4.418s] INFO:colcon.colcon_core.shell:Creating prefix chain script '/home/gabriel/MSD/packages/install/setup.zsh'
