[0.499s] DEBUG:colcon:Command line arguments: ['/usr/bin/colcon', 'build']
[0.499s] DEBUG:colcon:Parsed command line arguments: Namespace(log_base=None, log_level=None, verb_name='build', build_base='build', install_base='install', merge_install=False, symlink_install=False, test_result_base=None, continue_on_error=False, executor='parallel', parallel_workers=4, event_handlers=None, ignore_user_meta=False, metas=['./colcon.meta'], base_paths=['.'], packages_ignore=None, packages_ignore_regex=None, paths=None, packages_up_to=None, packages_up_to_regex=None, packages_above=None, packages_above_and_dependencies=None, packages_above_depth=None, packages_select_by_dep=None, packages_skip_by_dep=None, packages_skip_up_to=None, packages_select_build_failed=False, packages_skip_build_finished=False, packages_select_test_failures=False, packages_skip_test_passed=False, packages_select=None, packages_skip=None, packages_select_regex=None, packages_skip_regex=None, packages_start=None, packages_end=None, allow_overriding=[], cmake_args=None, cmake_target=None, cmake_target_skip_unavailable=False, cmake_clean_cache=False, cmake_clean_first=False, cmake_force_configure=False, ament_cmake_args=None, catkin_cmake_args=None, catkin_skip_building_tests=False, verb_parser=<colcon_defaults.argument_parser.defaults.DefaultArgumentsDecorator object at 0x7fa1f69a33a0>, verb_extension=<colcon_core.verb.build.BuildVerb object at 0x7fa1f6921210>, main=<bound method BuildVerb.main of <colcon_core.verb.build.BuildVerb object at 0x7fa1f6921210>>)
[0.523s] Level 1:colcon.colcon_core.package_discovery:discover_packages(colcon_meta) check parameters
[0.524s] Level 1:colcon.colcon_core.package_discovery:discover_packages(recursive) check parameters
[0.524s] Level 1:colcon.colcon_core.package_discovery:discover_packages(ignore) check parameters
[0.524s] Level 1:colcon.colcon_core.package_discovery:discover_packages(path) check parameters
[0.524s] Level 1:colcon.colcon_core.package_discovery:discover_packages(colcon_meta) discover
[0.524s] Level 1:colcon.colcon_core.package_discovery:discover_packages(recursive) discover
[0.524s] INFO:colcon.colcon_core.package_discovery:Crawling recursively for packages in '/home/student/MSD/packages'
[0.524s] Level 1:colcon.colcon_core.package_identification:_identify(.) by extensions ['ignore', 'ignore_ament_install']
[0.524s] Level 1:colcon.colcon_core.package_identification:_identify(.) by extension 'ignore'
[0.524s] Level 1:colcon.colcon_core.package_identification:_identify(.) by extension 'ignore_ament_install'
[0.524s] Level 1:colcon.colcon_core.package_identification:_identify(.) by extensions ['colcon_pkg']
[0.524s] Level 1:colcon.colcon_core.package_identification:_identify(.) by extension 'colcon_pkg'
[0.524s] Level 1:colcon.colcon_core.package_identification:_identify(.) by extensions ['colcon_meta']
[0.524s] Level 1:colcon.colcon_core.package_identification:_identify(.) by extension 'colcon_meta'
[0.524s] Level 1:colcon.colcon_core.package_identification:_identify(.) by extensions ['ros']
[0.524s] Level 1:colcon.colcon_core.package_identification:_identify(.) by extension 'ros'
[0.531s] Level 1:colcon.colcon_core.package_identification:_identify(.) by extensions ['cmake', 'python']
[0.531s] Level 1:colcon.colcon_core.package_identification:_identify(.) by extension 'cmake'
[0.531s] Level 1:colcon.colcon_core.package_identification:_identify(.) by extension 'python'
[0.531s] Level 1:colcon.colcon_core.package_identification:_identify(.) by extensions ['python_setup_py']
[0.531s] Level 1:colcon.colcon_core.package_identification:_identify(.) by extension 'python_setup_py'
[0.531s] Level 1:colcon.colcon_core.package_identification:_identify(build) by extensions ['ignore', 'ignore_ament_install']
[0.531s] Level 1:colcon.colcon_core.package_identification:_identify(build) by extension 'ignore'
[0.531s] Level 1:colcon.colcon_core.package_identification:_identify(build) ignored
[0.532s] Level 1:colcon.colcon_core.package_identification:_identify(install) by extensions ['ignore', 'ignore_ament_install']
[0.532s] Level 1:colcon.colcon_core.package_identification:_identify(install) by extension 'ignore'
[0.532s] Level 1:colcon.colcon_core.package_identification:_identify(install) ignored
[0.532s] Level 1:colcon.colcon_core.package_identification:_identify(log) by extensions ['ignore', 'ignore_ament_install']
[0.532s] Level 1:colcon.colcon_core.package_identification:_identify(log) by extension 'ignore'
[0.532s] Level 1:colcon.colcon_core.package_identification:_identify(log) ignored
[0.532s] Level 1:colcon.colcon_core.package_identification:_identify(src) by extensions ['ignore', 'ignore_ament_install']
[0.532s] Level 1:colcon.colcon_core.package_identification:_identify(src) by extension 'ignore'
[0.532s] Level 1:colcon.colcon_core.package_identification:_identify(src) by extension 'ignore_ament_install'
[0.532s] Level 1:colcon.colcon_core.package_identification:_identify(src) by extensions ['colcon_pkg']
[0.532s] Level 1:colcon.colcon_core.package_identification:_identify(src) by extension 'colcon_pkg'
[0.532s] Level 1:colcon.colcon_core.package_identification:_identify(src) by extensions ['colcon_meta']
[0.532s] Level 1:colcon.colcon_core.package_identification:_identify(src) by extension 'colcon_meta'
[0.532s] Level 1:colcon.colcon_core.package_identification:_identify(src) by extensions ['ros']
[0.532s] Level 1:colcon.colcon_core.package_identification:_identify(src) by extension 'ros'
[0.532s] Level 1:colcon.colcon_core.package_identification:_identify(src) by extensions ['cmake', 'python']
[0.532s] Level 1:colcon.colcon_core.package_identification:_identify(src) by extension 'cmake'
[0.532s] Level 1:colcon.colcon_core.package_identification:_identify(src) by extension 'python'
[0.532s] Level 1:colcon.colcon_core.package_identification:_identify(src) by extensions ['python_setup_py']
[0.532s] Level 1:colcon.colcon_core.package_identification:_identify(src) by extension 'python_setup_py'
[0.532s] Level 1:colcon.colcon_core.package_identification:_identify(src/MS_3) by extensions ['ignore', 'ignore_ament_install']
[0.532s] Level 1:colcon.colcon_core.package_identification:_identify(src/MS_3) by extension 'ignore'
[0.532s] Level 1:colcon.colcon_core.package_identification:_identify(src/MS_3) by extension 'ignore_ament_install'
[0.532s] Level 1:colcon.colcon_core.package_identification:_identify(src/MS_3) by extensions ['colcon_pkg']
[0.533s] Level 1:colcon.colcon_core.package_identification:_identify(src/MS_3) by extension 'colcon_pkg'
[0.533s] Level 1:colcon.colcon_core.package_identification:_identify(src/MS_3) by extensions ['colcon_meta']
[0.533s] Level 1:colcon.colcon_core.package_identification:_identify(src/MS_3) by extension 'colcon_meta'
[0.533s] Level 1:colcon.colcon_core.package_identification:_identify(src/MS_3) by extensions ['ros']
[0.533s] Level 1:colcon.colcon_core.package_identification:_identify(src/MS_3) by extension 'ros'
[0.534s] DEBUG:colcon.colcon_core.package_identification:Package 'src/MS_3' with type 'ros.ament_python' and name 'MS_3'
[0.534s] Level 1:colcon.colcon_core.package_identification:_identify(src/ms_3) by extensions ['ignore', 'ignore_ament_install']
[0.535s] Level 1:colcon.colcon_core.package_identification:_identify(src/ms_3) by extension 'ignore'
[0.535s] Level 1:colcon.colcon_core.package_identification:_identify(src/ms_3) by extension 'ignore_ament_install'
[0.535s] Level 1:colcon.colcon_core.package_identification:_identify(src/ms_3) by extensions ['colcon_pkg']
[0.535s] Level 1:colcon.colcon_core.package_identification:_identify(src/ms_3) by extension 'colcon_pkg'
[0.535s] Level 1:colcon.colcon_core.package_identification:_identify(src/ms_3) by extensions ['colcon_meta']
[0.535s] Level 1:colcon.colcon_core.package_identification:_identify(src/ms_3) by extension 'colcon_meta'
[0.535s] Level 1:colcon.colcon_core.package_identification:_identify(src/ms_3) by extensions ['ros']
[0.535s] Level 1:colcon.colcon_core.package_identification:_identify(src/ms_3) by extension 'ros'
[0.535s] DEBUG:colcon.colcon_core.package_identification:Package 'src/ms_3' with type 'ros.ament_python' and name 'ms_3'
[0.535s] Level 1:colcon.colcon_core.package_discovery:discover_packages(recursive) using defaults
[0.535s] Level 1:colcon.colcon_core.package_discovery:discover_packages(ignore) discover
[0.535s] Level 1:colcon.colcon_core.package_discovery:discover_packages(ignore) using defaults
[0.535s] Level 1:colcon.colcon_core.package_discovery:discover_packages(path) discover
[0.535s] Level 1:colcon.colcon_core.package_discovery:discover_packages(path) using defaults
[0.583s] Level 1:colcon.colcon_core.package_discovery:discover_packages(prefix_path) check parameters
[0.583s] Level 1:colcon.colcon_core.package_discovery:discover_packages(prefix_path) discover
[0.602s] DEBUG:colcon.colcon_installed_package_information.package_discovery:Found 2 installed packages in /home/student/MSD/packages/install
[0.610s] DEBUG:colcon.colcon_installed_package_information.package_discovery:Found 271 installed packages in /opt/ros/humble
[0.611s] Level 1:colcon.colcon_core.package_discovery:discover_packages(prefix_path) using defaults
[0.672s] Level 5:colcon.colcon_core.verb:set package 'MS_3' build argument 'cmake_args' from command line to 'None'
[0.672s] Level 5:colcon.colcon_core.verb:set package 'MS_3' build argument 'cmake_target' from command line to 'None'
[0.672s] Level 5:colcon.colcon_core.verb:set package 'MS_3' build argument 'cmake_target_skip_unavailable' from command line to 'False'
[0.672s] Level 5:colcon.colcon_core.verb:set package 'MS_3' build argument 'cmake_clean_cache' from command line to 'False'
[0.672s] Level 5:colcon.colcon_core.verb:set package 'MS_3' build argument 'cmake_clean_first' from command line to 'False'
[0.672s] Level 5:colcon.colcon_core.verb:set package 'MS_3' build argument 'cmake_force_configure' from command line to 'False'
[0.672s] Level 5:colcon.colcon_core.verb:set package 'MS_3' build argument 'ament_cmake_args' from command line to 'None'
[0.672s] Level 5:colcon.colcon_core.verb:set package 'MS_3' build argument 'catkin_cmake_args' from command line to 'None'
[0.672s] Level 5:colcon.colcon_core.verb:set package 'MS_3' build argument 'catkin_skip_building_tests' from command line to 'False'
[0.672s] DEBUG:colcon.colcon_core.verb:Building package 'MS_3' with the following arguments: {'ament_cmake_args': None, 'build_base': '/home/student/MSD/packages/build/MS_3', 'catkin_cmake_args': None, 'catkin_skip_building_tests': False, 'cmake_args': None, 'cmake_clean_cache': False, 'cmake_clean_first': False, 'cmake_force_configure': False, 'cmake_target': None, 'cmake_target_skip_unavailable': False, 'install_base': '/home/student/MSD/packages/install/MS_3', 'merge_install': False, 'path': '/home/student/MSD/packages/src/MS_3', 'symlink_install': False, 'test_result_base': None}
[0.680s] Level 5:colcon.colcon_core.verb:set package 'ms_3' build argument 'cmake_args' from command line to 'None'
[0.680s] Level 5:colcon.colcon_core.verb:set package 'ms_3' build argument 'cmake_target' from command line to 'None'
[0.680s] Level 5:colcon.colcon_core.verb:set package 'ms_3' build argument 'cmake_target_skip_unavailable' from command line to 'False'
[0.680s] Level 5:colcon.colcon_core.verb:set package 'ms_3' build argument 'cmake_clean_cache' from command line to 'False'
[0.680s] Level 5:colcon.colcon_core.verb:set package 'ms_3' build argument 'cmake_clean_first' from command line to 'False'
[0.680s] Level 5:colcon.colcon_core.verb:set package 'ms_3' build argument 'cmake_force_configure' from command line to 'False'
[0.680s] Level 5:colcon.colcon_core.verb:set package 'ms_3' build argument 'ament_cmake_args' from command line to 'None'
[0.680s] Level 5:colcon.colcon_core.verb:set package 'ms_3' build argument 'catkin_cmake_args' from command line to 'None'
[0.680s] Level 5:colcon.colcon_core.verb:set package 'ms_3' build argument 'catkin_skip_building_tests' from command line to 'False'
[0.680s] DEBUG:colcon.colcon_core.verb:Building package 'ms_3' with the following arguments: {'ament_cmake_args': None, 'build_base': '/home/student/MSD/packages/build/ms_3', 'catkin_cmake_args': None, 'catkin_skip_building_tests': False, 'cmake_args': None, 'cmake_clean_cache': False, 'cmake_clean_first': False, 'cmake_force_configure': False, 'cmake_target': None, 'cmake_target_skip_unavailable': False, 'install_base': '/home/student/MSD/packages/install/ms_3', 'merge_install': False, 'path': '/home/student/MSD/packages/src/ms_3', 'symlink_install': False, 'test_result_base': None}
[0.687s] INFO:colcon.colcon_core.executor:Executing jobs using 'parallel' executor
[0.695s] DEBUG:colcon.colcon_parallel_executor.executor.parallel:run_until_complete
[0.695s] INFO:colcon.colcon_ros.task.ament_python.build:Building ROS package in '/home/student/MSD/packages/src/MS_3' with build type 'ament_python'
[0.695s] Level 1:colcon.colcon_core.shell:create_environment_hook('MS_3', 'ament_prefix_path')
[0.706s] INFO:colcon.colcon_core.plugin_system:Skipping extension 'colcon_core.shell.bat': Not used on non-Windows systems
[0.706s] INFO:colcon.colcon_core.shell:Creating environment hook '/home/student/MSD/packages/install/MS_3/share/MS_3/hook/ament_prefix_path.ps1'
[0.707s] INFO:colcon.colcon_core.shell:Creating environment descriptor '/home/student/MSD/packages/install/MS_3/share/MS_3/hook/ament_prefix_path.dsv'
[0.707s] INFO:colcon.colcon_core.shell:Creating environment hook '/home/student/MSD/packages/install/MS_3/share/MS_3/hook/ament_prefix_path.sh'
[0.716s] INFO:colcon.colcon_core.shell:Skip shell extension 'powershell' for command environment: Not usable outside of PowerShell
[0.716s] DEBUG:colcon.colcon_core.shell:Skip shell extension 'dsv' for command environment
[0.742s] INFO:colcon.colcon_ros.task.ament_python.build:Building ROS package in '/home/student/MSD/packages/src/ms_3' with build type 'ament_python'
[0.742s] Level 1:colcon.colcon_core.shell:create_environment_hook('ms_3', 'ament_prefix_path')
[0.750s] INFO:colcon.colcon_core.shell:Creating environment hook '/home/student/MSD/packages/install/ms_3/share/ms_3/hook/ament_prefix_path.ps1'
[0.750s] INFO:colcon.colcon_core.shell:Creating environment descriptor '/home/student/MSD/packages/install/ms_3/share/ms_3/hook/ament_prefix_path.dsv'
[0.751s] INFO:colcon.colcon_core.shell:Creating environment hook '/home/student/MSD/packages/install/ms_3/share/ms_3/hook/ament_prefix_path.sh'
[0.758s] INFO:colcon.colcon_core.shell:Skip shell extension 'powershell' for command environment: Not usable outside of PowerShell
[0.758s] DEBUG:colcon.colcon_core.shell:Skip shell extension 'dsv' for command environment
[0.945s] INFO:colcon.colcon_core.task.python.build:Building Python package in '/home/student/MSD/packages/src/MS_3'
[0.953s] INFO:colcon.colcon_core.shell:Skip shell extension 'powershell' for command environment: Not usable outside of PowerShell
[0.953s] DEBUG:colcon.colcon_core.shell:Skip shell extension 'dsv' for command environment
[1.123s] INFO:colcon.colcon_core.task.python.build:Building Python package in '/home/student/MSD/packages/src/ms_3'
[1.135s] INFO:colcon.colcon_core.shell:Skip shell extension 'powershell' for command environment: Not usable outside of PowerShell
[1.135s] DEBUG:colcon.colcon_core.shell:Skip shell extension 'dsv' for command environment
[1.372s] DEBUG:colcon.colcon_core.event_handler.log_command:Invoking command in '/home/student/MSD/packages/src/ms_3': PYTHONPATH=/home/student/MSD/packages/build/ms_3/prefix_override:/home/student/MSD/packages/install/ms_3/lib/python3.10/site-packages:${PYTHONPATH} /usr/bin/python3 setup.py egg_info --egg-base ../../build/ms_3 build --build-base /home/student/MSD/packages/build/ms_3/build install --record /home/student/MSD/packages/build/ms_3/install.log --single-version-externally-managed
[1.395s] DEBUG:colcon.colcon_core.event_handler.log_command:Invoking command in '/home/student/MSD/packages/src/MS_3': PYTHONPATH=/home/student/MSD/packages/build/MS_3/prefix_override:/home/student/MSD/packages/install/MS_3/lib/python3.10/site-packages:${PYTHONPATH} /usr/bin/python3 setup.py egg_info --egg-base ../../build/MS_3 build --build-base /home/student/MSD/packages/build/MS_3/build install --record /home/student/MSD/packages/build/MS_3/install.log --single-version-externally-managed
[1.568s] DEBUG:colcon.colcon_core.event_handler.log_command:Invoked command in '/home/student/MSD/packages/src/ms_3' returned '0': PYTHONPATH=/home/student/MSD/packages/build/ms_3/prefix_override:/home/student/MSD/packages/install/ms_3/lib/python3.10/site-packages:${PYTHONPATH} /usr/bin/python3 setup.py egg_info --egg-base ../../build/ms_3 build --build-base /home/student/MSD/packages/build/ms_3/build install --record /home/student/MSD/packages/build/ms_3/install.log --single-version-externally-managed
[1.572s] Level 1:colcon.colcon_core.environment:checking '/home/student/MSD/packages/install/ms_3' for CMake module files
[1.572s] Level 1:colcon.colcon_core.environment:checking '/home/student/MSD/packages/install/ms_3' for CMake config files
[1.573s] Level 1:colcon.colcon_core.environment:checking '/home/student/MSD/packages/install/ms_3/lib'
[1.573s] Level 1:colcon.colcon_core.environment:checking '/home/student/MSD/packages/install/ms_3/bin'
[1.573s] Level 1:colcon.colcon_core.environment:checking '/home/student/MSD/packages/install/ms_3/lib/pkgconfig/ms_3.pc'
[1.573s] Level 1:colcon.colcon_core.environment:checking '/home/student/MSD/packages/install/ms_3/lib/python3.10/site-packages'
[1.573s] Level 1:colcon.colcon_core.shell:create_environment_hook('ms_3', 'pythonpath')
[1.582s] INFO:colcon.colcon_core.shell:Creating environment hook '/home/student/MSD/packages/install/ms_3/share/ms_3/hook/pythonpath.ps1'
[1.583s] INFO:colcon.colcon_core.shell:Creating environment descriptor '/home/student/MSD/packages/install/ms_3/share/ms_3/hook/pythonpath.dsv'
[1.585s] INFO:colcon.colcon_core.shell:Creating environment hook '/home/student/MSD/packages/install/ms_3/share/ms_3/hook/pythonpath.sh'
[1.586s] Level 1:colcon.colcon_core.environment:checking '/home/student/MSD/packages/install/ms_3/bin'
[1.586s] Level 1:colcon.colcon_core.environment:create_environment_scripts_only(ms_3)
[1.594s] INFO:colcon.colcon_core.shell:Creating package script '/home/student/MSD/packages/install/ms_3/share/ms_3/package.ps1'
[1.594s] INFO:colcon.colcon_core.shell:Creating package descriptor '/home/student/MSD/packages/install/ms_3/share/ms_3/package.dsv'
[1.595s] INFO:colcon.colcon_core.shell:Creating package script '/home/student/MSD/packages/install/ms_3/share/ms_3/package.sh'
[1.596s] INFO:colcon.colcon_core.shell:Creating package script '/home/student/MSD/packages/install/ms_3/share/ms_3/package.bash'
[1.597s] INFO:colcon.colcon_core.shell:Creating package script '/home/student/MSD/packages/install/ms_3/share/ms_3/package.zsh'
[1.597s] Level 1:colcon.colcon_core.environment:create_file_with_runtime_dependencies(/home/student/MSD/packages/install/ms_3/share/colcon-core/packages/ms_3)
[1.599s] DEBUG:colcon.colcon_core.event_handler.log_command:Invoked command in '/home/student/MSD/packages/src/MS_3' returned '0': PYTHONPATH=/home/student/MSD/packages/build/MS_3/prefix_override:/home/student/MSD/packages/install/MS_3/lib/python3.10/site-packages:${PYTHONPATH} /usr/bin/python3 setup.py egg_info --egg-base ../../build/MS_3 build --build-base /home/student/MSD/packages/build/MS_3/build install --record /home/student/MSD/packages/build/MS_3/install.log --single-version-externally-managed
[1.608s] Level 1:colcon.colcon_core.environment:checking '/home/student/MSD/packages/install/MS_3' for CMake module files
[1.608s] Level 1:colcon.colcon_core.environment:checking '/home/student/MSD/packages/install/MS_3' for CMake config files
[1.609s] Level 1:colcon.colcon_core.environment:checking '/home/student/MSD/packages/install/MS_3/lib'
[1.609s] Level 1:colcon.colcon_core.environment:checking '/home/student/MSD/packages/install/MS_3/bin'
[1.609s] Level 1:colcon.colcon_core.environment:checking '/home/student/MSD/packages/install/MS_3/lib/pkgconfig/MS_3.pc'
[1.609s] Level 1:colcon.colcon_core.environment:checking '/home/student/MSD/packages/install/MS_3/lib/python3.10/site-packages'
[1.609s] Level 1:colcon.colcon_core.shell:create_environment_hook('MS_3', 'pythonpath')
[1.630s] INFO:colcon.colcon_core.shell:Creating environment hook '/home/student/MSD/packages/install/MS_3/share/MS_3/hook/pythonpath.ps1'
[1.632s] INFO:colcon.colcon_core.shell:Creating environment descriptor '/home/student/MSD/packages/install/MS_3/share/MS_3/hook/pythonpath.dsv'
[1.633s] INFO:colcon.colcon_core.shell:Creating environment hook '/home/student/MSD/packages/install/MS_3/share/MS_3/hook/pythonpath.sh'
[1.636s] Level 1:colcon.colcon_core.environment:checking '/home/student/MSD/packages/install/MS_3/bin'
[1.636s] Level 1:colcon.colcon_core.environment:create_environment_scripts_only(MS_3)
[1.653s] INFO:colcon.colcon_core.shell:Creating package script '/home/student/MSD/packages/install/MS_3/share/MS_3/package.ps1'
[1.653s] INFO:colcon.colcon_core.shell:Creating package descriptor '/home/student/MSD/packages/install/MS_3/share/MS_3/package.dsv'
[1.654s] INFO:colcon.colcon_core.shell:Creating package script '/home/student/MSD/packages/install/MS_3/share/MS_3/package.sh'
[1.655s] INFO:colcon.colcon_core.shell:Creating package script '/home/student/MSD/packages/install/MS_3/share/MS_3/package.bash'
[1.655s] INFO:colcon.colcon_core.shell:Creating package script '/home/student/MSD/packages/install/MS_3/share/MS_3/package.zsh'
[1.655s] Level 1:colcon.colcon_core.environment:create_file_with_runtime_dependencies(/home/student/MSD/packages/install/MS_3/share/colcon-core/packages/MS_3)
[1.656s] DEBUG:colcon.colcon_parallel_executor.executor.parallel:closing loop
[1.656s] DEBUG:colcon.colcon_parallel_executor.executor.parallel:loop closed
[1.656s] DEBUG:colcon.colcon_parallel_executor.executor.parallel:run_until_complete finished with '0'
[1.658s] DEBUG:colcon.colcon_core.event_reactor:joining thread
[1.671s] INFO:colcon.colcon_core.plugin_system:Skipping extension 'colcon_notification.desktop_notification.terminal_notifier': Not used on non-Darwin systems
[1.671s] INFO:colcon.colcon_core.plugin_system:Skipping extension 'colcon_notification.desktop_notification.win32': Not used on non-Windows systems
[1.671s] INFO:colcon.colcon_notification.desktop_notification:Sending desktop notification using 'notify2'
[1.694s] DEBUG:colcon.colcon_core.event_reactor:joined thread
[1.701s] INFO:colcon.colcon_core.shell:Creating prefix script '/home/student/MSD/packages/install/local_setup.ps1'
[1.703s] INFO:colcon.colcon_core.shell:Creating prefix util module '/home/student/MSD/packages/install/_local_setup_util_ps1.py'
[1.704s] INFO:colcon.colcon_core.shell:Creating prefix chain script '/home/student/MSD/packages/install/setup.ps1'
[1.711s] INFO:colcon.colcon_core.shell:Creating prefix script '/home/student/MSD/packages/install/local_setup.sh'
[1.711s] INFO:colcon.colcon_core.shell:Creating prefix util module '/home/student/MSD/packages/install/_local_setup_util_sh.py'
[1.712s] INFO:colcon.colcon_core.shell:Creating prefix chain script '/home/student/MSD/packages/install/setup.sh'
[1.721s] INFO:colcon.colcon_core.shell:Creating prefix script '/home/student/MSD/packages/install/local_setup.bash'
[1.721s] INFO:colcon.colcon_core.shell:Creating prefix chain script '/home/student/MSD/packages/install/setup.bash'
[1.730s] INFO:colcon.colcon_core.shell:Creating prefix script '/home/student/MSD/packages/install/local_setup.zsh'
[1.730s] INFO:colcon.colcon_core.shell:Creating prefix chain script '/home/student/MSD/packages/install/setup.zsh'
