[0.053s] Invoking command in '/home/student/MSD/dobot_ws/build/dobot_magician_interface': CMAKE_PREFIX_PATH=/opt/ros/humble /usr/bin/cmake /home/student/MSD/dobot_ws/src/dobot_magician_interface -DCMAKE_INSTALL_PREFIX=/home/student/MSD/dobot_ws/install/dobot_magician_interface
[0.221s] -- The C compiler identification is GNU 11.4.0
[0.381s] -- The CXX compiler identification is GNU 11.4.0
[0.395s] -- Detecting C compiler ABI info
[0.470s] -- Detecting C compiler ABI info - done
[0.473s] -- Check for working C compiler: /usr/bin/cc - skipped
[0.473s] -- Detecting C compile features
[0.475s] -- Detecting C compile features - done
[0.478s] -- Detecting CXX compiler ABI info
[0.566s] -- Detecting CXX compiler ABI info - done
[0.570s] -- Check for working CXX compiler: /usr/bin/c++ - skipped
[0.570s] -- Detecting CXX compile features
[0.571s] -- Detecting CXX compile features - done
[0.576s] -- Found ament_cmake: 1.3.7 (/opt/ros/humble/share/ament_cmake/cmake)
[0.711s] -- Found Python3: /usr/bin/python3.10 (found version "3.10.12") found components: Interpreter 
[0.875s] -- Found rosidl_default_generators: 1.2.0 (/opt/ros/humble/share/rosidl_default_generators/cmake)
[0.881s] -- Using all available rosidl_typesupport_c: rosidl_typesupport_fastrtps_c;rosidl_typesupport_introspection_c
[0.890s] -- Found rosidl_adapter: 3.1.5 (/opt/ros/humble/share/rosidl_adapter/cmake)
[0.967s] -- Using all available rosidl_typesupport_cpp: rosidl_typesupport_fastrtps_cpp;rosidl_typesupport_introspection_cpp
[1.364s] -- Found ament_cmake_ros: 0.10.0 (/opt/ros/humble/share/ament_cmake_ros/cmake)
[1.555s] -- Using all available rosidl_typesupport_c: rosidl_typesupport_fastrtps_c;rosidl_typesupport_introspection_c
[1.748s] -- Using all available rosidl_typesupport_cpp: rosidl_typesupport_fastrtps_cpp;rosidl_typesupport_introspection_cpp
[1.792s] -- Found PythonInterp: /usr/bin/python3 (found suitable version "3.10.12", minimum required is "3.6") 
[1.796s] -- Found python_cmake_module: 0.10.0 (/opt/ros/humble/share/python_cmake_module/cmake)
[1.824s] -- Found PythonLibs: /usr/lib/x86_64-linux-gnu/libpython3.10.so (found suitable version "3.10.12", minimum required is "3.5") 
[1.824s] -- Using PYTHON_EXECUTABLE: /usr/bin/python3
[1.824s] -- Using PYTHON_INCLUDE_DIRS: /usr/include/python3.10
[1.825s] -- Using PYTHON_LIBRARIES: /usr/lib/x86_64-linux-gnu/libpython3.10.so
[1.844s] -- Found PythonExtra: .so  
[1.897s] -- Found ament_lint_auto: 0.12.10 (/opt/ros/humble/share/ament_lint_auto/cmake)
[1.943s] -- Added test 'lint_cmake' to check CMake code style
[1.945s] -- Added test 'xmllint' to check XML markup files
[1.948s] -- Configuring done
[1.972s] -- Generating done
[1.974s] -- Build files have been written to: /home/student/MSD/dobot_ws/build/dobot_magician_interface
[1.991s] Invoked command in '/home/student/MSD/dobot_ws/build/dobot_magician_interface' returned '0': CMAKE_PREFIX_PATH=/opt/ros/humble /usr/bin/cmake /home/student/MSD/dobot_ws/src/dobot_magician_interface -DCMAKE_INSTALL_PREFIX=/home/student/MSD/dobot_ws/install/dobot_magician_interface
[1.992s] Invoking command in '/home/student/MSD/dobot_ws/build/dobot_magician_interface': CMAKE_PREFIX_PATH=/opt/ros/humble /usr/bin/cmake --build /home/student/MSD/dobot_ws/build/dobot_magician_interface -- -j4 -l4
[2.024s] [  3%] [34m[1mGenerating C code for ROS interfaces[0m
[2.034s] [  6%] [34m[1mGenerating C++ code for ROS interfaces[0m
[2.051s] [  6%] Built target ament_cmake_python_copy_dobot_magician_interface
[2.202s] running egg_info
[2.202s] creating dobot_magician_interface.egg-info
[2.202s] writing dobot_magician_interface.egg-info/PKG-INFO
[2.202s] writing dependency_links to dobot_magician_interface.egg-info/dependency_links.txt
[2.202s] writing top-level names to dobot_magician_interface.egg-info/top_level.txt
[2.202s] writing manifest file 'dobot_magician_interface.egg-info/SOURCES.txt'
[2.203s] reading manifest file 'dobot_magician_interface.egg-info/SOURCES.txt'
[2.204s] writing manifest file 'dobot_magician_interface.egg-info/SOURCES.txt'
[2.242s] [  6%] Built target ament_cmake_python_build_dobot_magician_interface_egg
[2.318s] [  9%] [32mBuilding C object CMakeFiles/dobot_magician_interface__rosidl_generator_c.dir/rosidl_generator_c/dobot_magician_interface/action/detail/joint_ptp__functions.c.o[0m
[2.418s] [  9%] Built target dobot_magician_interface__cpp
[2.428s] [ 12%] [34m[1mGenerating C++ introspection for ROS interfaces[0m
[2.428s] [ 16%] [34m[1mGenerating C++ type support for eProsima Fast-RTPS[0m
[2.435s] [ 19%] [34m[1mGenerating C++ type support dispatch for ROS interfaces[0m
[2.470s] [ 22%] [32m[1mLinking C shared library libdobot_magician_interface__rosidl_generator_c.so[0m
[2.572s] [ 22%] Built target dobot_magician_interface__rosidl_generator_c
[2.597s] [ 25%] [34m[1mGenerating C type support for eProsima Fast-RTPS[0m
[2.643s] [ 29%] [32mBuilding CXX object CMakeFiles/dobot_magician_interface__rosidl_typesupport_cpp.dir/rosidl_typesupport_cpp/dobot_magician_interface/action/joint_ptp__type_support.cpp.o[0m
[2.689s] [ 32%] [32mBuilding CXX object CMakeFiles/dobot_magician_interface__rosidl_typesupport_introspection_cpp.dir/rosidl_typesupport_introspection_cpp/dobot_magician_interface/action/detail/joint_ptp__type_support.cpp.o[0m
[2.723s] [ 35%] [32mBuilding CXX object CMakeFiles/dobot_magician_interface__rosidl_typesupport_fastrtps_cpp.dir/rosidl_typesupport_fastrtps_cpp/dobot_magician_interface/action/detail/dds_fastrtps/joint_ptp__type_support.cpp.o[0m
[2.900s] [ 38%] [32mBuilding CXX object CMakeFiles/dobot_magician_interface__rosidl_typesupport_fastrtps_c.dir/rosidl_typesupport_fastrtps_c/dobot_magician_interface/action/detail/joint_ptp__type_support_c.cpp.o[0m
[3.139s] [ 41%] [32m[1mLinking CXX shared library libdobot_magician_interface__rosidl_typesupport_cpp.so[0m
[3.240s] [ 41%] Built target dobot_magician_interface__rosidl_typesupport_cpp
[3.246s] [ 45%] [32m[1mLinking CXX shared library libdobot_magician_interface__rosidl_typesupport_fastrtps_c.so[0m
[3.252s] [ 48%] [34m[1mGenerating C introspection for ROS interfaces[0m
[3.273s] [ 51%] [32m[1mLinking CXX shared library libdobot_magician_interface__rosidl_typesupport_introspection_cpp.so[0m
[3.279s] [ 54%] [32m[1mLinking CXX shared library libdobot_magician_interface__rosidl_typesupport_fastrtps_cpp.so[0m
[3.354s] [ 54%] Built target dobot_magician_interface__rosidl_typesupport_introspection_cpp
[3.357s] [ 54%] Built target dobot_magician_interface__rosidl_typesupport_fastrtps_c
[3.364s] [ 58%] [34m[1mGenerating C type support dispatch for ROS interfaces[0m
[3.364s] [ 58%] Built target dobot_magician_interface__rosidl_typesupport_fastrtps_cpp
[3.563s] [ 61%] [32mBuilding CXX object CMakeFiles/dobot_magician_interface__rosidl_typesupport_c.dir/rosidl_typesupport_c/dobot_magician_interface/action/joint_ptp__type_support.cpp.o[0m
[3.587s] [ 64%] [32mBuilding C object CMakeFiles/dobot_magician_interface__rosidl_typesupport_introspection_c.dir/rosidl_typesupport_introspection_c/dobot_magician_interface/action/detail/joint_ptp__type_support.c.o[0m
[3.605s] [ 67%] [32m[1mLinking CXX shared library libdobot_magician_interface__rosidl_typesupport_c.so[0m
[3.638s] [ 70%] [32m[1mLinking C shared library libdobot_magician_interface__rosidl_typesupport_introspection_c.so[0m
[3.646s] [ 70%] Built target dobot_magician_interface__rosidl_typesupport_c
[3.666s] [ 70%] Built target dobot_magician_interface__rosidl_typesupport_introspection_c
[3.685s] [ 70%] Built target dobot_magician_interface
[3.704s] [ 74%] [34m[1mGenerating Python code for ROS interfaces[0m
[4.120s] [ 74%] Built target dobot_magician_interface__py
[4.146s] [ 77%] [32mBuilding C object CMakeFiles/dobot_magician_interface__rosidl_generator_py.dir/rosidl_generator_py/dobot_magician_interface/action/_joint_ptp_s.c.o[0m
[4.339s] [ 80%] [32m[1mLinking C shared library rosidl_generator_py/dobot_magician_interface/libdobot_magician_interface__rosidl_generator_py.so[0m
[4.381s] [ 80%] Built target dobot_magician_interface__rosidl_generator_py
[4.400s] [ 90%] [32mBuilding C object CMakeFiles/dobot_magician_interface__rosidl_typesupport_fastrtps_c__pyext.dir/rosidl_generator_py/dobot_magician_interface/_dobot_magician_interface_s.ep.rosidl_typesupport_fastrtps_c.c.o[0m
[4.400s] [ 90%] [32mBuilding C object CMakeFiles/dobot_magician_interface__rosidl_typesupport_introspection_c__pyext.dir/rosidl_generator_py/dobot_magician_interface/_dobot_magician_interface_s.ep.rosidl_typesupport_introspection_c.c.o[0m
[4.400s] [ 90%] [32mBuilding C object CMakeFiles/dobot_magician_interface__rosidl_typesupport_c__pyext.dir/rosidl_generator_py/dobot_magician_interface/_dobot_magician_interface_s.ep.rosidl_typesupport_c.c.o[0m
[4.473s] [ 93%] [32m[1mLinking C shared library rosidl_generator_py/dobot_magician_interface/dobot_magician_interface_s__rosidl_typesupport_c.cpython-310-x86_64-linux-gnu.so[0m
[4.474s] [ 96%] [32m[1mLinking C shared library rosidl_generator_py/dobot_magician_interface/dobot_magician_interface_s__rosidl_typesupport_fastrtps_c.cpython-310-x86_64-linux-gnu.so[0m
[4.484s] [100%] [32m[1mLinking C shared library rosidl_generator_py/dobot_magician_interface/dobot_magician_interface_s__rosidl_typesupport_introspection_c.cpython-310-x86_64-linux-gnu.so[0m
[4.519s] [100%] Built target dobot_magician_interface__rosidl_typesupport_fastrtps_c__pyext
[4.520s] [100%] Built target dobot_magician_interface__rosidl_typesupport_c__pyext
[4.525s] [100%] Built target dobot_magician_interface__rosidl_typesupport_introspection_c__pyext
[4.536s] Invoked command in '/home/student/MSD/dobot_ws/build/dobot_magician_interface' returned '0': CMAKE_PREFIX_PATH=/opt/ros/humble /usr/bin/cmake --build /home/student/MSD/dobot_ws/build/dobot_magician_interface -- -j4 -l4
[4.646s] Invoking command in '/home/student/MSD/dobot_ws/build/dobot_magician_interface': CMAKE_PREFIX_PATH=/opt/ros/humble /usr/bin/cmake --install /home/student/MSD/dobot_ws/build/dobot_magician_interface
[4.653s] -- Install configuration: ""
[4.653s] -- Installing: /home/student/MSD/dobot_ws/install/dobot_magician_interface/share/ament_index/resource_index/rosidl_interfaces/dobot_magician_interface
[4.654s] -- Installing: /home/student/MSD/dobot_ws/install/dobot_magician_interface/include/dobot_magician_interface/dobot_magician_interface
[4.654s] -- Installing: /home/student/MSD/dobot_ws/install/dobot_magician_interface/include/dobot_magician_interface/dobot_magician_interface/msg
[4.654s] -- Installing: /home/student/MSD/dobot_ws/install/dobot_magician_interface/include/dobot_magician_interface/dobot_magician_interface/msg/rosidl_generator_c__visibility_control.h
[4.654s] -- Installing: /home/student/MSD/dobot_ws/install/dobot_magician_interface/include/dobot_magician_interface/dobot_magician_interface/action
[4.654s] -- Installing: /home/student/MSD/dobot_ws/install/dobot_magician_interface/include/dobot_magician_interface/dobot_magician_interface/action/joint_ptp.h
[4.655s] -- Installing: /home/student/MSD/dobot_ws/install/dobot_magician_interface/include/dobot_magician_interface/dobot_magician_interface/action/detail
[4.655s] -- Installing: /home/student/MSD/dobot_ws/install/dobot_magician_interface/include/dobot_magician_interface/dobot_magician_interface/action/detail/joint_ptp__functions.h
[4.655s] -- Installing: /home/student/MSD/dobot_ws/install/dobot_magician_interface/include/dobot_magician_interface/dobot_magician_interface/action/detail/joint_ptp__struct.h
[4.655s] -- Installing: /home/student/MSD/dobot_ws/install/dobot_magician_interface/include/dobot_magician_interface/dobot_magician_interface/action/detail/joint_ptp__functions.c
[4.655s] -- Installing: /home/student/MSD/dobot_ws/install/dobot_magician_interface/include/dobot_magician_interface/dobot_magician_interface/action/detail/joint_ptp__type_support.h
[4.655s] -- Installing: /home/student/MSD/dobot_ws/install/dobot_magician_interface/share/dobot_magician_interface/environment/library_path.sh
[4.655s] -- Installing: /home/student/MSD/dobot_ws/install/dobot_magician_interface/share/dobot_magician_interface/environment/library_path.dsv
[4.656s] -- Installing: /home/student/MSD/dobot_ws/install/dobot_magician_interface/lib/libdobot_magician_interface__rosidl_generator_c.so
[4.656s] -- Set runtime path of "/home/student/MSD/dobot_ws/install/dobot_magician_interface/lib/libdobot_magician_interface__rosidl_generator_c.so" to ""
[4.656s] -- Up-to-date: /home/student/MSD/dobot_ws/install/dobot_magician_interface/include/dobot_magician_interface/dobot_magician_interface
[4.656s] -- Up-to-date: /home/student/MSD/dobot_ws/install/dobot_magician_interface/include/dobot_magician_interface/dobot_magician_interface/msg
[4.657s] -- Installing: /home/student/MSD/dobot_ws/install/dobot_magician_interface/include/dobot_magician_interface/dobot_magician_interface/msg/rosidl_typesupport_fastrtps_c__visibility_control.h
[4.657s] -- Up-to-date: /home/student/MSD/dobot_ws/install/dobot_magician_interface/include/dobot_magician_interface/dobot_magician_interface/action
[4.657s] -- Up-to-date: /home/student/MSD/dobot_ws/install/dobot_magician_interface/include/dobot_magician_interface/dobot_magician_interface/action/detail
[4.657s] -- Installing: /home/student/MSD/dobot_ws/install/dobot_magician_interface/include/dobot_magician_interface/dobot_magician_interface/action/detail/joint_ptp__rosidl_typesupport_fastrtps_c.h
[4.657s] -- Installing: /home/student/MSD/dobot_ws/install/dobot_magician_interface/lib/libdobot_magician_interface__rosidl_typesupport_fastrtps_c.so
[4.657s] -- Set runtime path of "/home/student/MSD/dobot_ws/install/dobot_magician_interface/lib/libdobot_magician_interface__rosidl_typesupport_fastrtps_c.so" to ""
[4.657s] -- Up-to-date: /home/student/MSD/dobot_ws/install/dobot_magician_interface/include/dobot_magician_interface/dobot_magician_interface
[4.658s] -- Up-to-date: /home/student/MSD/dobot_ws/install/dobot_magician_interface/include/dobot_magician_interface/dobot_magician_interface/msg
[4.658s] -- Installing: /home/student/MSD/dobot_ws/install/dobot_magician_interface/include/dobot_magician_interface/dobot_magician_interface/msg/rosidl_typesupport_introspection_c__visibility_control.h
[4.658s] -- Up-to-date: /home/student/MSD/dobot_ws/install/dobot_magician_interface/include/dobot_magician_interface/dobot_magician_interface/action
[4.658s] -- Up-to-date: /home/student/MSD/dobot_ws/install/dobot_magician_interface/include/dobot_magician_interface/dobot_magician_interface/action/detail
[4.658s] -- Installing: /home/student/MSD/dobot_ws/install/dobot_magician_interface/include/dobot_magician_interface/dobot_magician_interface/action/detail/joint_ptp__type_support.c
[4.658s] -- Installing: /home/student/MSD/dobot_ws/install/dobot_magician_interface/include/dobot_magician_interface/dobot_magician_interface/action/detail/joint_ptp__rosidl_typesupport_introspection_c.h
[4.659s] -- Installing: /home/student/MSD/dobot_ws/install/dobot_magician_interface/lib/libdobot_magician_interface__rosidl_typesupport_introspection_c.so
[4.659s] -- Set runtime path of "/home/student/MSD/dobot_ws/install/dobot_magician_interface/lib/libdobot_magician_interface__rosidl_typesupport_introspection_c.so" to ""
[4.659s] -- Installing: /home/student/MSD/dobot_ws/install/dobot_magician_interface/lib/libdobot_magician_interface__rosidl_typesupport_c.so
[4.659s] -- Set runtime path of "/home/student/MSD/dobot_ws/install/dobot_magician_interface/lib/libdobot_magician_interface__rosidl_typesupport_c.so" to ""
[4.659s] -- Up-to-date: /home/student/MSD/dobot_ws/install/dobot_magician_interface/include/dobot_magician_interface/dobot_magician_interface
[4.659s] -- Up-to-date: /home/student/MSD/dobot_ws/install/dobot_magician_interface/include/dobot_magician_interface/dobot_magician_interface/action
[4.659s] -- Up-to-date: /home/student/MSD/dobot_ws/install/dobot_magician_interface/include/dobot_magician_interface/dobot_magician_interface/action/detail
[4.659s] -- Installing: /home/student/MSD/dobot_ws/install/dobot_magician_interface/include/dobot_magician_interface/dobot_magician_interface/action/detail/joint_ptp__traits.hpp
[4.660s] -- Installing: /home/student/MSD/dobot_ws/install/dobot_magician_interface/include/dobot_magician_interface/dobot_magician_interface/action/detail/joint_ptp__struct.hpp
[4.660s] -- Installing: /home/student/MSD/dobot_ws/install/dobot_magician_interface/include/dobot_magician_interface/dobot_magician_interface/action/detail/joint_ptp__builder.hpp
[4.660s] -- Installing: /home/student/MSD/dobot_ws/install/dobot_magician_interface/include/dobot_magician_interface/dobot_magician_interface/action/joint_ptp.hpp
[4.661s] -- Up-to-date: /home/student/MSD/dobot_ws/install/dobot_magician_interface/include/dobot_magician_interface/dobot_magician_interface
[4.661s] -- Up-to-date: /home/student/MSD/dobot_ws/install/dobot_magician_interface/include/dobot_magician_interface/dobot_magician_interface/msg
[4.661s] -- Installing: /home/student/MSD/dobot_ws/install/dobot_magician_interface/include/dobot_magician_interface/dobot_magician_interface/msg/rosidl_typesupport_fastrtps_cpp__visibility_control.h
[4.661s] -- Up-to-date: /home/student/MSD/dobot_ws/install/dobot_magician_interface/include/dobot_magician_interface/dobot_magician_interface/action
[4.661s] -- Up-to-date: /home/student/MSD/dobot_ws/install/dobot_magician_interface/include/dobot_magician_interface/dobot_magician_interface/action/detail
[4.661s] -- Installing: /home/student/MSD/dobot_ws/install/dobot_magician_interface/include/dobot_magician_interface/dobot_magician_interface/action/detail/dds_fastrtps
[4.663s] -- Installing: /home/student/MSD/dobot_ws/install/dobot_magician_interface/include/dobot_magician_interface/dobot_magician_interface/action/detail/joint_ptp__rosidl_typesupport_fastrtps_cpp.hpp
[4.663s] -- Installing: /home/student/MSD/dobot_ws/install/dobot_magician_interface/lib/libdobot_magician_interface__rosidl_typesupport_fastrtps_cpp.so
[4.663s] -- Set runtime path of "/home/student/MSD/dobot_ws/install/dobot_magician_interface/lib/libdobot_magician_interface__rosidl_typesupport_fastrtps_cpp.so" to ""
[4.663s] -- Up-to-date: /home/student/MSD/dobot_ws/install/dobot_magician_interface/include/dobot_magician_interface/dobot_magician_interface
[4.663s] -- Up-to-date: /home/student/MSD/dobot_ws/install/dobot_magician_interface/include/dobot_magician_interface/dobot_magician_interface/action
[4.663s] -- Up-to-date: /home/student/MSD/dobot_ws/install/dobot_magician_interface/include/dobot_magician_interface/dobot_magician_interface/action/detail
[4.663s] -- Installing: /home/student/MSD/dobot_ws/install/dobot_magician_interface/include/dobot_magician_interface/dobot_magician_interface/action/detail/joint_ptp__rosidl_typesupport_introspection_cpp.hpp
[4.663s] -- Installing: /home/student/MSD/dobot_ws/install/dobot_magician_interface/include/dobot_magician_interface/dobot_magician_interface/action/detail/joint_ptp__type_support.cpp
[4.663s] -- Installing: /home/student/MSD/dobot_ws/install/dobot_magician_interface/lib/libdobot_magician_interface__rosidl_typesupport_introspection_cpp.so
[4.663s] -- Set runtime path of "/home/student/MSD/dobot_ws/install/dobot_magician_interface/lib/libdobot_magician_interface__rosidl_typesupport_introspection_cpp.so" to ""
[4.663s] -- Installing: /home/student/MSD/dobot_ws/install/dobot_magician_interface/lib/libdobot_magician_interface__rosidl_typesupport_cpp.so
[4.664s] -- Set runtime path of "/home/student/MSD/dobot_ws/install/dobot_magician_interface/lib/libdobot_magician_interface__rosidl_typesupport_cpp.so" to ""
[4.664s] -- Installing: /home/student/MSD/dobot_ws/install/dobot_magician_interface/share/dobot_magician_interface/environment/pythonpath.sh
[4.664s] -- Installing: /home/student/MSD/dobot_ws/install/dobot_magician_interface/share/dobot_magician_interface/environment/pythonpath.dsv
[4.664s] -- Installing: /home/student/MSD/dobot_ws/install/dobot_magician_interface/local/lib/python3.10/dist-packages/dobot_magician_interface-0.0.1-py3.10.egg-info
[4.664s] -- Installing: /home/student/MSD/dobot_ws/install/dobot_magician_interface/local/lib/python3.10/dist-packages/dobot_magician_interface-0.0.1-py3.10.egg-info/top_level.txt
[4.664s] -- Installing: /home/student/MSD/dobot_ws/install/dobot_magician_interface/local/lib/python3.10/dist-packages/dobot_magician_interface-0.0.1-py3.10.egg-info/dependency_links.txt
[4.664s] -- Installing: /home/student/MSD/dobot_ws/install/dobot_magician_interface/local/lib/python3.10/dist-packages/dobot_magician_interface-0.0.1-py3.10.egg-info/SOURCES.txt
[4.664s] -- Installing: /home/student/MSD/dobot_ws/install/dobot_magician_interface/local/lib/python3.10/dist-packages/dobot_magician_interface-0.0.1-py3.10.egg-info/PKG-INFO
[4.664s] -- Installing: /home/student/MSD/dobot_ws/install/dobot_magician_interface/local/lib/python3.10/dist-packages/dobot_magician_interface
[4.664s] -- Installing: /home/student/MSD/dobot_ws/install/dobot_magician_interface/local/lib/python3.10/dist-packages/dobot_magician_interface/dobot_magician_interface_s__rosidl_typesupport_c.cpython-310-x86_64-linux-gnu.so
[4.664s] -- Installing: /home/student/MSD/dobot_ws/install/dobot_magician_interface/local/lib/python3.10/dist-packages/dobot_magician_interface/dobot_magician_interface_s__rosidl_typesupport_introspection_c.cpython-310-x86_64-linux-gnu.so
[4.664s] -- Installing: /home/student/MSD/dobot_ws/install/dobot_magician_interface/local/lib/python3.10/dist-packages/dobot_magician_interface/libdobot_magician_interface__rosidl_generator_py.so
[4.664s] -- Installing: /home/student/MSD/dobot_ws/install/dobot_magician_interface/local/lib/python3.10/dist-packages/dobot_magician_interface/_dobot_magician_interface_s.ep.rosidl_typesupport_c.c
[4.665s] -- Installing: /home/student/MSD/dobot_ws/install/dobot_magician_interface/local/lib/python3.10/dist-packages/dobot_magician_interface/__init__.py
[4.665s] -- Installing: /home/student/MSD/dobot_ws/install/dobot_magician_interface/local/lib/python3.10/dist-packages/dobot_magician_interface/dobot_magician_interface_s__rosidl_typesupport_fastrtps_c.cpython-310-x86_64-linux-gnu.so
[4.665s] -- Installing: /home/student/MSD/dobot_ws/install/dobot_magician_interface/local/lib/python3.10/dist-packages/dobot_magician_interface/_dobot_magician_interface_s.ep.rosidl_typesupport_fastrtps_c.c
[4.665s] -- Installing: /home/student/MSD/dobot_ws/install/dobot_magician_interface/local/lib/python3.10/dist-packages/dobot_magician_interface/_dobot_magician_interface_s.ep.rosidl_typesupport_introspection_c.c
[4.665s] -- Installing: /home/student/MSD/dobot_ws/install/dobot_magician_interface/local/lib/python3.10/dist-packages/dobot_magician_interface/action
[4.665s] -- Installing: /home/student/MSD/dobot_ws/install/dobot_magician_interface/local/lib/python3.10/dist-packages/dobot_magician_interface/action/_joint_ptp_s.c
[4.665s] -- Installing: /home/student/MSD/dobot_ws/install/dobot_magician_interface/local/lib/python3.10/dist-packages/dobot_magician_interface/action/__init__.py
[4.665s] -- Installing: /home/student/MSD/dobot_ws/install/dobot_magician_interface/local/lib/python3.10/dist-packages/dobot_magician_interface/action/_joint_ptp.py
[4.702s] Listing '/home/student/MSD/dobot_ws/install/dobot_magician_interface/local/lib/python3.10/dist-packages/dobot_magician_interface'...
[4.702s] Compiling '/home/student/MSD/dobot_ws/install/dobot_magician_interface/local/lib/python3.10/dist-packages/dobot_magician_interface/__init__.py'...
[4.702s] Listing '/home/student/MSD/dobot_ws/install/dobot_magician_interface/local/lib/python3.10/dist-packages/dobot_magician_interface/action'...
[4.702s] Compiling '/home/student/MSD/dobot_ws/install/dobot_magician_interface/local/lib/python3.10/dist-packages/dobot_magician_interface/action/__init__.py'...
[4.702s] Compiling '/home/student/MSD/dobot_ws/install/dobot_magician_interface/local/lib/python3.10/dist-packages/dobot_magician_interface/action/_joint_ptp.py'...
[4.705s] -- Installing: /home/student/MSD/dobot_ws/install/dobot_magician_interface/local/lib/python3.10/dist-packages/dobot_magician_interface/dobot_magician_interface_s__rosidl_typesupport_fastrtps_c.cpython-310-x86_64-linux-gnu.so
[4.706s] -- Set runtime path of "/home/student/MSD/dobot_ws/install/dobot_magician_interface/local/lib/python3.10/dist-packages/dobot_magician_interface/dobot_magician_interface_s__rosidl_typesupport_fastrtps_c.cpython-310-x86_64-linux-gnu.so" to ""
[4.707s] -- Installing: /home/student/MSD/dobot_ws/install/dobot_magician_interface/local/lib/python3.10/dist-packages/dobot_magician_interface/dobot_magician_interface_s__rosidl_typesupport_introspection_c.cpython-310-x86_64-linux-gnu.so
[4.707s] -- Set runtime path of "/home/student/MSD/dobot_ws/install/dobot_magician_interface/local/lib/python3.10/dist-packages/dobot_magician_interface/dobot_magician_interface_s__rosidl_typesupport_introspection_c.cpython-310-x86_64-linux-gnu.so" to ""
[4.708s] -- Installing: /home/student/MSD/dobot_ws/install/dobot_magician_interface/local/lib/python3.10/dist-packages/dobot_magician_interface/dobot_magician_interface_s__rosidl_typesupport_c.cpython-310-x86_64-linux-gnu.so
[4.708s] -- Set runtime path of "/home/student/MSD/dobot_ws/install/dobot_magician_interface/local/lib/python3.10/dist-packages/dobot_magician_interface/dobot_magician_interface_s__rosidl_typesupport_c.cpython-310-x86_64-linux-gnu.so" to ""
[4.709s] -- Installing: /home/student/MSD/dobot_ws/install/dobot_magician_interface/lib/libdobot_magician_interface__rosidl_generator_py.so
[4.709s] -- Set runtime path of "/home/student/MSD/dobot_ws/install/dobot_magician_interface/lib/libdobot_magician_interface__rosidl_generator_py.so" to ""
[4.710s] -- Installing: /home/student/MSD/dobot_ws/install/dobot_magician_interface/share/dobot_magician_interface/action/JointPTP.idl
[4.711s] -- Installing: /home/student/MSD/dobot_ws/install/dobot_magician_interface/share/dobot_magician_interface/action/JointPTP.action
[4.711s] -- Installing: /home/student/MSD/dobot_ws/install/dobot_magician_interface/share/ament_index/resource_index/package_run_dependencies/dobot_magician_interface
[4.712s] -- Installing: /home/student/MSD/dobot_ws/install/dobot_magician_interface/share/ament_index/resource_index/parent_prefix_path/dobot_magician_interface
[4.715s] -- Installing: /home/student/MSD/dobot_ws/install/dobot_magician_interface/share/dobot_magician_interface/environment/ament_prefix_path.sh
[4.718s] -- Installing: /home/student/MSD/dobot_ws/install/dobot_magician_interface/share/dobot_magician_interface/environment/ament_prefix_path.dsv
[4.722s] -- Installing: /home/student/MSD/dobot_ws/install/dobot_magician_interface/share/dobot_magician_interface/environment/path.sh
[4.724s] -- Installing: /home/student/MSD/dobot_ws/install/dobot_magician_interface/share/dobot_magician_interface/environment/path.dsv
[4.726s] -- Installing: /home/student/MSD/dobot_ws/install/dobot_magician_interface/share/dobot_magician_interface/local_setup.bash
[4.729s] -- Installing: /home/student/MSD/dobot_ws/install/dobot_magician_interface/share/dobot_magician_interface/local_setup.sh
[4.731s] -- Installing: /home/student/MSD/dobot_ws/install/dobot_magician_interface/share/dobot_magician_interface/local_setup.zsh
[4.731s] -- Installing: /home/student/MSD/dobot_ws/install/dobot_magician_interface/share/dobot_magician_interface/local_setup.dsv
[4.731s] -- Installing: /home/student/MSD/dobot_ws/install/dobot_magician_interface/share/dobot_magician_interface/package.dsv
[4.732s] -- Installing: /home/student/MSD/dobot_ws/install/dobot_magician_interface/share/ament_index/resource_index/packages/dobot_magician_interface
[4.732s] -- Installing: /home/student/MSD/dobot_ws/install/dobot_magician_interface/share/dobot_magician_interface/cmake/export_dobot_magician_interface__rosidl_generator_cExport.cmake
[4.733s] -- Installing: /home/student/MSD/dobot_ws/install/dobot_magician_interface/share/dobot_magician_interface/cmake/export_dobot_magician_interface__rosidl_generator_cExport-noconfig.cmake
[4.733s] -- Installing: /home/student/MSD/dobot_ws/install/dobot_magician_interface/share/dobot_magician_interface/cmake/export_dobot_magician_interface__rosidl_typesupport_fastrtps_cExport.cmake
[4.734s] -- Installing: /home/student/MSD/dobot_ws/install/dobot_magician_interface/share/dobot_magician_interface/cmake/export_dobot_magician_interface__rosidl_typesupport_fastrtps_cExport-noconfig.cmake
[4.734s] -- Installing: /home/student/MSD/dobot_ws/install/dobot_magician_interface/share/dobot_magician_interface/cmake/dobot_magician_interface__rosidl_typesupport_introspection_cExport.cmake
[4.735s] -- Installing: /home/student/MSD/dobot_ws/install/dobot_magician_interface/share/dobot_magician_interface/cmake/dobot_magician_interface__rosidl_typesupport_introspection_cExport-noconfig.cmake
[4.735s] -- Installing: /home/student/MSD/dobot_ws/install/dobot_magician_interface/share/dobot_magician_interface/cmake/dobot_magician_interface__rosidl_typesupport_cExport.cmake
[4.735s] -- Installing: /home/student/MSD/dobot_ws/install/dobot_magician_interface/share/dobot_magician_interface/cmake/dobot_magician_interface__rosidl_typesupport_cExport-noconfig.cmake
[4.736s] -- Installing: /home/student/MSD/dobot_ws/install/dobot_magician_interface/share/dobot_magician_interface/cmake/export_dobot_magician_interface__rosidl_generator_cppExport.cmake
[4.736s] -- Installing: /home/student/MSD/dobot_ws/install/dobot_magician_interface/share/dobot_magician_interface/cmake/export_dobot_magician_interface__rosidl_typesupport_fastrtps_cppExport.cmake
[4.736s] -- Installing: /home/student/MSD/dobot_ws/install/dobot_magician_interface/share/dobot_magician_interface/cmake/export_dobot_magician_interface__rosidl_typesupport_fastrtps_cppExport-noconfig.cmake
[4.737s] -- Installing: /home/student/MSD/dobot_ws/install/dobot_magician_interface/share/dobot_magician_interface/cmake/dobot_magician_interface__rosidl_typesupport_introspection_cppExport.cmake
[4.737s] -- Installing: /home/student/MSD/dobot_ws/install/dobot_magician_interface/share/dobot_magician_interface/cmake/dobot_magician_interface__rosidl_typesupport_introspection_cppExport-noconfig.cmake
[4.738s] -- Installing: /home/student/MSD/dobot_ws/install/dobot_magician_interface/share/dobot_magician_interface/cmake/dobot_magician_interface__rosidl_typesupport_cppExport.cmake
[4.738s] -- Installing: /home/student/MSD/dobot_ws/install/dobot_magician_interface/share/dobot_magician_interface/cmake/dobot_magician_interface__rosidl_typesupport_cppExport-noconfig.cmake
[4.738s] -- Installing: /home/student/MSD/dobot_ws/install/dobot_magician_interface/share/dobot_magician_interface/cmake/export_dobot_magician_interface__rosidl_generator_pyExport.cmake
[4.739s] -- Installing: /home/student/MSD/dobot_ws/install/dobot_magician_interface/share/dobot_magician_interface/cmake/export_dobot_magician_interface__rosidl_generator_pyExport-noconfig.cmake
[4.739s] -- Installing: /home/student/MSD/dobot_ws/install/dobot_magician_interface/share/dobot_magician_interface/cmake/rosidl_cmake-extras.cmake
[4.739s] -- Installing: /home/student/MSD/dobot_ws/install/dobot_magician_interface/share/dobot_magician_interface/cmake/ament_cmake_export_dependencies-extras.cmake
[4.740s] -- Installing: /home/student/MSD/dobot_ws/install/dobot_magician_interface/share/dobot_magician_interface/cmake/ament_cmake_export_include_directories-extras.cmake
[4.740s] -- Installing: /home/student/MSD/dobot_ws/install/dobot_magician_interface/share/dobot_magician_interface/cmake/ament_cmake_export_libraries-extras.cmake
[4.740s] -- Installing: /home/student/MSD/dobot_ws/install/dobot_magician_interface/share/dobot_magician_interface/cmake/ament_cmake_export_targets-extras.cmake
[4.740s] -- Installing: /home/student/MSD/dobot_ws/install/dobot_magician_interface/share/dobot_magician_interface/cmake/rosidl_cmake_export_typesupport_targets-extras.cmake
[4.740s] -- Installing: /home/student/MSD/dobot_ws/install/dobot_magician_interface/share/dobot_magician_interface/cmake/rosidl_cmake_export_typesupport_libraries-extras.cmake
[4.740s] -- Installing: /home/student/MSD/dobot_ws/install/dobot_magician_interface/share/dobot_magician_interface/cmake/dobot_magician_interfaceConfig.cmake
[4.740s] -- Installing: /home/student/MSD/dobot_ws/install/dobot_magician_interface/share/dobot_magician_interface/cmake/dobot_magician_interfaceConfig-version.cmake
[4.740s] -- Installing: /home/student/MSD/dobot_ws/install/dobot_magician_interface/share/dobot_magician_interface/package.xml
[4.740s] Invoked command in '/home/student/MSD/dobot_ws/build/dobot_magician_interface' returned '0': CMAKE_PREFIX_PATH=/opt/ros/humble /usr/bin/cmake --install /home/student/MSD/dobot_ws/build/dobot_magician_interface
