[1.171s] Invoking command in '/home/gabriel/MSD/packages/build/ms_3': PYTHONPATH=/home/gabriel/MSD/packages/build/ms_3/prefix_override:/home/gabriel/MSD/packages/install/ms_3/lib/python3.10/site-packages:${PYTHONPATH} WSLENV=ELECTRON_RUN_AS_NODE/w:JAVA_HOME/p /usr/bin/python3 setup.py develop --editable --build-directory /home/gabriel/MSD/packages/build/ms_3/build --no-deps install_data
[1.539s] running develop
[1.539s] /home/gabriel/.local/lib/python3.10/site-packages/setuptools/command/develop.py:40: EasyInstallDeprecationWarning: easy_install command is deprecated.
[1.539s] !!
[1.539s] 
[1.539s]         ********************************************************************************
[1.539s]         Please avoid running ``setup.py`` and ``easy_install``.
[1.539s]         Instead, use pypa/build, pypa/installer or other
[1.539s]         standards-based tools.
[1.539s] 
[1.539s]         See https://github.com/pypa/setuptools/issues/917 for details.
[1.539s]         ********************************************************************************
[1.539s] 
[1.540s] !!
[1.540s]   easy_install.initialize_options(self)
[1.579s] /home/gabriel/.local/lib/python3.10/site-packages/setuptools/_distutils/cmd.py:66: SetuptoolsDeprecationWarning: setup.py install is deprecated.
[1.579s] !!
[1.579s] 
[1.579s]         ********************************************************************************
[1.579s]         Please avoid running ``setup.py`` directly.
[1.579s]         Instead, use pypa/build, pypa/installer or other
[1.579s]         standards-based tools.
[1.579s] 
[1.579s]         See https://blog.ganssle.io/articles/2021/10/setup-py-deprecated.html for details.
[1.579s]         ********************************************************************************
[1.579s] 
[1.579s] !!
[1.580s]   self.initialize_options()
[1.799s] running egg_info
[1.816s] writing ms_3.egg-info/PKG-INFO
[1.816s] writing dependency_links to ms_3.egg-info/dependency_links.txt
[1.816s] writing entry points to ms_3.egg-info/entry_points.txt
[1.817s] writing requirements to ms_3.egg-info/requires.txt
[1.817s] writing top-level names to ms_3.egg-info/top_level.txt
[1.852s] reading manifest file 'ms_3.egg-info/SOURCES.txt'
[1.853s] writing manifest file 'ms_3.egg-info/SOURCES.txt'
[1.873s] running build_ext
[1.873s] Creating /home/gabriel/MSD/packages/install/ms_3/lib/python3.10/site-packages/ms-3.egg-link (link to .)
[1.874s] Installing follower script to /home/gabriel/MSD/packages/install/ms_3/lib/ms_3
[1.874s] Installing leader script to /home/gabriel/MSD/packages/install/ms_3/lib/ms_3
[1.874s] Installing milestone_3 script to /home/gabriel/MSD/packages/install/ms_3/lib/ms_3
[1.875s] 
[1.875s] Installed /home/gabriel/MSD/packages/build/ms_3
[1.875s] running install_data
[1.904s] Invoked command in '/home/gabriel/MSD/packages/build/ms_3' returned '0': PYTHONPATH=/home/gabriel/MSD/packages/build/ms_3/prefix_override:/home/gabriel/MSD/packages/install/ms_3/lib/python3.10/site-packages:${PYTHONPATH} WSLENV=ELECTRON_RUN_AS_NODE/w:JAVA_HOME/p /usr/bin/python3 setup.py develop --editable --build-directory /home/gabriel/MSD/packages/build/ms_3/build --no-deps install_data
