[1.596s] Invoking command in '/home/gabriel/MSD/packages/src/MS_3': PYTHONPATH=/home/gabriel/MSD/packages/build/MS_3/prefix_override:/home/gabriel/MSD/packages/install/MS_3/lib/python3.10/site-packages:${PYTHONPATH} WSLENV=ELECTRON_RUN_AS_NODE/w:JAVA_HOME/p /usr/bin/python3 setup.py egg_info --egg-base ../../build/MS_3 build --build-base /home/gabriel/MSD/packages/build/MS_3/build install --record /home/gabriel/MSD/packages/build/MS_3/install.log --single-version-externally-managed
[1.822s] running egg_info
[1.860s] writing ../../build/MS_3/MS_3.egg-info/PKG-INFO
[1.860s] writing dependency_links to ../../build/MS_3/MS_3.egg-info/dependency_links.txt
[1.861s] writing entry points to ../../build/MS_3/MS_3.egg-info/entry_points.txt
[1.868s] writing requirements to ../../build/MS_3/MS_3.egg-info/requires.txt
[1.868s] writing top-level names to ../../build/MS_3/MS_3.egg-info/top_level.txt
[1.905s] reading manifest file '../../build/MS_3/MS_3.egg-info/SOURCES.txt'
[1.906s] writing manifest file '../../build/MS_3/MS_3.egg-info/SOURCES.txt'
[1.906s] running build
[1.906s] running build_py
[1.907s] running install
[1.907s] /home/gabriel/.local/lib/python3.10/site-packages/setuptools/_distutils/cmd.py:66: SetuptoolsDeprecationWarning: setup.py install is deprecated.
[1.907s] !!
[1.907s] 
[1.907s]         ********************************************************************************
[1.907s]         Please avoid running ``setup.py`` directly.
[1.907s]         Instead, use pypa/build, pypa/installer or other
[1.907s]         standards-based tools.
[1.907s] 
[1.907s]         See https://blog.ganssle.io/articles/2021/10/setup-py-deprecated.html for details.
[1.907s]         ********************************************************************************
[1.907s] 
[1.907s] !!
[1.908s]   self.initialize_options()
[1.912s] running install_lib
[1.931s] running install_data
[1.948s] running install_egg_info
[1.965s] removing '/home/gabriel/MSD/packages/install/MS_3/lib/python3.10/site-packages/MS_3-0.0.1-py3.10.egg-info' (and everything under it)
[1.966s] Copying ../../build/MS_3/MS_3.egg-info to /home/gabriel/MSD/packages/install/MS_3/lib/python3.10/site-packages/MS_3-0.0.1-py3.10.egg-info
[1.966s] running install_scripts
[2.122s] Installing my_executable script to /home/gabriel/MSD/packages/install/MS_3/lib/MS_3
[2.123s] writing list of installed files to '/home/gabriel/MSD/packages/build/MS_3/install.log'
[2.153s] Invoked command in '/home/gabriel/MSD/packages/src/MS_3' returned '0': PYTHONPATH=/home/gabriel/MSD/packages/build/MS_3/prefix_override:/home/gabriel/MSD/packages/install/MS_3/lib/python3.10/site-packages:${PYTHONPATH} WSLENV=ELECTRON_RUN_AS_NODE/w:JAVA_HOME/p /usr/bin/python3 setup.py egg_info --egg-base ../../build/MS_3 build --build-base /home/gabriel/MSD/packages/build/MS_3/build install --record /home/gabriel/MSD/packages/build/MS_3/install.log --single-version-externally-managed
