[1.139s] Invoking command in '/home/gabriel/MSD/packages/build/ms_3': PYTHONPATH=/home/gabriel/MSD/packages/build/ms_3/prefix_override:/home/gabriel/MSD/packages/install/ms_3/lib/python3.10/site-packages:${PYTHONPATH} WSLENV=ELECTRON_RUN_AS_NODE/w:JAVA_HOME/p /usr/bin/python3 setup.py develop --editable --build-directory /home/gabriel/MSD/packages/build/ms_3/build --no-deps install_data
[1.457s] running develop
[1.458s] /home/gabriel/.local/lib/python3.10/site-packages/setuptools/command/develop.py:40: EasyInstallDeprecationWarning: easy_install command is deprecated.
[1.458s] !!
[1.458s] 
[1.458s]         ********************************************************************************
[1.458s]         Please avoid running ``setup.py`` and ``easy_install``.
[1.458s]         Instead, use pypa/build, pypa/installer or other
[1.458s]         standards-based tools.
[1.458s] 
[1.458s]         See https://github.com/pypa/setuptools/issues/917 for details.
[1.458s]         ********************************************************************************
[1.458s] 
[1.458s] !!
[1.458s]   easy_install.initialize_options(self)
[1.493s] /home/gabriel/.local/lib/python3.10/site-packages/setuptools/_distutils/cmd.py:66: SetuptoolsDeprecationWarning: setup.py install is deprecated.
[1.493s] !!
[1.493s] 
[1.493s]         ********************************************************************************
[1.493s]         Please avoid running ``setup.py`` directly.
[1.493s]         Instead, use pypa/build, pypa/installer or other
[1.493s]         standards-based tools.
[1.493s] 
[1.493s]         See https://blog.ganssle.io/articles/2021/10/setup-py-deprecated.html for details.
[1.493s]         ********************************************************************************
[1.493s] 
[1.493s] !!
[1.493s]   self.initialize_options()
[1.691s] running egg_info
[1.709s] writing ms_3.egg-info/PKG-INFO
[1.709s] writing dependency_links to ms_3.egg-info/dependency_links.txt
[1.709s] writing entry points to ms_3.egg-info/entry_points.txt
[1.709s] writing requirements to ms_3.egg-info/requires.txt
[1.710s] writing top-level names to ms_3.egg-info/top_level.txt
[1.744s] reading manifest file 'ms_3.egg-info/SOURCES.txt'
[1.745s] writing manifest file 'ms_3.egg-info/SOURCES.txt'
[1.763s] running build_ext
[1.763s] Creating /home/gabriel/MSD/packages/install/ms_3/lib/python3.10/site-packages/ms-3.egg-link (link to .)
[1.764s] Installing leader script to /home/gabriel/MSD/packages/install/ms_3/lib/ms_3
[1.764s] Installing milestone_3 script to /home/gabriel/MSD/packages/install/ms_3/lib/ms_3
[1.764s] 
[1.764s] Installed /home/gabriel/MSD/packages/build/ms_3
[1.764s] running install_data
[1.793s] Invoked command in '/home/gabriel/MSD/packages/build/ms_3' returned '0': PYTHONPATH=/home/gabriel/MSD/packages/build/ms_3/prefix_override:/home/gabriel/MSD/packages/install/ms_3/lib/python3.10/site-packages:${PYTHONPATH} WSLENV=ELECTRON_RUN_AS_NODE/w:JAVA_HOME/p /usr/bin/python3 setup.py develop --editable --build-directory /home/gabriel/MSD/packages/build/ms_3/build --no-deps install_data
