running egg_info
writing ../../build/ms_3/ms_3.egg-info/PKG-INFO
writing dependency_links to ../../build/ms_3/ms_3.egg-info/dependency_links.txt
writing entry points to ../../build/ms_3/ms_3.egg-info/entry_points.txt
writing requirements to ../../build/ms_3/ms_3.egg-info/requires.txt
writing top-level names to ../../build/ms_3/ms_3.egg-info/top_level.txt
reading manifest file '../../build/ms_3/ms_3.egg-info/SOURCES.txt'
writing manifest file '../../build/ms_3/ms_3.egg-info/SOURCES.txt'
running build
running build_py
copying ms_3/follower.py -> /home/student/MSD/packages/build/ms_3/build/lib/ms_3
running install
/usr/lib/python3/dist-packages/setuptools/command/install.py:34: SetuptoolsDeprecationWarning: setup.py install is deprecated. Use build and pip and other standards-based tools.
  warnings.warn(
running install_lib
copying /home/student/MSD/packages/build/ms_3/build/lib/ms_3/follower.py -> /home/student/MSD/packages/install/ms_3/lib/python3.10/site-packages/ms_3
byte-compiling /home/student/MSD/packages/install/ms_3/lib/python3.10/site-packages/ms_3/follower.py to follower.cpython-310.pyc
running install_data
running install_egg_info
removing '/home/student/MSD/packages/install/ms_3/lib/python3.10/site-packages/ms_3-0.0.1-py3.10.egg-info' (and everything under it)
Copying ../../build/ms_3/ms_3.egg-info to /home/student/MSD/packages/install/ms_3/lib/python3.10/site-packages/ms_3-0.0.1-py3.10.egg-info
running install_scripts
Installing follower script to /home/student/MSD/packages/install/ms_3/lib/ms_3
Installing leader script to /home/student/MSD/packages/install/ms_3/lib/ms_3
Installing milestone_3 script to /home/student/MSD/packages/install/ms_3/lib/ms_3
writing list of installed files to '/home/student/MSD/packages/build/ms_3/install.log'
