[0.637s] Invoking command in '/home/student/MSD/packages/src/ms_3': PYTHONPATH=/home/student/MSD/packages/build/ms_3/prefix_override:/home/student/MSD/packages/install/ms_3/lib/python3.10/site-packages:${PYTHONPATH} /usr/bin/python3 setup.py egg_info --egg-base ../../build/ms_3 build --build-base /home/student/MSD/packages/build/ms_3/build install --record /home/student/MSD/packages/build/ms_3/install.log --single-version-externally-managed
[0.779s] running egg_info
[0.779s] writing ../../build/ms_3/ms_3.egg-info/PKG-INFO
[0.780s] writing dependency_links to ../../build/ms_3/ms_3.egg-info/dependency_links.txt
[0.780s] writing entry points to ../../build/ms_3/ms_3.egg-info/entry_points.txt
[0.780s] writing requirements to ../../build/ms_3/ms_3.egg-info/requires.txt
[0.781s] writing top-level names to ../../build/ms_3/ms_3.egg-info/top_level.txt
[0.782s] reading manifest file '../../build/ms_3/ms_3.egg-info/SOURCES.txt'
[0.782s] writing manifest file '../../build/ms_3/ms_3.egg-info/SOURCES.txt'
[0.783s] running build
[0.783s] running build_py
[0.783s] copying ms_3/follower.py -> /home/student/MSD/packages/build/ms_3/build/lib/ms_3
[0.783s] running install
[0.783s] /usr/lib/python3/dist-packages/setuptools/command/install.py:34: SetuptoolsDeprecationWarning: setup.py install is deprecated. Use build and pip and other standards-based tools.
[0.783s]   warnings.warn(
[0.784s] running install_lib
[0.784s] copying /home/student/MSD/packages/build/ms_3/build/lib/ms_3/follower.py -> /home/student/MSD/packages/install/ms_3/lib/python3.10/site-packages/ms_3
[0.785s] byte-compiling /home/student/MSD/packages/install/ms_3/lib/python3.10/site-packages/ms_3/follower.py to follower.cpython-310.pyc
[0.785s] running install_data
[0.786s] running install_egg_info
[0.787s] removing '/home/student/MSD/packages/install/ms_3/lib/python3.10/site-packages/ms_3-0.0.1-py3.10.egg-info' (and everything under it)
[0.799s] Copying ../../build/ms_3/ms_3.egg-info to /home/student/MSD/packages/install/ms_3/lib/python3.10/site-packages/ms_3-0.0.1-py3.10.egg-info
[0.800s] running install_scripts
[0.812s] Installing follower script to /home/student/MSD/packages/install/ms_3/lib/ms_3
[0.812s] Installing leader script to /home/student/MSD/packages/install/ms_3/lib/ms_3
[0.813s] Installing milestone_3 script to /home/student/MSD/packages/install/ms_3/lib/ms_3
[0.813s] writing list of installed files to '/home/student/MSD/packages/build/ms_3/install.log'
[0.854s] Invoked command in '/home/student/MSD/packages/src/ms_3' returned '0': PYTHONPATH=/home/student/MSD/packages/build/ms_3/prefix_override:/home/student/MSD/packages/install/ms_3/lib/python3.10/site-packages:${PYTHONPATH} /usr/bin/python3 setup.py egg_info --egg-base ../../build/ms_3 build --build-base /home/student/MSD/packages/build/ms_3/build install --record /home/student/MSD/packages/build/ms_3/install.log --single-version-externally-managed
