[1.440s] DEBUG:colcon:Command line arguments: ['/usr/bin/colcon', 'build', '--packages-select', 'ms_3', '--symlink-install']
[1.441s] DEBUG:colcon:Parsed command line arguments: Namespace(log_base=None, log_level=None, verb_name='build', build_base='build', install_base='install', merge_install=False, symlink_install=True, test_result_base=None, continue_on_error=False, executor='parallel', parallel_workers=6, event_handlers=None, ignore_user_meta=False, metas=['./colcon.meta'], base_paths=['.'], packages_ignore=None, packages_ignore_regex=None, paths=None, packages_up_to=None, packages_up_to_regex=None, packages_above=None, packages_above_and_dependencies=None, packages_above_depth=None, packages_select_by_dep=None, packages_skip_by_dep=None, packages_skip_up_to=None, packages_select_build_failed=False, packages_skip_build_finished=False, packages_select_test_failures=False, packages_skip_test_passed=False, packages_select=['ms_3'], packages_skip=None, packages_select_regex=None, packages_skip_regex=None, packages_start=None, packages_end=None, allow_overriding=[], cmake_args=None, cmake_target=None, cmake_target_skip_unavailable=False, cmake_clean_cache=False, cmake_clean_first=False, cmake_force_configure=False, ament_cmake_args=None, catkin_cmake_args=None, catkin_skip_building_tests=False, verb_parser=<colcon_defaults.argument_parser.defaults.DefaultArgumentsDecorator object at 0x7f781bf14760>, verb_extension=<colcon_core.verb.build.BuildVerb object at 0x7f781bf14310>, main=<bound method BuildVerb.main of <colcon_core.verb.build.BuildVerb object at 0x7f781bf14310>>)
[1.520s] Level 1:colcon.colcon_core.package_discovery:discover_packages(colcon_meta) check parameters
[1.520s] Level 1:colcon.colcon_core.package_discovery:discover_packages(recursive) check parameters
[1.520s] Level 1:colcon.colcon_core.package_discovery:discover_packages(ignore) check parameters
[1.520s] Level 1:colcon.colcon_core.package_discovery:discover_packages(path) check parameters
[1.520s] Level 1:colcon.colcon_core.package_discovery:discover_packages(colcon_meta) discover
[1.520s] Level 1:colcon.colcon_core.package_discovery:discover_packages(recursive) discover
[1.520s] INFO:colcon.colcon_core.package_discovery:Crawling recursively for packages in '/home/gabriel/MSD/packages'
[1.521s] Level 1:colcon.colcon_core.package_identification:_identify(.) by extensions ['ignore', 'ignore_ament_install']
[1.521s] Level 1:colcon.colcon_core.package_identification:_identify(.) by extension 'ignore'
[1.521s] Level 1:colcon.colcon_core.package_identification:_identify(.) by extension 'ignore_ament_install'
[1.521s] Level 1:colcon.colcon_core.package_identification:_identify(.) by extensions ['colcon_pkg']
[1.521s] Level 1:colcon.colcon_core.package_identification:_identify(.) by extension 'colcon_pkg'
[1.521s] Level 1:colcon.colcon_core.package_identification:_identify(.) by extensions ['colcon_meta']
[1.521s] Level 1:colcon.colcon_core.package_identification:_identify(.) by extension 'colcon_meta'
[1.521s] Level 1:colcon.colcon_core.package_identification:_identify(.) by extensions ['ros']
[1.521s] Level 1:colcon.colcon_core.package_identification:_identify(.) by extension 'ros'
[1.537s] Level 1:colcon.colcon_core.package_identification:_identify(.) by extensions ['cmake', 'python']
[1.538s] Level 1:colcon.colcon_core.package_identification:_identify(.) by extension 'cmake'
[1.538s] Level 1:colcon.colcon_core.package_identification:_identify(.) by extension 'python'
[1.539s] Level 1:colcon.colcon_core.package_identification:_identify(.) by extensions ['python_setup_py']
[1.539s] Level 1:colcon.colcon_core.package_identification:_identify(.) by extension 'python_setup_py'
[1.539s] Level 1:colcon.colcon_core.package_identification:_identify(build) by extensions ['ignore', 'ignore_ament_install']
[1.539s] Level 1:colcon.colcon_core.package_identification:_identify(build) by extension 'ignore'
[1.539s] Level 1:colcon.colcon_core.package_identification:_identify(build) ignored
[1.539s] Level 1:colcon.colcon_core.package_identification:_identify(install) by extensions ['ignore', 'ignore_ament_install']
[1.540s] Level 1:colcon.colcon_core.package_identification:_identify(install) by extension 'ignore'
[1.540s] Level 1:colcon.colcon_core.package_identification:_identify(install) ignored
[1.540s] Level 1:colcon.colcon_core.package_identification:_identify(log) by extensions ['ignore', 'ignore_ament_install']
[1.540s] Level 1:colcon.colcon_core.package_identification:_identify(log) by extension 'ignore'
[1.540s] Level 1:colcon.colcon_core.package_identification:_identify(log) ignored
[1.540s] Level 1:colcon.colcon_core.package_identification:_identify(src) by extensions ['ignore', 'ignore_ament_install']
[1.540s] Level 1:colcon.colcon_core.package_identification:_identify(src) by extension 'ignore'
[1.540s] Level 1:colcon.colcon_core.package_identification:_identify(src) by extension 'ignore_ament_install'
[1.540s] Level 1:colcon.colcon_core.package_identification:_identify(src) by extensions ['colcon_pkg']
[1.540s] Level 1:colcon.colcon_core.package_identification:_identify(src) by extension 'colcon_pkg'
[1.540s] Level 1:colcon.colcon_core.package_identification:_identify(src) by extensions ['colcon_meta']
[1.540s] Level 1:colcon.colcon_core.package_identification:_identify(src) by extension 'colcon_meta'
[1.541s] Level 1:colcon.colcon_core.package_identification:_identify(src) by extensions ['ros']
[1.541s] Level 1:colcon.colcon_core.package_identification:_identify(src) by extension 'ros'
[1.541s] Level 1:colcon.colcon_core.package_identification:_identify(src) by extensions ['cmake', 'python']
[1.541s] Level 1:colcon.colcon_core.package_identification:_identify(src) by extension 'cmake'
[1.541s] Level 1:colcon.colcon_core.package_identification:_identify(src) by extension 'python'
[1.541s] Level 1:colcon.colcon_core.package_identification:_identify(src) by extensions ['python_setup_py']
[1.541s] Level 1:colcon.colcon_core.package_identification:_identify(src) by extension 'python_setup_py'
[1.541s] Level 1:colcon.colcon_core.package_identification:_identify(src/MS_3) by extensions ['ignore', 'ignore_ament_install']
[1.541s] Level 1:colcon.colcon_core.package_identification:_identify(src/MS_3) by extension 'ignore'
[1.541s] Level 1:colcon.colcon_core.package_identification:_identify(src/MS_3) by extension 'ignore_ament_install'
[1.541s] Level 1:colcon.colcon_core.package_identification:_identify(src/MS_3) by extensions ['colcon_pkg']
[1.541s] Level 1:colcon.colcon_core.package_identification:_identify(src/MS_3) by extension 'colcon_pkg'
[1.541s] Level 1:colcon.colcon_core.package_identification:_identify(src/MS_3) by extensions ['colcon_meta']
[1.541s] Level 1:colcon.colcon_core.package_identification:_identify(src/MS_3) by extension 'colcon_meta'
[1.541s] Level 1:colcon.colcon_core.package_identification:_identify(src/MS_3) by extensions ['ros']
[1.541s] Level 1:colcon.colcon_core.package_identification:_identify(src/MS_3) by extension 'ros'
[1.544s] DEBUG:colcon.colcon_core.package_identification:Package 'src/MS_3' with type 'ros.ament_python' and name 'MS_3'
[1.544s] Level 1:colcon.colcon_core.package_identification:_identify(src/ms_3) by extensions ['ignore', 'ignore_ament_install']
[1.544s] Level 1:colcon.colcon_core.package_identification:_identify(src/ms_3) by extension 'ignore'
[1.544s] Level 1:colcon.colcon_core.package_identification:_identify(src/ms_3) by extension 'ignore_ament_install'
[1.544s] Level 1:colcon.colcon_core.package_identification:_identify(src/ms_3) by extensions ['colcon_pkg']
[1.544s] Level 1:colcon.colcon_core.package_identification:_identify(src/ms_3) by extension 'colcon_pkg'
[1.545s] Level 1:colcon.colcon_core.package_identification:_identify(src/ms_3) by extensions ['colcon_meta']
[1.545s] Level 1:colcon.colcon_core.package_identification:_identify(src/ms_3) by extension 'colcon_meta'
[1.545s] Level 1:colcon.colcon_core.package_identification:_identify(src/ms_3) by extensions ['ros']
[1.545s] Level 1:colcon.colcon_core.package_identification:_identify(src/ms_3) by extension 'ros'
[1.545s] DEBUG:colcon.colcon_core.package_identification:Package 'src/ms_3' with type 'ros.ament_python' and name 'ms_3'
[1.545s] Level 1:colcon.colcon_core.package_discovery:discover_packages(recursive) using defaults
[1.546s] Level 1:colcon.colcon_core.package_discovery:discover_packages(ignore) discover
[1.546s] Level 1:colcon.colcon_core.package_discovery:discover_packages(ignore) using defaults
[1.546s] Level 1:colcon.colcon_core.package_discovery:discover_packages(path) discover
[1.546s] Level 1:colcon.colcon_core.package_discovery:discover_packages(path) using defaults
[1.622s] INFO:colcon.colcon_core.package_selection:Skipping not selected package 'MS_3' in 'src/MS_3'
[1.658s] Level 1:colcon.colcon_core.package_discovery:discover_packages(prefix_path) check parameters
[1.658s] Level 1:colcon.colcon_core.package_discovery:discover_packages(prefix_path) discover
[1.693s] DEBUG:colcon.colcon_installed_package_information.package_discovery:Found 2 installed packages in /home/gabriel/MSD/packages/install
[1.711s] DEBUG:colcon.colcon_installed_package_information.package_discovery:Found 4 installed packages in /home/gabriel/microros_ws/install
[1.732s] DEBUG:colcon.colcon_installed_package_information.package_discovery:Found 323 installed packages in /opt/ros/humble
[1.734s] Level 1:colcon.colcon_core.package_discovery:discover_packages(prefix_path) using defaults
[1.838s] Level 5:colcon.colcon_core.verb:set package 'ms_3' build argument 'cmake_args' from command line to 'None'
[1.838s] Level 5:colcon.colcon_core.verb:set package 'ms_3' build argument 'cmake_target' from command line to 'None'
[1.838s] Level 5:colcon.colcon_core.verb:set package 'ms_3' build argument 'cmake_target_skip_unavailable' from command line to 'False'
[1.838s] Level 5:colcon.colcon_core.verb:set package 'ms_3' build argument 'cmake_clean_cache' from command line to 'False'
[1.838s] Level 5:colcon.colcon_core.verb:set package 'ms_3' build argument 'cmake_clean_first' from command line to 'False'
[1.838s] Level 5:colcon.colcon_core.verb:set package 'ms_3' build argument 'cmake_force_configure' from command line to 'False'
[1.838s] Level 5:colcon.colcon_core.verb:set package 'ms_3' build argument 'ament_cmake_args' from command line to 'None'
[1.838s] Level 5:colcon.colcon_core.verb:set package 'ms_3' build argument 'catkin_cmake_args' from command line to 'None'
[1.838s] Level 5:colcon.colcon_core.verb:set package 'ms_3' build argument 'catkin_skip_building_tests' from command line to 'False'
[1.838s] DEBUG:colcon.colcon_core.verb:Building package 'ms_3' with the following arguments: {'ament_cmake_args': None, 'build_base': '/home/gabriel/MSD/packages/build/ms_3', 'catkin_cmake_args': None, 'catkin_skip_building_tests': False, 'cmake_args': None, 'cmake_clean_cache': False, 'cmake_clean_first': False, 'cmake_force_configure': False, 'cmake_target': None, 'cmake_target_skip_unavailable': False, 'install_base': '/home/gabriel/MSD/packages/install/ms_3', 'merge_install': False, 'path': '/home/gabriel/MSD/packages/src/ms_3', 'symlink_install': True, 'test_result_base': None}
[1.865s] INFO:colcon.colcon_core.executor:Executing jobs using 'parallel' executor
[1.885s] DEBUG:colcon.colcon_parallel_executor.executor.parallel:run_until_complete
[1.885s] INFO:colcon.colcon_ros.task.ament_python.build:Building ROS package in '/home/gabriel/MSD/packages/src/ms_3' with build type 'ament_python'
[1.885s] Level 1:colcon.colcon_core.shell:create_environment_hook('ms_3', 'ament_prefix_path')
[1.907s] INFO:colcon.colcon_core.plugin_system:Skipping extension 'colcon_core.shell.bat': Not used on non-Windows systems
[1.907s] INFO:colcon.colcon_core.shell:Creating environment hook '/home/gabriel/MSD/packages/install/ms_3/share/ms_3/hook/ament_prefix_path.ps1'
[1.907s] INFO:colcon.colcon_core.shell:Creating environment descriptor '/home/gabriel/MSD/packages/install/ms_3/share/ms_3/hook/ament_prefix_path.dsv'
[1.908s] INFO:colcon.colcon_core.shell:Creating environment hook '/home/gabriel/MSD/packages/install/ms_3/share/ms_3/hook/ament_prefix_path.sh'
[1.926s] INFO:colcon.colcon_core.shell:Skip shell extension 'powershell' for command environment: Not usable outside of PowerShell
[1.927s] DEBUG:colcon.colcon_core.shell:Skip shell extension 'dsv' for command environment
[2.223s] INFO:colcon.colcon_core.task.python.build:Building Python package in '/home/gabriel/MSD/packages/src/ms_3'
[2.240s] INFO:colcon.colcon_core.shell:Skip shell extension 'powershell' for command environment: Not usable outside of PowerShell
[2.241s] DEBUG:colcon.colcon_core.shell:Skip shell extension 'dsv' for command environment
[3.012s] DEBUG:colcon.colcon_core.event_handler.log_command:Invoking command in '/home/gabriel/MSD/packages/build/ms_3': PYTHONPATH=/home/gabriel/MSD/packages/build/ms_3/prefix_override:/home/gabriel/MSD/packages/install/ms_3/lib/python3.10/site-packages:${PYTHONPATH} WSLENV=ELECTRON_RUN_AS_NODE/w:JAVA_HOME/p /usr/bin/python3 setup.py develop --editable --build-directory /home/gabriel/MSD/packages/build/ms_3/build --no-deps install_data
[3.689s] Level 1:colcon.colcon_core.shell:create_environment_hook('ms_3', 'pythonpath_develop')
[3.690s] DEBUG:colcon.colcon_core.event_handler.log_command:Invoked command in '/home/gabriel/MSD/packages/build/ms_3' returned '0': PYTHONPATH=/home/gabriel/MSD/packages/build/ms_3/prefix_override:/home/gabriel/MSD/packages/install/ms_3/lib/python3.10/site-packages:${PYTHONPATH} WSLENV=ELECTRON_RUN_AS_NODE/w:JAVA_HOME/p /usr/bin/python3 setup.py develop --editable --build-directory /home/gabriel/MSD/packages/build/ms_3/build --no-deps install_data
[3.708s] INFO:colcon.colcon_core.shell:Creating environment hook '/home/gabriel/MSD/packages/build/ms_3/share/ms_3/hook/pythonpath_develop.ps1'
[3.708s] INFO:colcon.colcon_core.shell:Creating environment descriptor '/home/gabriel/MSD/packages/build/ms_3/share/ms_3/hook/pythonpath_develop.dsv'
[3.709s] INFO:colcon.colcon_core.shell:Creating environment hook '/home/gabriel/MSD/packages/build/ms_3/share/ms_3/hook/pythonpath_develop.sh'
[3.728s] Level 1:colcon.colcon_core.environment:checking '/home/gabriel/MSD/packages/install/ms_3' for CMake module files
[3.729s] Level 1:colcon.colcon_core.environment:checking '/home/gabriel/MSD/packages/install/ms_3' for CMake config files
[3.729s] Level 1:colcon.colcon_core.environment:checking '/home/gabriel/MSD/packages/install/ms_3/lib'
[3.730s] Level 1:colcon.colcon_core.environment:checking '/home/gabriel/MSD/packages/install/ms_3/bin'
[3.730s] Level 1:colcon.colcon_core.environment:checking '/home/gabriel/MSD/packages/install/ms_3/lib/pkgconfig/ms_3.pc'
[3.730s] Level 1:colcon.colcon_core.environment:checking '/home/gabriel/MSD/packages/install/ms_3/lib/python3.10/site-packages'
[3.730s] Level 1:colcon.colcon_core.shell:create_environment_hook('ms_3', 'pythonpath')
[3.747s] INFO:colcon.colcon_core.shell:Creating environment hook '/home/gabriel/MSD/packages/install/ms_3/share/ms_3/hook/pythonpath.ps1'
[3.747s] INFO:colcon.colcon_core.shell:Creating environment descriptor '/home/gabriel/MSD/packages/install/ms_3/share/ms_3/hook/pythonpath.dsv'
[3.747s] INFO:colcon.colcon_core.shell:Creating environment hook '/home/gabriel/MSD/packages/install/ms_3/share/ms_3/hook/pythonpath.sh'
[3.748s] Level 1:colcon.colcon_core.environment:checking '/home/gabriel/MSD/packages/install/ms_3/bin'
[3.748s] Level 1:colcon.colcon_core.environment:create_environment_scripts_only(ms_3)
[3.766s] INFO:colcon.colcon_core.shell:Creating package script '/home/gabriel/MSD/packages/install/ms_3/share/ms_3/package.ps1'
[3.767s] INFO:colcon.colcon_core.shell:Creating package descriptor '/home/gabriel/MSD/packages/install/ms_3/share/ms_3/package.dsv'
[3.768s] INFO:colcon.colcon_core.shell:Creating package script '/home/gabriel/MSD/packages/install/ms_3/share/ms_3/package.sh'
[3.769s] INFO:colcon.colcon_core.shell:Creating package script '/home/gabriel/MSD/packages/install/ms_3/share/ms_3/package.bash'
[3.769s] INFO:colcon.colcon_core.shell:Creating package script '/home/gabriel/MSD/packages/install/ms_3/share/ms_3/package.zsh'
[3.770s] Level 1:colcon.colcon_core.environment:create_file_with_runtime_dependencies(/home/gabriel/MSD/packages/install/ms_3/share/colcon-core/packages/ms_3)
[3.771s] DEBUG:colcon.colcon_parallel_executor.executor.parallel:closing loop
[3.771s] DEBUG:colcon.colcon_parallel_executor.executor.parallel:loop closed
[3.771s] DEBUG:colcon.colcon_parallel_executor.executor.parallel:run_until_complete finished with '0'
[3.771s] DEBUG:colcon.colcon_core.event_reactor:joining thread
[3.942s] INFO:colcon.colcon_core.plugin_system:Skipping extension 'colcon_notification.desktop_notification.notify_send': Could not find 'notify-send'
[3.942s] INFO:colcon.colcon_core.plugin_system:Skipping extension 'colcon_notification.desktop_notification.terminal_notifier': Not used on non-Darwin systems
[3.942s] INFO:colcon.colcon_core.plugin_system:Skipping extension 'colcon_notification.desktop_notification.win32': Not used on non-Windows systems
[3.942s] INFO:colcon.colcon_notification.desktop_notification:Sending desktop notification using 'notify2'
[3.942s] DEBUG:colcon.colcon_notification.desktop_notification.notify2:Failed to initialize notify2: org.freedesktop.DBus.Error.FileNotFound: Failed to connect to socket /run/user/1000/bus: No such file or directory
[3.942s] DEBUG:colcon.colcon_core.event_reactor:joined thread
[3.959s] INFO:colcon.colcon_core.shell:Creating prefix script '/home/gabriel/MSD/packages/install/local_setup.ps1'
[3.960s] INFO:colcon.colcon_core.shell:Creating prefix util module '/home/gabriel/MSD/packages/install/_local_setup_util_ps1.py'
[3.961s] INFO:colcon.colcon_core.shell:Creating prefix chain script '/home/gabriel/MSD/packages/install/setup.ps1'
[3.978s] INFO:colcon.colcon_core.shell:Creating prefix script '/home/gabriel/MSD/packages/install/local_setup.sh'
[3.978s] INFO:colcon.colcon_core.shell:Creating prefix util module '/home/gabriel/MSD/packages/install/_local_setup_util_sh.py'
[3.979s] INFO:colcon.colcon_core.shell:Creating prefix chain script '/home/gabriel/MSD/packages/install/setup.sh'
[3.996s] INFO:colcon.colcon_core.shell:Creating prefix script '/home/gabriel/MSD/packages/install/local_setup.bash'
[3.997s] INFO:colcon.colcon_core.shell:Creating prefix chain script '/home/gabriel/MSD/packages/install/setup.bash'
[4.014s] INFO:colcon.colcon_core.shell:Creating prefix script '/home/gabriel/MSD/packages/install/local_setup.zsh'
[4.015s] INFO:colcon.colcon_core.shell:Creating prefix chain script '/home/gabriel/MSD/packages/install/setup.zsh'
