[1.094s] Invoking command in '/home/gabriel/MSD/packages/build/ms_3': PYTHONPATH=/home/gabriel/MSD/packages/build/ms_3/prefix_override:/home/gabriel/MSD/packages/install/ms_3/lib/python3.10/site-packages:${PYTHONPATH} WSLENV=ELECTRON_RUN_AS_NODE/w:JAVA_HOME/p /usr/bin/python3 setup.py develop --editable --build-directory /home/gabriel/MSD/packages/build/ms_3/build --no-deps install_data
[1.407s] running develop
[1.407s] /home/gabriel/.local/lib/python3.10/site-packages/setuptools/command/develop.py:40: EasyInstallDeprecationWarning: easy_install command is deprecated.
[1.407s] !!
[1.407s] 
[1.407s]         ********************************************************************************
[1.407s]         Please avoid running ``setup.py`` and ``easy_install``.
[1.407s]         Instead, use pypa/build, pypa/installer or other
[1.408s]         standards-based tools.
[1.408s] 
[1.408s]         See https://github.com/pypa/setuptools/issues/917 for details.
[1.408s]         ********************************************************************************
[1.408s] 
[1.408s] !!
[1.408s]   easy_install.initialize_options(self)
[1.442s] /home/gabriel/.local/lib/python3.10/site-packages/setuptools/_distutils/cmd.py:66: SetuptoolsDeprecationWarning: setup.py install is deprecated.
[1.442s] !!
[1.442s] 
[1.442s]         ********************************************************************************
[1.442s]         Please avoid running ``setup.py`` directly.
[1.442s]         Instead, use pypa/build, pypa/installer or other
[1.442s]         standards-based tools.
[1.442s] 
[1.442s]         See https://blog.ganssle.io/articles/2021/10/setup-py-deprecated.html for details.
[1.442s]         ********************************************************************************
[1.442s] 
[1.443s] !!
[1.443s]   self.initialize_options()
[1.629s] running egg_info
[1.645s] writing ms_3.egg-info/PKG-INFO
[1.646s] writing dependency_links to ms_3.egg-info/dependency_links.txt
[1.646s] writing entry points to ms_3.egg-info/entry_points.txt
[1.646s] writing requirements to ms_3.egg-info/requires.txt
[1.646s] writing top-level names to ms_3.egg-info/top_level.txt
[1.680s] reading manifest file 'ms_3.egg-info/SOURCES.txt'
[1.680s] writing manifest file 'ms_3.egg-info/SOURCES.txt'
[1.698s] running build_ext
[1.698s] Creating /home/gabriel/MSD/packages/install/ms_3/lib/python3.10/site-packages/ms-3.egg-link (link to .)
[1.699s] Installing follower script to /home/gabriel/MSD/packages/install/ms_3/lib/ms_3
[1.699s] Installing leader script to /home/gabriel/MSD/packages/install/ms_3/lib/ms_3
[1.700s] Installing milestone_3 script to /home/gabriel/MSD/packages/install/ms_3/lib/ms_3
[1.700s] 
[1.700s] Installed /home/gabriel/MSD/packages/build/ms_3
[1.700s] running install_data
[1.733s] Invoked command in '/home/gabriel/MSD/packages/build/ms_3' returned '0': PYTHONPATH=/home/gabriel/MSD/packages/build/ms_3/prefix_override:/home/gabriel/MSD/packages/install/ms_3/lib/python3.10/site-packages:${PYTHONPATH} WSLENV=ELECTRON_RUN_AS_NODE/w:JAVA_HOME/p /usr/bin/python3 setup.py develop --editable --build-directory /home/gabriel/MSD/packages/build/ms_3/build --no-deps install_data
