/home/gabriel/MSD/packages/install/ms_3/lib/python3.10/site-packages/ms_3/publisher_template.py
/home/gabriel/MSD/packages/install/ms_3/lib/python3.10/site-packages/ms_3/service_server_template.py
/home/gabriel/MSD/packages/install/ms_3/lib/python3.10/site-packages/ms_3/__init__.py
/home/gabriel/MSD/packages/install/ms_3/lib/python3.10/site-packages/ms_3/subscriber_template.py
/home/gabriel/MSD/packages/install/ms_3/lib/python3.10/site-packages/ms_3/leader.py
/home/gabriel/MSD/packages/install/ms_3/lib/python3.10/site-packages/ms_3/follower.py
/home/gabriel/MSD/packages/install/ms_3/lib/python3.10/site-packages/ms_3/milestone_3.py
/home/gabriel/MSD/packages/install/ms_3/lib/python3.10/site-packages/ms_3/__pycache__/publisher_template.cpython-310.pyc
/home/gabriel/MSD/packages/install/ms_3/lib/python3.10/site-packages/ms_3/__pycache__/service_server_template.cpython-310.pyc
/home/gabriel/MSD/packages/install/ms_3/lib/python3.10/site-packages/ms_3/__pycache__/__init__.cpython-310.pyc
/home/gabriel/MSD/packages/install/ms_3/lib/python3.10/site-packages/ms_3/__pycache__/subscriber_template.cpython-310.pyc
/home/gabriel/MSD/packages/install/ms_3/lib/python3.10/site-packages/ms_3/__pycache__/leader.cpython-310.pyc
/home/gabriel/MSD/packages/install/ms_3/lib/python3.10/site-packages/ms_3/__pycache__/follower.cpython-310.pyc
/home/gabriel/MSD/packages/install/ms_3/lib/python3.10/site-packages/ms_3/__pycache__/milestone_3.cpython-310.pyc
/home/gabriel/MSD/packages/install/ms_3/share/ament_index/resource_index/packages/ms_3
/home/gabriel/MSD/packages/install/ms_3/share/ms_3/package.xml
/home/gabriel/MSD/packages/install/ms_3/lib/python3.10/site-packages/ms_3-0.0.1-py3.10.egg-info/entry_points.txt
/home/gabriel/MSD/packages/install/ms_3/lib/python3.10/site-packages/ms_3-0.0.1-py3.10.egg-info/top_level.txt
/home/gabriel/MSD/packages/install/ms_3/lib/python3.10/site-packages/ms_3-0.0.1-py3.10.egg-info/dependency_links.txt
/home/gabriel/MSD/packages/install/ms_3/lib/python3.10/site-packages/ms_3-0.0.1-py3.10.egg-info/SOURCES.txt
/home/gabriel/MSD/packages/install/ms_3/lib/python3.10/site-packages/ms_3-0.0.1-py3.10.egg-info/PKG-INFO
/home/gabriel/MSD/packages/install/ms_3/lib/python3.10/site-packages/ms_3-0.0.1-py3.10.egg-info/requires.txt
/home/gabriel/MSD/packages/install/ms_3/lib/python3.10/site-packages/ms_3-0.0.1-py3.10.egg-info/zip-safe
/home/gabriel/MSD/packages/install/ms_3/lib/ms_3/follower
/home/gabriel/MSD/packages/install/ms_3/lib/ms_3/leader
/home/gabriel/MSD/packages/install/ms_3/lib/ms_3/milestone_3
