running develop
/home/gabriel/.local/lib/python3.10/site-packages/setuptools/command/develop.py:40: EasyInstallDeprecationWarning: easy_install command is deprecated.
!!

        ********************************************************************************
        Please avoid running ``setup.py`` and ``easy_install``.
        Instead, use pypa/build, pypa/installer or other
        standards-based tools.

        See https://github.com/pypa/setuptools/issues/917 for details.
        ********************************************************************************

!!
  easy_install.initialize_options(self)
/home/gabriel/.local/lib/python3.10/site-packages/setuptools/_distutils/cmd.py:66: SetuptoolsDeprecationWarning: setup.py install is deprecated.
!!

        ********************************************************************************
        Please avoid running ``setup.py`` directly.
        Instead, use pypa/build, pypa/installer or other
        standards-based tools.

        See https://blog.ganssle.io/articles/2021/10/setup-py-deprecated.html for details.
        ********************************************************************************

!!
  self.initialize_options()
running egg_info
writing ms_3.egg-info/PKG-INFO
writing dependency_links to ms_3.egg-info/dependency_links.txt
writing entry points to ms_3.egg-info/entry_points.txt
writing requirements to ms_3.egg-info/requires.txt
writing top-level names to ms_3.egg-info/top_level.txt
reading manifest file 'ms_3.egg-info/SOURCES.txt'
writing manifest file 'ms_3.egg-info/SOURCES.txt'
running build_ext
Creating /home/gabriel/MSD/packages/install/ms_3/lib/python3.10/site-packages/ms-3.egg-link (link to .)
Installing follower script to /home/gabriel/MSD/packages/install/ms_3/lib/ms_3
Installing leader script to /home/gabriel/MSD/packages/install/ms_3/lib/ms_3
Installing milestone_3 script to /home/gabriel/MSD/packages/install/ms_3/lib/ms_3

Installed /home/gabriel/MSD/packages/build/ms_3
running install_data
