[1.416s] DEBUG:colcon:Command line arguments: ['/usr/bin/colcon', 'build']
[1.416s] DEBUG:colcon:Parsed command line arguments: Namespace(log_base=None, log_level=None, verb_name='build', build_base='build', install_base='install', merge_install=False, symlink_install=False, test_result_base=None, continue_on_error=False, executor='parallel', parallel_workers=6, event_handlers=None, ignore_user_meta=False, metas=['./colcon.meta'], base_paths=['.'], packages_ignore=None, packages_ignore_regex=None, paths=None, packages_up_to=None, packages_up_to_regex=None, packages_above=None, packages_above_and_dependencies=None, packages_above_depth=None, packages_select_by_dep=None, packages_skip_by_dep=None, packages_skip_up_to=None, packages_select_build_failed=False, packages_skip_build_finished=False, packages_select_test_failures=False, packages_skip_test_passed=False, packages_select=None, packages_skip=None, packages_select_regex=None, packages_skip_regex=None, packages_start=None, packages_end=None, allow_overriding=[], cmake_args=None, cmake_target=None, cmake_target_skip_unavailable=False, cmake_clean_cache=False, cmake_clean_first=False, cmake_force_configure=False, ament_cmake_args=None, catkin_cmake_args=None, catkin_skip_building_tests=False, verb_parser=<colcon_defaults.argument_parser.defaults.DefaultArgumentsDecorator object at 0x7fc3ab3786d0>, verb_extension=<colcon_core.verb.build.BuildVerb object at 0x7fc3ab378280>, main=<bound method BuildVerb.main of <colcon_core.verb.build.BuildVerb object at 0x7fc3ab378280>>)
[1.481s] Level 1:colcon.colcon_core.package_discovery:discover_packages(colcon_meta) check parameters
[1.481s] Level 1:colcon.colcon_core.package_discovery:discover_packages(recursive) check parameters
[1.482s] Level 1:colcon.colcon_core.package_discovery:discover_packages(ignore) check parameters
[1.482s] Level 1:colcon.colcon_core.package_discovery:discover_packages(path) check parameters
[1.482s] Level 1:colcon.colcon_core.package_discovery:discover_packages(colcon_meta) discover
[1.482s] Level 1:colcon.colcon_core.package_discovery:discover_packages(recursive) discover
[1.482s] INFO:colcon.colcon_core.package_discovery:Crawling recursively for packages in '/home/gabriel/MSD/packages'
[1.482s] Level 1:colcon.colcon_core.package_identification:_identify(.) by extensions ['ignore', 'ignore_ament_install']
[1.482s] Level 1:colcon.colcon_core.package_identification:_identify(.) by extension 'ignore'
[1.482s] Level 1:colcon.colcon_core.package_identification:_identify(.) by extension 'ignore_ament_install'
[1.482s] Level 1:colcon.colcon_core.package_identification:_identify(.) by extensions ['colcon_pkg']
[1.482s] Level 1:colcon.colcon_core.package_identification:_identify(.) by extension 'colcon_pkg'
[1.482s] Level 1:colcon.colcon_core.package_identification:_identify(.) by extensions ['colcon_meta']
[1.482s] Level 1:colcon.colcon_core.package_identification:_identify(.) by extension 'colcon_meta'
[1.482s] Level 1:colcon.colcon_core.package_identification:_identify(.) by extensions ['ros']
[1.482s] Level 1:colcon.colcon_core.package_identification:_identify(.) by extension 'ros'
[1.499s] Level 1:colcon.colcon_core.package_identification:_identify(.) by extensions ['cmake', 'python']
[1.499s] Level 1:colcon.colcon_core.package_identification:_identify(.) by extension 'cmake'
[1.500s] Level 1:colcon.colcon_core.package_identification:_identify(.) by extension 'python'
[1.500s] Level 1:colcon.colcon_core.package_identification:_identify(.) by extensions ['python_setup_py']
[1.500s] Level 1:colcon.colcon_core.package_identification:_identify(.) by extension 'python_setup_py'
[1.500s] Level 1:colcon.colcon_core.package_identification:_identify(build) by extensions ['ignore', 'ignore_ament_install']
[1.500s] Level 1:colcon.colcon_core.package_identification:_identify(build) by extension 'ignore'
[1.500s] Level 1:colcon.colcon_core.package_identification:_identify(build) ignored
[1.500s] Level 1:colcon.colcon_core.package_identification:_identify(install) by extensions ['ignore', 'ignore_ament_install']
[1.500s] Level 1:colcon.colcon_core.package_identification:_identify(install) by extension 'ignore'
[1.500s] Level 1:colcon.colcon_core.package_identification:_identify(install) ignored
[1.501s] Level 1:colcon.colcon_core.package_identification:_identify(log) by extensions ['ignore', 'ignore_ament_install']
[1.501s] Level 1:colcon.colcon_core.package_identification:_identify(log) by extension 'ignore'
[1.501s] Level 1:colcon.colcon_core.package_identification:_identify(log) ignored
[1.501s] Level 1:colcon.colcon_core.package_identification:_identify(src) by extensions ['ignore', 'ignore_ament_install']
[1.501s] Level 1:colcon.colcon_core.package_identification:_identify(src) by extension 'ignore'
[1.501s] Level 1:colcon.colcon_core.package_identification:_identify(src) by extension 'ignore_ament_install'
[1.501s] Level 1:colcon.colcon_core.package_identification:_identify(src) by extensions ['colcon_pkg']
[1.501s] Level 1:colcon.colcon_core.package_identification:_identify(src) by extension 'colcon_pkg'
[1.501s] Level 1:colcon.colcon_core.package_identification:_identify(src) by extensions ['colcon_meta']
[1.501s] Level 1:colcon.colcon_core.package_identification:_identify(src) by extension 'colcon_meta'
[1.501s] Level 1:colcon.colcon_core.package_identification:_identify(src) by extensions ['ros']
[1.502s] Level 1:colcon.colcon_core.package_identification:_identify(src) by extension 'ros'
[1.502s] Level 1:colcon.colcon_core.package_identification:_identify(src) by extensions ['cmake', 'python']
[1.502s] Level 1:colcon.colcon_core.package_identification:_identify(src) by extension 'cmake'
[1.502s] Level 1:colcon.colcon_core.package_identification:_identify(src) by extension 'python'
[1.502s] Level 1:colcon.colcon_core.package_identification:_identify(src) by extensions ['python_setup_py']
[1.502s] Level 1:colcon.colcon_core.package_identification:_identify(src) by extension 'python_setup_py'
[1.502s] Level 1:colcon.colcon_core.package_identification:_identify(src/MS_3) by extensions ['ignore', 'ignore_ament_install']
[1.502s] Level 1:colcon.colcon_core.package_identification:_identify(src/MS_3) by extension 'ignore'
[1.502s] Level 1:colcon.colcon_core.package_identification:_identify(src/MS_3) by extension 'ignore_ament_install'
[1.502s] Level 1:colcon.colcon_core.package_identification:_identify(src/MS_3) by extensions ['colcon_pkg']
[1.502s] Level 1:colcon.colcon_core.package_identification:_identify(src/MS_3) by extension 'colcon_pkg'
[1.502s] Level 1:colcon.colcon_core.package_identification:_identify(src/MS_3) by extensions ['colcon_meta']
[1.502s] Level 1:colcon.colcon_core.package_identification:_identify(src/MS_3) by extension 'colcon_meta'
[1.502s] Level 1:colcon.colcon_core.package_identification:_identify(src/MS_3) by extensions ['ros']
[1.503s] Level 1:colcon.colcon_core.package_identification:_identify(src/MS_3) by extension 'ros'
[1.505s] DEBUG:colcon.colcon_core.package_identification:Package 'src/MS_3' with type 'ros.ament_python' and name 'MS_3'
[1.505s] Level 1:colcon.colcon_core.package_identification:_identify(src/ms_3) by extensions ['ignore', 'ignore_ament_install']
[1.505s] Level 1:colcon.colcon_core.package_identification:_identify(src/ms_3) by extension 'ignore'
[1.505s] Level 1:colcon.colcon_core.package_identification:_identify(src/ms_3) by extension 'ignore_ament_install'
[1.505s] Level 1:colcon.colcon_core.package_identification:_identify(src/ms_3) by extensions ['colcon_pkg']
[1.506s] Level 1:colcon.colcon_core.package_identification:_identify(src/ms_3) by extension 'colcon_pkg'
[1.506s] Level 1:colcon.colcon_core.package_identification:_identify(src/ms_3) by extensions ['colcon_meta']
[1.506s] Level 1:colcon.colcon_core.package_identification:_identify(src/ms_3) by extension 'colcon_meta'
[1.506s] Level 1:colcon.colcon_core.package_identification:_identify(src/ms_3) by extensions ['ros']
[1.506s] Level 1:colcon.colcon_core.package_identification:_identify(src/ms_3) by extension 'ros'
[1.506s] DEBUG:colcon.colcon_core.package_identification:Package 'src/ms_3' with type 'ros.ament_python' and name 'ms_3'
[1.506s] Level 1:colcon.colcon_core.package_discovery:discover_packages(recursive) using defaults
[1.506s] Level 1:colcon.colcon_core.package_discovery:discover_packages(ignore) discover
[1.506s] Level 1:colcon.colcon_core.package_discovery:discover_packages(ignore) using defaults
[1.506s] Level 1:colcon.colcon_core.package_discovery:discover_packages(path) discover
[1.506s] Level 1:colcon.colcon_core.package_discovery:discover_packages(path) using defaults
[1.639s] Level 1:colcon.colcon_core.package_discovery:discover_packages(prefix_path) check parameters
[1.639s] Level 1:colcon.colcon_core.package_discovery:discover_packages(prefix_path) discover
[1.677s] DEBUG:colcon.colcon_installed_package_information.package_discovery:Found 2 installed packages in /home/gabriel/MSD/packages/install
[1.695s] DEBUG:colcon.colcon_installed_package_information.package_discovery:Found 4 installed packages in /home/gabriel/microros_ws/install
[1.713s] DEBUG:colcon.colcon_installed_package_information.package_discovery:Found 323 installed packages in /opt/ros/humble
[1.714s] Level 1:colcon.colcon_core.package_discovery:discover_packages(prefix_path) using defaults
[1.796s] Level 5:colcon.colcon_core.verb:set package 'MS_3' build argument 'cmake_args' from command line to 'None'
[1.796s] Level 5:colcon.colcon_core.verb:set package 'MS_3' build argument 'cmake_target' from command line to 'None'
[1.796s] Level 5:colcon.colcon_core.verb:set package 'MS_3' build argument 'cmake_target_skip_unavailable' from command line to 'False'
[1.796s] Level 5:colcon.colcon_core.verb:set package 'MS_3' build argument 'cmake_clean_cache' from command line to 'False'
[1.797s] Level 5:colcon.colcon_core.verb:set package 'MS_3' build argument 'cmake_clean_first' from command line to 'False'
[1.797s] Level 5:colcon.colcon_core.verb:set package 'MS_3' build argument 'cmake_force_configure' from command line to 'False'
[1.797s] Level 5:colcon.colcon_core.verb:set package 'MS_3' build argument 'ament_cmake_args' from command line to 'None'
[1.797s] Level 5:colcon.colcon_core.verb:set package 'MS_3' build argument 'catkin_cmake_args' from command line to 'None'
[1.797s] Level 5:colcon.colcon_core.verb:set package 'MS_3' build argument 'catkin_skip_building_tests' from command line to 'False'
[1.797s] DEBUG:colcon.colcon_core.verb:Building package 'MS_3' with the following arguments: {'ament_cmake_args': None, 'build_base': '/home/gabriel/MSD/packages/build/MS_3', 'catkin_cmake_args': None, 'catkin_skip_building_tests': False, 'cmake_args': None, 'cmake_clean_cache': False, 'cmake_clean_first': False, 'cmake_force_configure': False, 'cmake_target': None, 'cmake_target_skip_unavailable': False, 'install_base': '/home/gabriel/MSD/packages/install/MS_3', 'merge_install': False, 'path': '/home/gabriel/MSD/packages/src/MS_3', 'symlink_install': False, 'test_result_base': None}
[1.823s] Level 5:colcon.colcon_core.verb:set package 'ms_3' build argument 'cmake_args' from command line to 'None'
[1.823s] Level 5:colcon.colcon_core.verb:set package 'ms_3' build argument 'cmake_target' from command line to 'None'
[1.823s] Level 5:colcon.colcon_core.verb:set package 'ms_3' build argument 'cmake_target_skip_unavailable' from command line to 'False'
[1.823s] Level 5:colcon.colcon_core.verb:set package 'ms_3' build argument 'cmake_clean_cache' from command line to 'False'
[1.823s] Level 5:colcon.colcon_core.verb:set package 'ms_3' build argument 'cmake_clean_first' from command line to 'False'
[1.823s] Level 5:colcon.colcon_core.verb:set package 'ms_3' build argument 'cmake_force_configure' from command line to 'False'
[1.823s] Level 5:colcon.colcon_core.verb:set package 'ms_3' build argument 'ament_cmake_args' from command line to 'None'
[1.823s] Level 5:colcon.colcon_core.verb:set package 'ms_3' build argument 'catkin_cmake_args' from command line to 'None'
[1.823s] Level 5:colcon.colcon_core.verb:set package 'ms_3' build argument 'catkin_skip_building_tests' from command line to 'False'
[1.823s] DEBUG:colcon.colcon_core.verb:Building package 'ms_3' with the following arguments: {'ament_cmake_args': None, 'build_base': '/home/gabriel/MSD/packages/build/ms_3', 'catkin_cmake_args': None, 'catkin_skip_building_tests': False, 'cmake_args': None, 'cmake_clean_cache': False, 'cmake_clean_first': False, 'cmake_force_configure': False, 'cmake_target': None, 'cmake_target_skip_unavailable': False, 'install_base': '/home/gabriel/MSD/packages/install/ms_3', 'merge_install': False, 'path': '/home/gabriel/MSD/packages/src/ms_3', 'symlink_install': False, 'test_result_base': None}
[1.844s] INFO:colcon.colcon_core.executor:Executing jobs using 'parallel' executor
[1.865s] DEBUG:colcon.colcon_parallel_executor.executor.parallel:run_until_complete
[1.866s] INFO:colcon.colcon_ros.task.ament_python.build:Building ROS package in '/home/gabriel/MSD/packages/src/MS_3' with build type 'ament_python'
[1.866s] Level 1:colcon.colcon_core.shell:create_environment_hook('MS_3', 'ament_prefix_path')
[1.895s] INFO:colcon.colcon_core.plugin_system:Skipping extension 'colcon_core.shell.bat': Not used on non-Windows systems
[1.895s] INFO:colcon.colcon_core.shell:Creating environment hook '/home/gabriel/MSD/packages/install/MS_3/share/MS_3/hook/ament_prefix_path.ps1'
[1.896s] INFO:colcon.colcon_core.shell:Creating environment descriptor '/home/gabriel/MSD/packages/install/MS_3/share/MS_3/hook/ament_prefix_path.dsv'
[1.896s] INFO:colcon.colcon_core.shell:Creating environment hook '/home/gabriel/MSD/packages/install/MS_3/share/MS_3/hook/ament_prefix_path.sh'
[1.915s] INFO:colcon.colcon_core.shell:Skip shell extension 'powershell' for command environment: Not usable outside of PowerShell
[1.915s] DEBUG:colcon.colcon_core.shell:Skip shell extension 'dsv' for command environment
[1.992s] INFO:colcon.colcon_ros.task.ament_python.build:Building ROS package in '/home/gabriel/MSD/packages/src/ms_3' with build type 'ament_python'
[1.992s] Level 1:colcon.colcon_core.shell:create_environment_hook('ms_3', 'ament_prefix_path')
[2.011s] INFO:colcon.colcon_core.shell:Creating environment hook '/home/gabriel/MSD/packages/install/ms_3/share/ms_3/hook/ament_prefix_path.ps1'
[2.011s] INFO:colcon.colcon_core.shell:Creating environment descriptor '/home/gabriel/MSD/packages/install/ms_3/share/ms_3/hook/ament_prefix_path.dsv'
[2.012s] INFO:colcon.colcon_core.shell:Creating environment hook '/home/gabriel/MSD/packages/install/ms_3/share/ms_3/hook/ament_prefix_path.sh'
[2.029s] INFO:colcon.colcon_core.shell:Skip shell extension 'powershell' for command environment: Not usable outside of PowerShell
[2.029s] DEBUG:colcon.colcon_core.shell:Skip shell extension 'dsv' for command environment
[2.308s] INFO:colcon.colcon_core.task.python.build:Building Python package in '/home/gabriel/MSD/packages/src/MS_3'
[2.324s] INFO:colcon.colcon_core.shell:Skip shell extension 'powershell' for command environment: Not usable outside of PowerShell
[2.324s] DEBUG:colcon.colcon_core.shell:Skip shell extension 'dsv' for command environment
[2.618s] INFO:colcon.colcon_core.task.python.build:Building Python package in '/home/gabriel/MSD/packages/src/ms_3'
[2.635s] INFO:colcon.colcon_core.shell:Skip shell extension 'powershell' for command environment: Not usable outside of PowerShell
[2.635s] DEBUG:colcon.colcon_core.shell:Skip shell extension 'dsv' for command environment
[3.758s] DEBUG:colcon.colcon_core.event_handler.log_command:Invoking command in '/home/gabriel/MSD/packages/build/ms_3': PYTHONPATH=/home/gabriel/MSD/packages/build/ms_3/prefix_override:/home/gabriel/MSD/packages/install/ms_3/lib/python3.10/site-packages:${PYTHONPATH} WSLENV=ELECTRON_RUN_AS_NODE/w:JAVA_HOME/p /usr/bin/python3 setup.py develop --uninstall --editable --build-directory /home/gabriel/MSD/packages/build/ms_3/build
[3.768s] DEBUG:colcon.colcon_core.event_handler.log_command:Invoking command in '/home/gabriel/MSD/packages/src/MS_3': PYTHONPATH=/home/gabriel/MSD/packages/build/MS_3/prefix_override:/home/gabriel/MSD/packages/install/MS_3/lib/python3.10/site-packages:${PYTHONPATH} WSLENV=ELECTRON_RUN_AS_NODE/w:JAVA_HOME/p /usr/bin/python3 setup.py egg_info --egg-base ../../build/MS_3 build --build-base /home/gabriel/MSD/packages/build/MS_3/build install --record /home/gabriel/MSD/packages/build/MS_3/install.log --single-version-externally-managed
[4.354s] DEBUG:colcon.colcon_core.event_handler.log_command:Invoked command in '/home/gabriel/MSD/packages/src/MS_3' returned '0': PYTHONPATH=/home/gabriel/MSD/packages/build/MS_3/prefix_override:/home/gabriel/MSD/packages/install/MS_3/lib/python3.10/site-packages:${PYTHONPATH} WSLENV=ELECTRON_RUN_AS_NODE/w:JAVA_HOME/p /usr/bin/python3 setup.py egg_info --egg-base ../../build/MS_3 build --build-base /home/gabriel/MSD/packages/build/MS_3/build install --record /home/gabriel/MSD/packages/build/MS_3/install.log --single-version-externally-managed
[4.374s] Level 1:colcon.colcon_core.environment:checking '/home/gabriel/MSD/packages/install/MS_3' for CMake module files
[4.375s] Level 1:colcon.colcon_core.environment:checking '/home/gabriel/MSD/packages/install/MS_3' for CMake config files
[4.375s] Level 1:colcon.colcon_core.environment:checking '/home/gabriel/MSD/packages/install/MS_3/lib'
[4.376s] Level 1:colcon.colcon_core.environment:checking '/home/gabriel/MSD/packages/install/MS_3/bin'
[4.376s] Level 1:colcon.colcon_core.environment:checking '/home/gabriel/MSD/packages/install/MS_3/lib/pkgconfig/MS_3.pc'
[4.376s] Level 1:colcon.colcon_core.environment:checking '/home/gabriel/MSD/packages/install/MS_3/lib/python3.10/site-packages'
[4.376s] Level 1:colcon.colcon_core.shell:create_environment_hook('MS_3', 'pythonpath')
[4.395s] INFO:colcon.colcon_core.shell:Creating environment hook '/home/gabriel/MSD/packages/install/MS_3/share/MS_3/hook/pythonpath.ps1'
[4.395s] INFO:colcon.colcon_core.shell:Creating environment descriptor '/home/gabriel/MSD/packages/install/MS_3/share/MS_3/hook/pythonpath.dsv'
[4.396s] INFO:colcon.colcon_core.shell:Creating environment hook '/home/gabriel/MSD/packages/install/MS_3/share/MS_3/hook/pythonpath.sh'
[4.396s] Level 1:colcon.colcon_core.environment:checking '/home/gabriel/MSD/packages/install/MS_3/bin'
[4.396s] Level 1:colcon.colcon_core.environment:create_environment_scripts_only(MS_3)
[4.412s] INFO:colcon.colcon_core.shell:Creating package script '/home/gabriel/MSD/packages/install/MS_3/share/MS_3/package.ps1'
[4.413s] INFO:colcon.colcon_core.shell:Creating package descriptor '/home/gabriel/MSD/packages/install/MS_3/share/MS_3/package.dsv'
[4.414s] INFO:colcon.colcon_core.shell:Creating package script '/home/gabriel/MSD/packages/install/MS_3/share/MS_3/package.sh'
[4.414s] INFO:colcon.colcon_core.shell:Creating package script '/home/gabriel/MSD/packages/install/MS_3/share/MS_3/package.bash'
[4.415s] INFO:colcon.colcon_core.shell:Creating package script '/home/gabriel/MSD/packages/install/MS_3/share/MS_3/package.zsh'
[4.415s] Level 1:colcon.colcon_core.environment:create_file_with_runtime_dependencies(/home/gabriel/MSD/packages/install/MS_3/share/colcon-core/packages/MS_3)
[4.420s] DEBUG:colcon.colcon_core.event_handler.log_command:Invoked command in '/home/gabriel/MSD/packages/build/ms_3' returned '0': PYTHONPATH=/home/gabriel/MSD/packages/build/ms_3/prefix_override:/home/gabriel/MSD/packages/install/ms_3/lib/python3.10/site-packages:${PYTHONPATH} WSLENV=ELECTRON_RUN_AS_NODE/w:JAVA_HOME/p /usr/bin/python3 setup.py develop --uninstall --editable --build-directory /home/gabriel/MSD/packages/build/ms_3/build
[4.420s] DEBUG:colcon.colcon_core.event_handler.log_command:Invoking command in '/home/gabriel/MSD/packages/src/ms_3': PYTHONPATH=/home/gabriel/MSD/packages/build/ms_3/prefix_override:/home/gabriel/MSD/packages/install/ms_3/lib/python3.10/site-packages:${PYTHONPATH} WSLENV=ELECTRON_RUN_AS_NODE/w:JAVA_HOME/p /usr/bin/python3 setup.py egg_info --egg-base ../../build/ms_3 build --build-base /home/gabriel/MSD/packages/build/ms_3/build install --record /home/gabriel/MSD/packages/build/ms_3/install.log --single-version-externally-managed
[4.973s] DEBUG:colcon.colcon_core.event_handler.log_command:Invoked command in '/home/gabriel/MSD/packages/src/ms_3' returned '0': PYTHONPATH=/home/gabriel/MSD/packages/build/ms_3/prefix_override:/home/gabriel/MSD/packages/install/ms_3/lib/python3.10/site-packages:${PYTHONPATH} WSLENV=ELECTRON_RUN_AS_NODE/w:JAVA_HOME/p /usr/bin/python3 setup.py egg_info --egg-base ../../build/ms_3 build --build-base /home/gabriel/MSD/packages/build/ms_3/build install --record /home/gabriel/MSD/packages/build/ms_3/install.log --single-version-externally-managed
[4.992s] Level 1:colcon.colcon_core.environment:checking '/home/gabriel/MSD/packages/install/ms_3' for CMake module files
[4.993s] Level 1:colcon.colcon_core.environment:checking '/home/gabriel/MSD/packages/install/ms_3' for CMake config files
[4.993s] Level 1:colcon.colcon_core.environment:checking '/home/gabriel/MSD/packages/install/ms_3/lib'
[4.993s] Level 1:colcon.colcon_core.environment:checking '/home/gabriel/MSD/packages/install/ms_3/bin'
[4.993s] Level 1:colcon.colcon_core.environment:checking '/home/gabriel/MSD/packages/install/ms_3/lib/pkgconfig/ms_3.pc'
[4.994s] Level 1:colcon.colcon_core.environment:checking '/home/gabriel/MSD/packages/install/ms_3/lib/python3.10/site-packages'
[4.994s] Level 1:colcon.colcon_core.shell:create_environment_hook('ms_3', 'pythonpath')
[5.013s] INFO:colcon.colcon_core.shell:Creating environment hook '/home/gabriel/MSD/packages/install/ms_3/share/ms_3/hook/pythonpath.ps1'
[5.013s] INFO:colcon.colcon_core.shell:Creating environment descriptor '/home/gabriel/MSD/packages/install/ms_3/share/ms_3/hook/pythonpath.dsv'
[5.014s] INFO:colcon.colcon_core.shell:Creating environment hook '/home/gabriel/MSD/packages/install/ms_3/share/ms_3/hook/pythonpath.sh'
[5.014s] Level 1:colcon.colcon_core.environment:checking '/home/gabriel/MSD/packages/install/ms_3/bin'
[5.014s] Level 1:colcon.colcon_core.environment:create_environment_scripts_only(ms_3)
[5.031s] INFO:colcon.colcon_core.shell:Creating package script '/home/gabriel/MSD/packages/install/ms_3/share/ms_3/package.ps1'
[5.032s] INFO:colcon.colcon_core.shell:Creating package descriptor '/home/gabriel/MSD/packages/install/ms_3/share/ms_3/package.dsv'
[5.033s] INFO:colcon.colcon_core.shell:Creating package script '/home/gabriel/MSD/packages/install/ms_3/share/ms_3/package.sh'
[5.033s] INFO:colcon.colcon_core.shell:Creating package script '/home/gabriel/MSD/packages/install/ms_3/share/ms_3/package.bash'
[5.033s] INFO:colcon.colcon_core.shell:Creating package script '/home/gabriel/MSD/packages/install/ms_3/share/ms_3/package.zsh'
[5.034s] Level 1:colcon.colcon_core.environment:create_file_with_runtime_dependencies(/home/gabriel/MSD/packages/install/ms_3/share/colcon-core/packages/ms_3)
[5.034s] DEBUG:colcon.colcon_parallel_executor.executor.parallel:closing loop
[5.035s] DEBUG:colcon.colcon_parallel_executor.executor.parallel:loop closed
[5.035s] DEBUG:colcon.colcon_parallel_executor.executor.parallel:run_until_complete finished with '0'
[5.035s] DEBUG:colcon.colcon_core.event_reactor:joining thread
[5.207s] INFO:colcon.colcon_core.plugin_system:Skipping extension 'colcon_notification.desktop_notification.notify_send': Could not find 'notify-send'
[5.207s] INFO:colcon.colcon_core.plugin_system:Skipping extension 'colcon_notification.desktop_notification.terminal_notifier': Not used on non-Darwin systems
[5.207s] INFO:colcon.colcon_core.plugin_system:Skipping extension 'colcon_notification.desktop_notification.win32': Not used on non-Windows systems
[5.207s] INFO:colcon.colcon_notification.desktop_notification:Sending desktop notification using 'notify2'
[5.207s] DEBUG:colcon.colcon_notification.desktop_notification.notify2:Failed to initialize notify2: org.freedesktop.DBus.Error.FileNotFound: Failed to connect to socket /run/user/1000/bus: No such file or directory
[5.207s] DEBUG:colcon.colcon_core.event_reactor:joined thread
[5.225s] INFO:colcon.colcon_core.shell:Creating prefix script '/home/gabriel/MSD/packages/install/local_setup.ps1'
[5.226s] INFO:colcon.colcon_core.shell:Creating prefix util module '/home/gabriel/MSD/packages/install/_local_setup_util_ps1.py'
[5.227s] INFO:colcon.colcon_core.shell:Creating prefix chain script '/home/gabriel/MSD/packages/install/setup.ps1'
[5.245s] INFO:colcon.colcon_core.shell:Creating prefix script '/home/gabriel/MSD/packages/install/local_setup.sh'
[5.245s] INFO:colcon.colcon_core.shell:Creating prefix util module '/home/gabriel/MSD/packages/install/_local_setup_util_sh.py'
[5.246s] INFO:colcon.colcon_core.shell:Creating prefix chain script '/home/gabriel/MSD/packages/install/setup.sh'
[5.264s] INFO:colcon.colcon_core.shell:Creating prefix script '/home/gabriel/MSD/packages/install/local_setup.bash'
[5.265s] INFO:colcon.colcon_core.shell:Creating prefix chain script '/home/gabriel/MSD/packages/install/setup.bash'
[5.283s] INFO:colcon.colcon_core.shell:Creating prefix script '/home/gabriel/MSD/packages/install/local_setup.zsh'
[5.283s] INFO:colcon.colcon_core.shell:Creating prefix chain script '/home/gabriel/MSD/packages/install/setup.zsh'
