[1.587s] Invoking command in '/home/gabriel/MSD/packages/src/ms_3': PYTHONPATH=/home/gabriel/MSD/packages/build/ms_3/prefix_override:/home/gabriel/MSD/packages/install/ms_3/lib/python3.10/site-packages:${PYTHONPATH} WSLENV=ELECTRON_RUN_AS_NODE/w:JAVA_HOME/p /usr/bin/python3 setup.py egg_info --egg-base ../../build/ms_3 build --build-base /home/gabriel/MSD/packages/build/ms_3/build install --record /home/gabriel/MSD/packages/build/ms_3/install.log --single-version-externally-managed
[1.820s] running egg_info
[1.837s] writing ../../build/ms_3/ms_3.egg-info/PKG-INFO
[1.837s] writing dependency_links to ../../build/ms_3/ms_3.egg-info/dependency_links.txt
[1.838s] writing entry points to ../../build/ms_3/ms_3.egg-info/entry_points.txt
[1.838s] writing requirements to ../../build/ms_3/ms_3.egg-info/requires.txt
[1.838s] writing top-level names to ../../build/ms_3/ms_3.egg-info/top_level.txt
[1.872s] reading manifest file '../../build/ms_3/ms_3.egg-info/SOURCES.txt'
[1.872s] writing manifest file '../../build/ms_3/ms_3.egg-info/SOURCES.txt'
[1.873s] running build
[1.873s] running build_py
[1.873s] copying ms_3/leader.py -> /home/gabriel/MSD/packages/build/ms_3/build/lib/ms_3
[1.873s] running install
[1.874s] /home/gabriel/.local/lib/python3.10/site-packages/setuptools/_distutils/cmd.py:66: SetuptoolsDeprecationWarning: setup.py install is deprecated.
[1.874s] !!
[1.874s] 
[1.874s]         ********************************************************************************
[1.874s]         Please avoid running ``setup.py`` directly.
[1.874s]         Instead, use pypa/build, pypa/installer or other
[1.874s]         standards-based tools.
[1.874s] 
[1.874s]         See https://blog.ganssle.io/articles/2021/10/setup-py-deprecated.html for details.
[1.874s]         ********************************************************************************
[1.875s] 
[1.875s] !!
[1.875s]   self.initialize_options()
[1.879s] running install_lib
[1.895s] copying /home/gabriel/MSD/packages/build/ms_3/build/lib/ms_3/leader.py -> /home/gabriel/MSD/packages/install/ms_3/lib/python3.10/site-packages/ms_3
[1.896s] byte-compiling /home/gabriel/MSD/packages/install/ms_3/lib/python3.10/site-packages/ms_3/leader.py to leader.cpython-310.pyc
[1.897s] running install_data
[1.914s] running install_egg_info
[1.932s] removing '/home/gabriel/MSD/packages/install/ms_3/lib/python3.10/site-packages/ms_3-0.0.1-py3.10.egg-info' (and everything under it)
[1.932s] Copying ../../build/ms_3/ms_3.egg-info to /home/gabriel/MSD/packages/install/ms_3/lib/python3.10/site-packages/ms_3-0.0.1-py3.10.egg-info
[1.933s] running install_scripts
[2.128s] Installing follower script to /home/gabriel/MSD/packages/install/ms_3/lib/ms_3
[2.129s] Installing leader script to /home/gabriel/MSD/packages/install/ms_3/lib/ms_3
[2.129s] Installing milestone_3 script to /home/gabriel/MSD/packages/install/ms_3/lib/ms_3
[2.130s] writing list of installed files to '/home/gabriel/MSD/packages/build/ms_3/install.log'
[2.172s] Invoked command in '/home/gabriel/MSD/packages/src/ms_3' returned '0': PYTHONPATH=/home/gabriel/MSD/packages/build/ms_3/prefix_override:/home/gabriel/MSD/packages/install/ms_3/lib/python3.10/site-packages:${PYTHONPATH} WSLENV=ELECTRON_RUN_AS_NODE/w:JAVA_HOME/p /usr/bin/python3 setup.py egg_info --egg-base ../../build/ms_3 build --build-base /home/gabriel/MSD/packages/build/ms_3/build install --record /home/gabriel/MSD/packages/build/ms_3/install.log --single-version-externally-managed
