[1.897s] Invoking command in '/home/gabriel/MSD/packages/src/ms_3': PYTHONPATH=/home/gabriel/MSD/packages/build/ms_3/prefix_override:/home/gabriel/MSD/packages/install/ms_3/lib/python3.10/site-packages:${PYTHONPATH} WSLENV=ELECTRON_RUN_AS_NODE/w:JAVA_HOME/p /usr/bin/python3 setup.py egg_info --egg-base ../../build/ms_3 build --build-base /home/gabriel/MSD/packages/build/ms_3/build install --record /home/gabriel/MSD/packages/build/ms_3/install.log --single-version-externally-managed
[2.131s] running egg_info
[2.148s] writing ../../build/ms_3/ms_3.egg-info/PKG-INFO
[2.149s] writing dependency_links to ../../build/ms_3/ms_3.egg-info/dependency_links.txt
[2.149s] writing entry points to ../../build/ms_3/ms_3.egg-info/entry_points.txt
[2.149s] writing requirements to ../../build/ms_3/ms_3.egg-info/requires.txt
[2.150s] writing top-level names to ../../build/ms_3/ms_3.egg-info/top_level.txt
[2.186s] reading manifest file '../../build/ms_3/ms_3.egg-info/SOURCES.txt'
[2.187s] writing manifest file '../../build/ms_3/ms_3.egg-info/SOURCES.txt'
[2.187s] running build
[2.187s] running build_py
[2.187s] copying ms_3/leader.py -> /home/gabriel/MSD/packages/build/ms_3/build/lib/ms_3
[2.188s] running install
[2.188s] /home/gabriel/.local/lib/python3.10/site-packages/setuptools/_distutils/cmd.py:66: SetuptoolsDeprecationWarning: setup.py install is deprecated.
[2.188s] !!
[2.188s] 
[2.188s]         ********************************************************************************
[2.188s]         Please avoid running ``setup.py`` directly.
[2.188s]         Instead, use pypa/build, pypa/installer or other
[2.189s]         standards-based tools.
[2.189s] 
[2.189s]         See https://blog.ganssle.io/articles/2021/10/setup-py-deprecated.html for details.
[2.189s]         ********************************************************************************
[2.189s] 
[2.189s] !!
[2.189s]   self.initialize_options()
[2.193s] running install_lib
[2.211s] copying /home/gabriel/MSD/packages/build/ms_3/build/lib/ms_3/leader.py -> /home/gabriel/MSD/packages/install/ms_3/lib/python3.10/site-packages/ms_3
[2.212s] byte-compiling /home/gabriel/MSD/packages/install/ms_3/lib/python3.10/site-packages/ms_3/leader.py to leader.cpython-310.pyc
[2.213s] running install_data
[2.229s] running install_egg_info
[2.247s] removing '/home/gabriel/MSD/packages/install/ms_3/lib/python3.10/site-packages/ms_3-0.0.1-py3.10.egg-info' (and everything under it)
[2.247s] Copying ../../build/ms_3/ms_3.egg-info to /home/gabriel/MSD/packages/install/ms_3/lib/python3.10/site-packages/ms_3-0.0.1-py3.10.egg-info
[2.248s] running install_scripts
[2.399s] Installing follower script to /home/gabriel/MSD/packages/install/ms_3/lib/ms_3
[2.400s] Installing leader script to /home/gabriel/MSD/packages/install/ms_3/lib/ms_3
[2.400s] Installing milestone_3 script to /home/gabriel/MSD/packages/install/ms_3/lib/ms_3
[2.401s] writing list of installed files to '/home/gabriel/MSD/packages/build/ms_3/install.log'
[2.492s] Invoked command in '/home/gabriel/MSD/packages/src/ms_3' returned '0': PYTHONPATH=/home/gabriel/MSD/packages/build/ms_3/prefix_override:/home/gabriel/MSD/packages/install/ms_3/lib/python3.10/site-packages:${PYTHONPATH} WSLENV=ELECTRON_RUN_AS_NODE/w:JAVA_HOME/p /usr/bin/python3 setup.py egg_info --egg-base ../../build/ms_3 build --build-base /home/gabriel/MSD/packages/build/ms_3/build install --record /home/gabriel/MSD/packages/build/ms_3/install.log --single-version-externally-managed
