[1.233s] Invoking command in '/home/gabriel/MSD/packages/build/ms_3': PYTHONPATH=/home/gabriel/MSD/packages/build/ms_3/prefix_override:/home/gabriel/MSD/packages/install/ms_3/lib/python3.10/site-packages:${PYTHONPATH} WSLENV=ELECTRON_RUN_AS_NODE/w:JAVA_HOME/p /usr/bin/python3 setup.py develop --editable --build-directory /home/gabriel/MSD/packages/build/ms_3/build --no-deps install_data
[1.578s] running develop
[1.578s] /home/gabriel/.local/lib/python3.10/site-packages/setuptools/command/develop.py:40: EasyInstallDeprecationWarning: easy_install command is deprecated.
[1.578s] !!
[1.578s] 
[1.578s]         ********************************************************************************
[1.578s]         Please avoid running ``setup.py`` and ``easy_install``.
[1.578s]         Instead, use pypa/build, pypa/installer or other
[1.578s]         standards-based tools.
[1.578s] 
[1.578s]         See https://github.com/pypa/setuptools/issues/917 for details.
[1.578s]         ********************************************************************************
[1.579s] 
[1.579s] !!
[1.579s]   easy_install.initialize_options(self)
[1.615s] /home/gabriel/.local/lib/python3.10/site-packages/setuptools/_distutils/cmd.py:66: SetuptoolsDeprecationWarning: setup.py install is deprecated.
[1.615s] !!
[1.615s] 
[1.615s]         ********************************************************************************
[1.615s]         Please avoid running ``setup.py`` directly.
[1.615s]         Instead, use pypa/build, pypa/installer or other
[1.615s]         standards-based tools.
[1.615s] 
[1.615s]         See https://blog.ganssle.io/articles/2021/10/setup-py-deprecated.html for details.
[1.615s]         ********************************************************************************
[1.615s] 
[1.615s] !!
[1.615s]   self.initialize_options()
[1.823s] running egg_info
[1.841s] writing ms_3.egg-info/PKG-INFO
[1.841s] writing dependency_links to ms_3.egg-info/dependency_links.txt
[1.842s] writing entry points to ms_3.egg-info/entry_points.txt
[1.842s] writing requirements to ms_3.egg-info/requires.txt
[1.842s] writing top-level names to ms_3.egg-info/top_level.txt
[1.879s] reading manifest file 'ms_3.egg-info/SOURCES.txt'
[1.880s] writing manifest file 'ms_3.egg-info/SOURCES.txt'
[1.898s] running build_ext
[1.898s] Creating /home/gabriel/MSD/packages/install/ms_3/lib/python3.10/site-packages/ms-3.egg-link (link to .)
[1.898s] Installing leader script to /home/gabriel/MSD/packages/install/ms_3/lib/ms_3
[1.899s] Installing milestone_3 script to /home/gabriel/MSD/packages/install/ms_3/lib/ms_3
[1.899s] 
[1.899s] Installed /home/gabriel/MSD/packages/build/ms_3
[1.899s] running install_data
[1.933s] Invoked command in '/home/gabriel/MSD/packages/build/ms_3' returned '0': PYTHONPATH=/home/gabriel/MSD/packages/build/ms_3/prefix_override:/home/gabriel/MSD/packages/install/ms_3/lib/python3.10/site-packages:${PYTHONPATH} WSLENV=ELECTRON_RUN_AS_NODE/w:JAVA_HOME/p /usr/bin/python3 setup.py develop --editable --build-directory /home/gabriel/MSD/packages/build/ms_3/build --no-deps install_data
