[0.745s] Invoking command in '/home/student/MSD/packages/src/ms_3': PYTHONPATH=/home/student/MSD/packages/build/ms_3/prefix_override:/home/student/MSD/packages/install/ms_3/lib/python3.10/site-packages:${PYTHONPATH} /usr/bin/python3 setup.py egg_info --egg-base ../../build/ms_3 build --build-base /home/student/MSD/packages/build/ms_3/build install --record /home/student/MSD/packages/build/ms_3/install.log --single-version-externally-managed
[0.884s] running egg_info
[0.892s] writing ../../build/ms_3/ms_3.egg-info/PKG-INFO
[0.892s] writing dependency_links to ../../build/ms_3/ms_3.egg-info/dependency_links.txt
[0.900s] writing entry points to ../../build/ms_3/ms_3.egg-info/entry_points.txt
[0.905s] writing requirements to ../../build/ms_3/ms_3.egg-info/requires.txt
[0.905s] writing top-level names to ../../build/ms_3/ms_3.egg-info/top_level.txt
[0.907s] reading manifest file '../../build/ms_3/ms_3.egg-info/SOURCES.txt'
[0.908s] writing manifest file '../../build/ms_3/ms_3.egg-info/SOURCES.txt'
[0.908s] running build
[0.908s] running build_py
[0.908s] running install
[0.908s] /usr/lib/python3/dist-packages/setuptools/command/install.py:34: SetuptoolsDeprecationWarning: setup.py install is deprecated. Use build and pip and other standards-based tools.
[0.908s]   warnings.warn(
[0.908s] running install_lib
[0.909s] running install_data
[0.910s] running install_egg_info
[0.911s] removing '/home/student/MSD/packages/install/ms_3/lib/python3.10/site-packages/ms_3-0.0.1-py3.10.egg-info' (and everything under it)
[0.911s] Copying ../../build/ms_3/ms_3.egg-info to /home/student/MSD/packages/install/ms_3/lib/python3.10/site-packages/ms_3-0.0.1-py3.10.egg-info
[0.911s] running install_scripts
[0.925s] Installing follower script to /home/student/MSD/packages/install/ms_3/lib/ms_3
[0.925s] Installing leader script to /home/student/MSD/packages/install/ms_3/lib/ms_3
[0.925s] Installing milestone_3 script to /home/student/MSD/packages/install/ms_3/lib/ms_3
[0.926s] writing list of installed files to '/home/student/MSD/packages/build/ms_3/install.log'
[0.983s] Invoked command in '/home/student/MSD/packages/src/ms_3' returned '0': PYTHONPATH=/home/student/MSD/packages/build/ms_3/prefix_override:/home/student/MSD/packages/install/ms_3/lib/python3.10/site-packages:${PYTHONPATH} /usr/bin/python3 setup.py egg_info --egg-base ../../build/ms_3 build --build-base /home/student/MSD/packages/build/ms_3/build install --record /home/student/MSD/packages/build/ms_3/install.log --single-version-externally-managed
