running egg_info
creating ../build/turtle_chase/turtle_chase.egg-info
writing ../build/turtle_chase/turtle_chase.egg-info/PKG-INFO
writing dependency_links to ../build/turtle_chase/turtle_chase.egg-info/dependency_links.txt
writing requirements to ../build/turtle_chase/turtle_chase.egg-info/requires.txt
writing top-level names to ../build/turtle_chase/turtle_chase.egg-info/top_level.txt
writing manifest file '../build/turtle_chase/turtle_chase.egg-info/SOURCES.txt'
reading manifest file '../build/turtle_chase/turtle_chase.egg-info/SOURCES.txt'
writing manifest file '../build/turtle_chase/turtle_chase.egg-info/SOURCES.txt'
running build
running build_py
creating /home/gabriel/MSD/MS/milestone3/src/build/turtle_chase/build
creating /home/gabriel/MSD/MS/milestone3/src/build/turtle_chase/build/lib
creating /home/gabriel/MSD/MS/milestone3/src/build/turtle_chase/build/lib/turtle_chase
copying turtle_chase/__init__.py -> /home/gabriel/MSD/MS/milestone3/src/build/turtle_chase/build/lib/turtle_chase
running install
running install_lib
creating /home/gabriel/MSD/MS/milestone3/src/install/turtle_chase/lib/python3.10/site-packages/turtle_chase
copying /home/gabriel/MSD/MS/milestone3/src/build/turtle_chase/build/lib/turtle_chase/__init__.py -> /home/gabriel/MSD/MS/milestone3/src/install/turtle_chase/lib/python3.10/site-packages/turtle_chase
byte-compiling /home/gabriel/MSD/MS/milestone3/src/install/turtle_chase/lib/python3.10/site-packages/turtle_chase/__init__.py to __init__.cpython-310.pyc
running install_data
creating /home/gabriel/MSD/MS/milestone3/src/install/turtle_chase/share/ament_index
creating /home/gabriel/MSD/MS/milestone3/src/install/turtle_chase/share/ament_index/resource_index
creating /home/gabriel/MSD/MS/milestone3/src/install/turtle_chase/share/ament_index/resource_index/packages
copying resource/turtle_chase -> /home/gabriel/MSD/MS/milestone3/src/install/turtle_chase/share/ament_index/resource_index/packages
copying package.xml -> /home/gabriel/MSD/MS/milestone3/src/install/turtle_chase/share/turtle_chase
running install_egg_info
Copying ../build/turtle_chase/turtle_chase.egg-info to /home/gabriel/MSD/MS/milestone3/src/install/turtle_chase/lib/python3.10/site-packages/turtle_chase-0.0.0-py3.10.egg-info
running install_scripts
writing list of installed files to '/home/gabriel/MSD/MS/milestone3/src/build/turtle_chase/install.log'
