[1.159s] Invoking command in '/home/gabriel/MSD/MS/milestone3/src/turtle_chase': PYTHONPATH=/home/gabriel/MSD/MS/milestone3/src/build/turtle_chase/prefix_override:/home/gabriel/MSD/MS/milestone3/src/install/turtle_chase/lib/python3.10/site-packages:${PYTHONPATH} WSLENV=ELECTRON_RUN_AS_NODE/w:JAVA_HOME/p /usr/bin/python3 setup.py egg_info --egg-base ../build/turtle_chase build --build-base /home/gabriel/MSD/MS/milestone3/src/build/turtle_chase/build install --record /home/gabriel/MSD/MS/milestone3/src/build/turtle_chase/install.log --single-version-externally-managed
[1.398s] running egg_info
[1.398s] creating ../build/turtle_chase/turtle_chase.egg-info
[1.416s] writing ../build/turtle_chase/turtle_chase.egg-info/PKG-INFO
[1.417s] writing dependency_links to ../build/turtle_chase/turtle_chase.egg-info/dependency_links.txt
[1.417s] writing requirements to ../build/turtle_chase/turtle_chase.egg-info/requires.txt
[1.417s] writing top-level names to ../build/turtle_chase/turtle_chase.egg-info/top_level.txt
[1.417s] writing manifest file '../build/turtle_chase/turtle_chase.egg-info/SOURCES.txt'
[1.452s] reading manifest file '../build/turtle_chase/turtle_chase.egg-info/SOURCES.txt'
[1.453s] writing manifest file '../build/turtle_chase/turtle_chase.egg-info/SOURCES.txt'
[1.453s] running build
[1.453s] running build_py
[1.453s] creating /home/gabriel/MSD/MS/milestone3/src/build/turtle_chase/build
[1.453s] creating /home/gabriel/MSD/MS/milestone3/src/build/turtle_chase/build/lib
[1.454s] creating /home/gabriel/MSD/MS/milestone3/src/build/turtle_chase/build/lib/turtle_chase
[1.454s] copying turtle_chase/__init__.py -> /home/gabriel/MSD/MS/milestone3/src/build/turtle_chase/build/lib/turtle_chase
[1.454s] running install
[1.454s] /home/gabriel/.local/lib/python3.10/site-packages/setuptools/_distutils/cmd.py:66: SetuptoolsDeprecationWarning: setup.py install is deprecated.
[1.455s] !!
[1.455s] 
[1.455s]         ********************************************************************************
[1.455s]         Please avoid running ``setup.py`` directly.
[1.455s]         Instead, use pypa/build, pypa/installer or other
[1.455s]         standards-based tools.
[1.455s] 
[1.455s]         See https://blog.ganssle.io/articles/2021/10/setup-py-deprecated.html for details.
[1.455s]         ********************************************************************************
[1.455s] 
[1.455s] !!
[1.455s]   self.initialize_options()
[1.459s] running install_lib
[1.476s] creating /home/gabriel/MSD/MS/milestone3/src/install/turtle_chase/lib/python3.10/site-packages/turtle_chase
[1.476s] copying /home/gabriel/MSD/MS/milestone3/src/build/turtle_chase/build/lib/turtle_chase/__init__.py -> /home/gabriel/MSD/MS/milestone3/src/install/turtle_chase/lib/python3.10/site-packages/turtle_chase
[1.476s] byte-compiling /home/gabriel/MSD/MS/milestone3/src/install/turtle_chase/lib/python3.10/site-packages/turtle_chase/__init__.py to __init__.cpython-310.pyc
[1.477s] running install_data
[1.493s] creating /home/gabriel/MSD/MS/milestone3/src/install/turtle_chase/share/ament_index
[1.494s] creating /home/gabriel/MSD/MS/milestone3/src/install/turtle_chase/share/ament_index/resource_index
[1.494s] creating /home/gabriel/MSD/MS/milestone3/src/install/turtle_chase/share/ament_index/resource_index/packages
[1.494s] copying resource/turtle_chase -> /home/gabriel/MSD/MS/milestone3/src/install/turtle_chase/share/ament_index/resource_index/packages
[1.494s] copying package.xml -> /home/gabriel/MSD/MS/milestone3/src/install/turtle_chase/share/turtle_chase
[1.494s] running install_egg_info
[1.512s] Copying ../build/turtle_chase/turtle_chase.egg-info to /home/gabriel/MSD/MS/milestone3/src/install/turtle_chase/lib/python3.10/site-packages/turtle_chase-0.0.0-py3.10.egg-info
[1.513s] running install_scripts
[1.670s] writing list of installed files to '/home/gabriel/MSD/MS/milestone3/src/build/turtle_chase/install.log'
[1.693s] Invoked command in '/home/gabriel/MSD/MS/milestone3/src/turtle_chase' returned '0': PYTHONPATH=/home/gabriel/MSD/MS/milestone3/src/build/turtle_chase/prefix_override:/home/gabriel/MSD/MS/milestone3/src/install/turtle_chase/lib/python3.10/site-packages:${PYTHONPATH} WSLENV=ELECTRON_RUN_AS_NODE/w:JAVA_HOME/p /usr/bin/python3 setup.py egg_info --egg-base ../build/turtle_chase build --build-base /home/gabriel/MSD/MS/milestone3/src/build/turtle_chase/build install --record /home/gabriel/MSD/MS/milestone3/src/build/turtle_chase/install.log --single-version-externally-managed
