running egg_info
writing ../../build/MS_3/MS_3.egg-info/PKG-INFO
writing dependency_links to ../../build/MS_3/MS_3.egg-info/dependency_links.txt
writing entry points to ../../build/MS_3/MS_3.egg-info/entry_points.txt
writing requirements to ../../build/MS_3/MS_3.egg-info/requires.txt
writing top-level names to ../../build/MS_3/MS_3.egg-info/top_level.txt
reading manifest file '../../build/MS_3/MS_3.egg-info/SOURCES.txt'
writing manifest file '../../build/MS_3/MS_3.egg-info/SOURCES.txt'
/usr/lib/python3/dist-packages/setuptools/command/install.py:34: SetuptoolsDeprecationWarning: setup.py install is deprecated. Use build and pip and other standards-based tools.
  warnings.warn(
running build
running build_py
running install
running install_lib
running install_data
running install_egg_info
removing '/home/student/MSD/packages/install/MS_3/lib/python3.10/site-packages/MS_3-0.0.1-py3.10.egg-info' (and everything under it)
Copying ../../build/MS_3/MS_3.egg-info to /home/student/MSD/packages/install/MS_3/lib/python3.10/site-packages/MS_3-0.0.1-py3.10.egg-info
running install_scripts
Installing my_executable script to /home/student/MSD/packages/install/MS_3/lib/MS_3
writing list of installed files to '/home/student/MSD/packages/build/MS_3/install.log'
