running egg_info
creating ../../build/ms_3/ms_3.egg-info
writing ../../build/ms_3/ms_3.egg-info/PKG-INFO
writing dependency_links to ../../build/ms_3/ms_3.egg-info/dependency_links.txt
writing entry points to ../../build/ms_3/ms_3.egg-info/entry_points.txt
writing requirements to ../../build/ms_3/ms_3.egg-info/requires.txt
writing top-level names to ../../build/ms_3/ms_3.egg-info/top_level.txt
writing manifest file '../../build/ms_3/ms_3.egg-info/SOURCES.txt'
reading manifest file '../../build/ms_3/ms_3.egg-info/SOURCES.txt'
writing manifest file '../../build/ms_3/ms_3.egg-info/SOURCES.txt'
running build
running build_py
creating /home/gabriel/MSD/packages/build/ms_3/build
creating /home/gabriel/MSD/packages/build/ms_3/build/lib
creating /home/gabriel/MSD/packages/build/ms_3/build/lib/ms_3
copying ms_3/__init__.py -> /home/gabriel/MSD/packages/build/ms_3/build/lib/ms_3
copying ms_3/milestone_3.py -> /home/gabriel/MSD/packages/build/ms_3/build/lib/ms_3
running install
running install_lib
creating /home/gabriel/MSD/packages/install/ms_3/lib/python3.10/site-packages/ms_3
copying /home/gabriel/MSD/packages/build/ms_3/build/lib/ms_3/__init__.py -> /home/gabriel/MSD/packages/install/ms_3/lib/python3.10/site-packages/ms_3
copying /home/gabriel/MSD/packages/build/ms_3/build/lib/ms_3/milestone_3.py -> /home/gabriel/MSD/packages/install/ms_3/lib/python3.10/site-packages/ms_3
byte-compiling /home/gabriel/MSD/packages/install/ms_3/lib/python3.10/site-packages/ms_3/__init__.py to __init__.cpython-310.pyc
byte-compiling /home/gabriel/MSD/packages/install/ms_3/lib/python3.10/site-packages/ms_3/milestone_3.py to milestone_3.cpython-310.pyc
running install_data
creating /home/gabriel/MSD/packages/install/ms_3/share/ament_index
creating /home/gabriel/MSD/packages/install/ms_3/share/ament_index/resource_index
creating /home/gabriel/MSD/packages/install/ms_3/share/ament_index/resource_index/packages
copying resource/ms_3 -> /home/gabriel/MSD/packages/install/ms_3/share/ament_index/resource_index/packages
copying package.xml -> /home/gabriel/MSD/packages/install/ms_3/share/ms_3
running install_egg_info
Copying ../../build/ms_3/ms_3.egg-info to /home/gabriel/MSD/packages/install/ms_3/lib/python3.10/site-packages/ms_3-0.0.0-py3.10.egg-info
running install_scripts
Installing milestone_3 script to /home/gabriel/MSD/packages/install/ms_3/lib/ms_3
writing list of installed files to '/home/gabriel/MSD/packages/build/ms_3/install.log'
