[1.986s] Invoking command in '/home/gabriel/MSD/packages/src/MS_3': PYTHONPATH=/home/gabriel/MSD/packages/build/MS_3/prefix_override:/home/gabriel/MSD/packages/install/MS_3/lib/python3.10/site-packages:${PYTHONPATH} /usr/bin/python3 setup.py egg_info --egg-base ../../build/MS_3 build --build-base /home/gabriel/MSD/packages/build/MS_3/build install --record /home/gabriel/MSD/packages/build/MS_3/install.log --single-version-externally-managed
[2.314s] running egg_info
[2.315s] creating ../../build/MS_3/MS_3.egg-info
[2.341s] writing ../../build/MS_3/MS_3.egg-info/PKG-INFO
[2.342s] writing dependency_links to ../../build/MS_3/MS_3.egg-info/dependency_links.txt
[2.342s] writing entry points to ../../build/MS_3/MS_3.egg-info/entry_points.txt
[2.342s] writing requirements to ../../build/MS_3/MS_3.egg-info/requires.txt
[2.342s] writing top-level names to ../../build/MS_3/MS_3.egg-info/top_level.txt
[2.342s] writing manifest file '../../build/MS_3/MS_3.egg-info/SOURCES.txt'
[2.388s] reading manifest file '../../build/MS_3/MS_3.egg-info/SOURCES.txt'
[2.389s] writing manifest file '../../build/MS_3/MS_3.egg-info/SOURCES.txt'
[2.389s] running build
[2.389s] running build_py
[2.390s] creating /home/gabriel/MSD/packages/build/MS_3/build
[2.390s] creating /home/gabriel/MSD/packages/build/MS_3/build/lib
[2.390s] creating /home/gabriel/MSD/packages/build/MS_3/build/lib/MS_3
[2.390s] copying MS_3/publisher_template.py -> /home/gabriel/MSD/packages/build/MS_3/build/lib/MS_3
[2.390s] copying MS_3/service_server_template.py -> /home/gabriel/MSD/packages/build/MS_3/build/lib/MS_3
[2.390s] copying MS_3/__init__.py -> /home/gabriel/MSD/packages/build/MS_3/build/lib/MS_3
[2.391s] copying MS_3/subscriber_template.py -> /home/gabriel/MSD/packages/build/MS_3/build/lib/MS_3
[2.391s] running install
[2.392s] /home/gabriel/.local/lib/python3.10/site-packages/setuptools/_distutils/cmd.py:66: SetuptoolsDeprecationWarning: setup.py install is deprecated.
[2.392s] !!
[2.392s] 
[2.392s]         ********************************************************************************
[2.392s]         Please avoid running ``setup.py`` directly.
[2.392s]         Instead, use pypa/build, pypa/installer or other
[2.392s]         standards-based tools.
[2.392s] 
[2.393s]         See https://blog.ganssle.io/articles/2021/10/setup-py-deprecated.html for details.
[2.393s]         ********************************************************************************
[2.393s] 
[2.393s] !!
[2.393s]   self.initialize_options()
[2.397s] running install_lib
[2.417s] creating /home/gabriel/MSD/packages/install/MS_3/lib/python3.10/site-packages/MS_3
[2.417s] copying /home/gabriel/MSD/packages/build/MS_3/build/lib/MS_3/publisher_template.py -> /home/gabriel/MSD/packages/install/MS_3/lib/python3.10/site-packages/MS_3
[2.418s] copying /home/gabriel/MSD/packages/build/MS_3/build/lib/MS_3/service_server_template.py -> /home/gabriel/MSD/packages/install/MS_3/lib/python3.10/site-packages/MS_3
[2.418s] copying /home/gabriel/MSD/packages/build/MS_3/build/lib/MS_3/__init__.py -> /home/gabriel/MSD/packages/install/MS_3/lib/python3.10/site-packages/MS_3
[2.418s] copying /home/gabriel/MSD/packages/build/MS_3/build/lib/MS_3/subscriber_template.py -> /home/gabriel/MSD/packages/install/MS_3/lib/python3.10/site-packages/MS_3
[2.418s] byte-compiling /home/gabriel/MSD/packages/install/MS_3/lib/python3.10/site-packages/MS_3/publisher_template.py to publisher_template.cpython-310.pyc
[2.419s] byte-compiling /home/gabriel/MSD/packages/install/MS_3/lib/python3.10/site-packages/MS_3/service_server_template.py to service_server_template.cpython-310.pyc
[2.420s] byte-compiling /home/gabriel/MSD/packages/install/MS_3/lib/python3.10/site-packages/MS_3/__init__.py to __init__.cpython-310.pyc
[2.420s] byte-compiling /home/gabriel/MSD/packages/install/MS_3/lib/python3.10/site-packages/MS_3/subscriber_template.py to subscriber_template.cpython-310.pyc
[2.420s] running install_data
[2.440s] creating /home/gabriel/MSD/packages/install/MS_3/share/ament_index
[2.440s] creating /home/gabriel/MSD/packages/install/MS_3/share/ament_index/resource_index
[2.441s] creating /home/gabriel/MSD/packages/install/MS_3/share/ament_index/resource_index/packages
[2.441s] copying resource/MS_3 -> /home/gabriel/MSD/packages/install/MS_3/share/ament_index/resource_index/packages
[2.441s] copying package.xml -> /home/gabriel/MSD/packages/install/MS_3/share/MS_3
[2.441s] running install_egg_info
[2.461s] Copying ../../build/MS_3/MS_3.egg-info to /home/gabriel/MSD/packages/install/MS_3/lib/python3.10/site-packages/MS_3-0.0.1-py3.10.egg-info
[2.462s] running install_scripts
[2.625s] Installing my_executable script to /home/gabriel/MSD/packages/install/MS_3/lib/MS_3
[2.626s] writing list of installed files to '/home/gabriel/MSD/packages/build/MS_3/install.log'
[2.669s] Invoked command in '/home/gabriel/MSD/packages/src/MS_3' returned '0': PYTHONPATH=/home/gabriel/MSD/packages/build/MS_3/prefix_override:/home/gabriel/MSD/packages/install/MS_3/lib/python3.10/site-packages:${PYTHONPATH} /usr/bin/python3 setup.py egg_info --egg-base ../../build/MS_3 build --build-base /home/gabriel/MSD/packages/build/MS_3/build install --record /home/gabriel/MSD/packages/build/MS_3/install.log --single-version-externally-managed
