[1.326s] DEBUG:colcon:Command line arguments: ['/usr/bin/colcon', 'build']
[1.326s] DEBUG:colcon:Parsed command line arguments: Namespace(log_base=None, log_level=None, verb_name='build', build_base='build', install_base='install', merge_install=False, symlink_install=False, test_result_base=None, continue_on_error=False, executor='parallel', parallel_workers=6, event_handlers=None, ignore_user_meta=False, metas=['./colcon.meta'], base_paths=['.'], packages_ignore=None, packages_ignore_regex=None, paths=None, packages_up_to=None, packages_up_to_regex=None, packages_above=None, packages_above_and_dependencies=None, packages_above_depth=None, packages_select_by_dep=None, packages_skip_by_dep=None, packages_skip_up_to=None, packages_select_build_failed=False, packages_skip_build_finished=False, packages_select_test_failures=False, packages_skip_test_passed=False, packages_select=None, packages_skip=None, packages_select_regex=None, packages_skip_regex=None, packages_start=None, packages_end=None, allow_overriding=[], cmake_args=None, cmake_target=None, cmake_target_skip_unavailable=False, cmake_clean_cache=False, cmake_clean_first=False, cmake_force_configure=False, ament_cmake_args=None, catkin_cmake_args=None, catkin_skip_building_tests=False, verb_parser=<colcon_defaults.argument_parser.defaults.DefaultArgumentsDecorator object at 0x7f2556f646d0>, verb_extension=<colcon_core.verb.build.BuildVerb object at 0x7f2556f64280>, main=<bound method BuildVerb.main of <colcon_core.verb.build.BuildVerb object at 0x7f2556f64280>>)
[1.385s] Level 1:colcon.colcon_core.package_discovery:discover_packages(colcon_meta) check parameters
[1.385s] Level 1:colcon.colcon_core.package_discovery:discover_packages(recursive) check parameters
[1.385s] Level 1:colcon.colcon_core.package_discovery:discover_packages(ignore) check parameters
[1.385s] Level 1:colcon.colcon_core.package_discovery:discover_packages(path) check parameters
[1.385s] Level 1:colcon.colcon_core.package_discovery:discover_packages(colcon_meta) discover
[1.385s] Level 1:colcon.colcon_core.package_discovery:discover_packages(recursive) discover
[1.385s] INFO:colcon.colcon_core.package_discovery:Crawling recursively for packages in '/home/gabriel/MSD/MS/milestone3/src'
[1.385s] Level 1:colcon.colcon_core.package_identification:_identify(.) by extensions ['ignore', 'ignore_ament_install']
[1.385s] Level 1:colcon.colcon_core.package_identification:_identify(.) by extension 'ignore'
[1.385s] Level 1:colcon.colcon_core.package_identification:_identify(.) by extension 'ignore_ament_install'
[1.385s] Level 1:colcon.colcon_core.package_identification:_identify(.) by extensions ['colcon_pkg']
[1.385s] Level 1:colcon.colcon_core.package_identification:_identify(.) by extension 'colcon_pkg'
[1.385s] Level 1:colcon.colcon_core.package_identification:_identify(.) by extensions ['colcon_meta']
[1.386s] Level 1:colcon.colcon_core.package_identification:_identify(.) by extension 'colcon_meta'
[1.386s] Level 1:colcon.colcon_core.package_identification:_identify(.) by extensions ['ros']
[1.386s] Level 1:colcon.colcon_core.package_identification:_identify(.) by extension 'ros'
[1.398s] Level 1:colcon.colcon_core.package_identification:_identify(.) by extensions ['cmake', 'python']
[1.398s] Level 1:colcon.colcon_core.package_identification:_identify(.) by extension 'cmake'
[1.398s] Level 1:colcon.colcon_core.package_identification:_identify(.) by extension 'python'
[1.398s] Level 1:colcon.colcon_core.package_identification:_identify(.) by extensions ['python_setup_py']
[1.398s] Level 1:colcon.colcon_core.package_identification:_identify(.) by extension 'python_setup_py'
[1.399s] Level 1:colcon.colcon_core.package_identification:_identify(build) by extensions ['ignore', 'ignore_ament_install']
[1.399s] Level 1:colcon.colcon_core.package_identification:_identify(build) by extension 'ignore'
[1.399s] Level 1:colcon.colcon_core.package_identification:_identify(build) ignored
[1.399s] Level 1:colcon.colcon_core.package_identification:_identify(install) by extensions ['ignore', 'ignore_ament_install']
[1.399s] Level 1:colcon.colcon_core.package_identification:_identify(install) by extension 'ignore'
[1.399s] Level 1:colcon.colcon_core.package_identification:_identify(install) ignored
[1.399s] Level 1:colcon.colcon_core.package_identification:_identify(log) by extensions ['ignore', 'ignore_ament_install']
[1.399s] Level 1:colcon.colcon_core.package_identification:_identify(log) by extension 'ignore'
[1.399s] Level 1:colcon.colcon_core.package_identification:_identify(log) ignored
[1.399s] Level 1:colcon.colcon_core.package_identification:_identify(turtle_chase) by extensions ['ignore', 'ignore_ament_install']
[1.399s] Level 1:colcon.colcon_core.package_identification:_identify(turtle_chase) by extension 'ignore'
[1.399s] Level 1:colcon.colcon_core.package_identification:_identify(turtle_chase) by extension 'ignore_ament_install'
[1.399s] Level 1:colcon.colcon_core.package_identification:_identify(turtle_chase) by extensions ['colcon_pkg']
[1.399s] Level 1:colcon.colcon_core.package_identification:_identify(turtle_chase) by extension 'colcon_pkg'
[1.400s] Level 1:colcon.colcon_core.package_identification:_identify(turtle_chase) by extensions ['colcon_meta']
[1.400s] Level 1:colcon.colcon_core.package_identification:_identify(turtle_chase) by extension 'colcon_meta'
[1.400s] Level 1:colcon.colcon_core.package_identification:_identify(turtle_chase) by extensions ['ros']
[1.400s] Level 1:colcon.colcon_core.package_identification:_identify(turtle_chase) by extension 'ros'
[1.402s] DEBUG:colcon.colcon_core.package_identification:Package 'turtle_chase' with type 'ros.ament_python' and name 'turtle_chase'
[1.402s] Level 1:colcon.colcon_core.package_discovery:discover_packages(recursive) using defaults
[1.402s] Level 1:colcon.colcon_core.package_discovery:discover_packages(ignore) discover
[1.402s] Level 1:colcon.colcon_core.package_discovery:discover_packages(ignore) using defaults
[1.402s] Level 1:colcon.colcon_core.package_discovery:discover_packages(path) discover
[1.402s] Level 1:colcon.colcon_core.package_discovery:discover_packages(path) using defaults
[1.504s] Level 1:colcon.colcon_core.package_discovery:discover_packages(prefix_path) check parameters
[1.504s] Level 1:colcon.colcon_core.package_discovery:discover_packages(prefix_path) discover
[1.538s] DEBUG:colcon.colcon_installed_package_information.package_discovery:Found 2 installed packages in /home/gabriel/MSD/packages/install
[1.555s] DEBUG:colcon.colcon_installed_package_information.package_discovery:Found 4 installed packages in /home/gabriel/microros_ws/install
[1.573s] DEBUG:colcon.colcon_installed_package_information.package_discovery:Found 323 installed packages in /opt/ros/humble
[1.575s] Level 1:colcon.colcon_core.package_discovery:discover_packages(prefix_path) using defaults
[1.660s] Level 5:colcon.colcon_core.verb:set package 'turtle_chase' build argument 'cmake_args' from command line to 'None'
[1.660s] Level 5:colcon.colcon_core.verb:set package 'turtle_chase' build argument 'cmake_target' from command line to 'None'
[1.660s] Level 5:colcon.colcon_core.verb:set package 'turtle_chase' build argument 'cmake_target_skip_unavailable' from command line to 'False'
[1.660s] Level 5:colcon.colcon_core.verb:set package 'turtle_chase' build argument 'cmake_clean_cache' from command line to 'False'
[1.660s] Level 5:colcon.colcon_core.verb:set package 'turtle_chase' build argument 'cmake_clean_first' from command line to 'False'
[1.660s] Level 5:colcon.colcon_core.verb:set package 'turtle_chase' build argument 'cmake_force_configure' from command line to 'False'
[1.660s] Level 5:colcon.colcon_core.verb:set package 'turtle_chase' build argument 'ament_cmake_args' from command line to 'None'
[1.660s] Level 5:colcon.colcon_core.verb:set package 'turtle_chase' build argument 'catkin_cmake_args' from command line to 'None'
[1.660s] Level 5:colcon.colcon_core.verb:set package 'turtle_chase' build argument 'catkin_skip_building_tests' from command line to 'False'
[1.660s] DEBUG:colcon.colcon_core.verb:Building package 'turtle_chase' with the following arguments: {'ament_cmake_args': None, 'build_base': '/home/gabriel/MSD/MS/milestone3/src/build/turtle_chase', 'catkin_cmake_args': None, 'catkin_skip_building_tests': False, 'cmake_args': None, 'cmake_clean_cache': False, 'cmake_clean_first': False, 'cmake_force_configure': False, 'cmake_target': None, 'cmake_target_skip_unavailable': False, 'install_base': '/home/gabriel/MSD/MS/milestone3/src/install/turtle_chase', 'merge_install': False, 'path': '/home/gabriel/MSD/MS/milestone3/src/turtle_chase', 'symlink_install': False, 'test_result_base': None}
[1.686s] INFO:colcon.colcon_core.executor:Executing jobs using 'parallel' executor
[1.703s] DEBUG:colcon.colcon_parallel_executor.executor.parallel:run_until_complete
[1.703s] INFO:colcon.colcon_ros.task.ament_python.build:Building ROS package in '/home/gabriel/MSD/MS/milestone3/src/turtle_chase' with build type 'ament_python'
[1.704s] Level 1:colcon.colcon_core.shell:create_environment_hook('turtle_chase', 'ament_prefix_path')
[1.725s] INFO:colcon.colcon_core.plugin_system:Skipping extension 'colcon_core.shell.bat': Not used on non-Windows systems
[1.725s] INFO:colcon.colcon_core.shell:Creating environment hook '/home/gabriel/MSD/MS/milestone3/src/install/turtle_chase/share/turtle_chase/hook/ament_prefix_path.ps1'
[1.726s] INFO:colcon.colcon_core.shell:Creating environment descriptor '/home/gabriel/MSD/MS/milestone3/src/install/turtle_chase/share/turtle_chase/hook/ament_prefix_path.dsv'
[1.727s] INFO:colcon.colcon_core.shell:Creating environment hook '/home/gabriel/MSD/MS/milestone3/src/install/turtle_chase/share/turtle_chase/hook/ament_prefix_path.sh'
[1.745s] INFO:colcon.colcon_core.shell:Skip shell extension 'powershell' for command environment: Not usable outside of PowerShell
[1.745s] DEBUG:colcon.colcon_core.shell:Skip shell extension 'dsv' for command environment
[2.032s] INFO:colcon.colcon_core.task.python.build:Building Python package in '/home/gabriel/MSD/MS/milestone3/src/turtle_chase'
[2.049s] INFO:colcon.colcon_core.shell:Skip shell extension 'powershell' for command environment: Not usable outside of PowerShell
[2.049s] DEBUG:colcon.colcon_core.shell:Skip shell extension 'dsv' for command environment
[2.864s] DEBUG:colcon.colcon_core.event_handler.log_command:Invoking command in '/home/gabriel/MSD/MS/milestone3/src/turtle_chase': PYTHONPATH=/home/gabriel/MSD/MS/milestone3/src/build/turtle_chase/prefix_override:/home/gabriel/MSD/MS/milestone3/src/install/turtle_chase/lib/python3.10/site-packages:${PYTHONPATH} WSLENV=ELECTRON_RUN_AS_NODE/w:JAVA_HOME/p /usr/bin/python3 setup.py egg_info --egg-base ../build/turtle_chase build --build-base /home/gabriel/MSD/MS/milestone3/src/build/turtle_chase/build install --record /home/gabriel/MSD/MS/milestone3/src/build/turtle_chase/install.log --single-version-externally-managed
[3.399s] DEBUG:colcon.colcon_core.event_handler.log_command:Invoked command in '/home/gabriel/MSD/MS/milestone3/src/turtle_chase' returned '0': PYTHONPATH=/home/gabriel/MSD/MS/milestone3/src/build/turtle_chase/prefix_override:/home/gabriel/MSD/MS/milestone3/src/install/turtle_chase/lib/python3.10/site-packages:${PYTHONPATH} WSLENV=ELECTRON_RUN_AS_NODE/w:JAVA_HOME/p /usr/bin/python3 setup.py egg_info --egg-base ../build/turtle_chase build --build-base /home/gabriel/MSD/MS/milestone3/src/build/turtle_chase/build install --record /home/gabriel/MSD/MS/milestone3/src/build/turtle_chase/install.log --single-version-externally-managed
[3.417s] Level 1:colcon.colcon_core.environment:checking '/home/gabriel/MSD/MS/milestone3/src/install/turtle_chase' for CMake module files
[3.418s] Level 1:colcon.colcon_core.environment:checking '/home/gabriel/MSD/MS/milestone3/src/install/turtle_chase' for CMake config files
[3.418s] Level 1:colcon.colcon_core.environment:checking '/home/gabriel/MSD/MS/milestone3/src/install/turtle_chase/lib'
[3.418s] Level 1:colcon.colcon_core.environment:checking '/home/gabriel/MSD/MS/milestone3/src/install/turtle_chase/bin'
[3.419s] Level 1:colcon.colcon_core.environment:checking '/home/gabriel/MSD/MS/milestone3/src/install/turtle_chase/lib/pkgconfig/turtle_chase.pc'
[3.419s] Level 1:colcon.colcon_core.environment:checking '/home/gabriel/MSD/MS/milestone3/src/install/turtle_chase/lib/python3.10/site-packages'
[3.419s] Level 1:colcon.colcon_core.shell:create_environment_hook('turtle_chase', 'pythonpath')
[3.436s] INFO:colcon.colcon_core.shell:Creating environment hook '/home/gabriel/MSD/MS/milestone3/src/install/turtle_chase/share/turtle_chase/hook/pythonpath.ps1'
[3.436s] INFO:colcon.colcon_core.shell:Creating environment descriptor '/home/gabriel/MSD/MS/milestone3/src/install/turtle_chase/share/turtle_chase/hook/pythonpath.dsv'
[3.437s] INFO:colcon.colcon_core.shell:Creating environment hook '/home/gabriel/MSD/MS/milestone3/src/install/turtle_chase/share/turtle_chase/hook/pythonpath.sh'
[3.437s] Level 1:colcon.colcon_core.environment:checking '/home/gabriel/MSD/MS/milestone3/src/install/turtle_chase/bin'
[3.437s] Level 1:colcon.colcon_core.environment:create_environment_scripts_only(turtle_chase)
[3.454s] INFO:colcon.colcon_core.shell:Creating package script '/home/gabriel/MSD/MS/milestone3/src/install/turtle_chase/share/turtle_chase/package.ps1'
[3.455s] INFO:colcon.colcon_core.shell:Creating package descriptor '/home/gabriel/MSD/MS/milestone3/src/install/turtle_chase/share/turtle_chase/package.dsv'
[3.455s] INFO:colcon.colcon_core.shell:Creating package script '/home/gabriel/MSD/MS/milestone3/src/install/turtle_chase/share/turtle_chase/package.sh'
[3.456s] INFO:colcon.colcon_core.shell:Creating package script '/home/gabriel/MSD/MS/milestone3/src/install/turtle_chase/share/turtle_chase/package.bash'
[3.457s] INFO:colcon.colcon_core.shell:Creating package script '/home/gabriel/MSD/MS/milestone3/src/install/turtle_chase/share/turtle_chase/package.zsh'
[3.457s] Level 1:colcon.colcon_core.environment:create_file_with_runtime_dependencies(/home/gabriel/MSD/MS/milestone3/src/install/turtle_chase/share/colcon-core/packages/turtle_chase)
[3.458s] DEBUG:colcon.colcon_parallel_executor.executor.parallel:closing loop
[3.458s] DEBUG:colcon.colcon_parallel_executor.executor.parallel:loop closed
[3.459s] DEBUG:colcon.colcon_parallel_executor.executor.parallel:run_until_complete finished with '0'
[3.459s] DEBUG:colcon.colcon_core.event_reactor:joining thread
[3.630s] INFO:colcon.colcon_core.plugin_system:Skipping extension 'colcon_notification.desktop_notification.notify_send': Could not find 'notify-send'
[3.630s] INFO:colcon.colcon_core.plugin_system:Skipping extension 'colcon_notification.desktop_notification.terminal_notifier': Not used on non-Darwin systems
[3.630s] INFO:colcon.colcon_core.plugin_system:Skipping extension 'colcon_notification.desktop_notification.win32': Not used on non-Windows systems
[3.630s] INFO:colcon.colcon_notification.desktop_notification:Sending desktop notification using 'notify2'
[3.631s] DEBUG:colcon.colcon_notification.desktop_notification.notify2:Failed to initialize notify2: org.freedesktop.DBus.Error.FileNotFound: Failed to connect to socket /run/user/1000/bus: No such file or directory
[3.631s] DEBUG:colcon.colcon_core.event_reactor:joined thread
[3.648s] INFO:colcon.colcon_core.shell:Creating prefix script '/home/gabriel/MSD/MS/milestone3/src/install/local_setup.ps1'
[3.649s] INFO:colcon.colcon_core.shell:Creating prefix util module '/home/gabriel/MSD/MS/milestone3/src/install/_local_setup_util_ps1.py'
[3.650s] INFO:colcon.colcon_core.shell:Creating prefix chain script '/home/gabriel/MSD/MS/milestone3/src/install/setup.ps1'
[3.667s] INFO:colcon.colcon_core.shell:Creating prefix script '/home/gabriel/MSD/MS/milestone3/src/install/local_setup.sh'
[3.667s] INFO:colcon.colcon_core.shell:Creating prefix util module '/home/gabriel/MSD/MS/milestone3/src/install/_local_setup_util_sh.py'
[3.668s] INFO:colcon.colcon_core.shell:Creating prefix chain script '/home/gabriel/MSD/MS/milestone3/src/install/setup.sh'
[3.685s] INFO:colcon.colcon_core.shell:Creating prefix script '/home/gabriel/MSD/MS/milestone3/src/install/local_setup.bash'
[3.686s] INFO:colcon.colcon_core.shell:Creating prefix chain script '/home/gabriel/MSD/MS/milestone3/src/install/setup.bash'
[3.703s] INFO:colcon.colcon_core.shell:Creating prefix script '/home/gabriel/MSD/MS/milestone3/src/install/local_setup.zsh'
[3.703s] INFO:colcon.colcon_core.shell:Creating prefix chain script '/home/gabriel/MSD/MS/milestone3/src/install/setup.zsh'
